[roslaunch][INFO] 2015-10-27 16:38:24,311: Checking log directory for disk usage. This may take awhile.
Press Ctrl-C to interrupt
[roslaunch][INFO] 2015-10-27 16:38:24,330: Done checking log file disk usage. Usage is <1GB.
[roslaunch][INFO] 2015-10-27 16:38:24,331: roslaunch starting with args ['roscore', '--core']
[roslaunch][INFO] 2015-10-27 16:38:24,333: roslaunch env is {'ROS_DISTRO': 'indigo', 'SSH_CLIENT': '192.168.1.39 52901 22', 'CPATH': '/home/erle/ros_catkin_ws/install_isolated/include', 'LOGNAME': 'erle', 'USER': 'erle', 'HOME': '/home/erle', 'PATH': '/home/erle/ros_catkin_ws/install_isolated/bin:/usr/local/sbin:/usr/local/bin:/usr/sbin:/usr/bin:/sbin:/bin:/usr/local/games:/usr/games', 'CMAKE_PREFIX_PATH': '/home/erle/ros_catkin_ws/install_isolated', 'LD_LIBRARY_PATH': '/home/erle/ros_catkin_ws/install_isolated/lib:/home/erle/ros_catkin_ws/install_isolated/lib/arm-linux-gnueabihf', 'LANG': 'en_GB.UTF-8', 'TERM': 'xterm-color', 'SHELL': '/bin/bash', 'SHLVL': '1', 'ROS_LOG_FILENAME': '/home/erle/.ros/log/2424f224-7cc9-11e5-bf52-b827eb22b675/roslaunch-erle-brain-2-23273.log', 'ROS_ETC_DIR': '/home/erle/ros_catkin_ws/install_isolated/etc/ros', 'XDG_RUNTIME_DIR': '/run/user/1001', 'PYTHONPATH': '/home/erle/ros_catkin_ws/install_isolated/lib/python2.7/dist-packages', 'ROS_ROOT': '/home/erle/ros_catkin_ws/install_isolated/share/ros', 'PKG_CONFIG_PATH': '/home/erle/ros_catkin_ws/install_isolated/lib/pkgconfig:/home/erle/ros_catkin_ws/install_isolated/lib/arm-linux-gnueabihf/pkgconfig', 'ROS_PACKAGE_PATH': '/home/erle/ros_catkin_ws/install_isolated/share:/home/erle/ros_catkin_ws/install_isolated/stacks', 'XDG_SESSION_ID': 'c3', '_': '/home/erle/ros_catkin_ws/install_isolated/bin/roscore', 'SSH_CONNECTION': '192.168.1.39 52901 192.168.1.54 22', 'SSH_TTY': '/dev/pts/0', 'OLDPWD': '/', 'ROSLISP_PACKAGE_DIRECTORIES': '', 'PWD': '/home/erle', 'ROS_MASTER_URI': 'http://localhost:11311', 'MAIL': '/var/mail/erle', 'LS_COLORS': 'rs=0:di=01;34:ln=01;36:mh=00:pi=40;33:so=01;35:do=01;35:bd=40;33;01:cd=40;33;01:or=40;31;01:su=37;41:sg=30;43:ca=30;41:tw=30;42:ow=34;42:st=37;44:ex=01;32:*.tar=01;31:*.tgz=01;31:*.arc=01;31:*.arj=01;31:*.taz=01;31:*.lha=01;31:*.lz4=01;31:*.lzh=01;31:*.lzma=01;31:*.tlz=01;31:*.txz=01;31:*.tzo=01;31:*.t7z=01;31:*.zip=01;31:*.z=01;31:*.Z=01;31:*.dz=01;31:*.gz=01;31:*.lrz=01;31:*.lz=01;31:*.lzo=01;31:*.xz=01;31:*.bz2=01;31:*.bz=01;31:*.tbz=01;31:*.tbz2=01;31:*.tz=01;31:*.deb=01;31:*.rpm=01;31:*.jar=01;31:*.war=01;31:*.ear=01;31:*.sar=01;31:*.rar=01;31:*.alz=01;31:*.ace=01;31:*.zoo=01;31:*.cpio=01;31:*.7z=01;31:*.rz=01;31:*.cab=01;31:*.jpg=01;35:*.jpeg=01;35:*.gif=01;35:*.bmp=01;35:*.pbm=01;35:*.pgm=01;35:*.ppm=01;35:*.tga=01;35:*.xbm=01;35:*.xpm=01;35:*.tif=01;35:*.tiff=01;35:*.png=01;35:*.svg=01;35:*.svgz=01;35:*.mng=01;35:*.pcx=01;35:*.mov=01;35:*.mpg=01;35:*.mpeg=01;35:*.m2v=01;35:*.mkv=01;35:*.webm=01;35:*.ogm=01;35:*.mp4=01;35:*.m4v=01;35:*.mp4v=01;35:*.vob=01;35:*.qt=01;35:*.nuv=01;35:*.wmv=01;35:*.asf=01;35:*.rm=01;35:*.rmvb=01;35:*.flc=01;35:*.avi=01;35:*.fli=01;35:*.flv=01;35:*.gl=01;35:*.dl=01;35:*.xcf=01;35:*.xwd=01;35:*.yuv=01;35:*.cgm=01;35:*.emf=01;35:*.axv=01;35:*.anx=01;35:*.ogv=01;35:*.ogx=01;35:*.aac=00;36:*.au=00;36:*.flac=00;36:*.m4a=00;36:*.mid=00;36:*.midi=00;36:*.mka=00;36:*.mp3=00;36:*.mpc=00;36:*.ogg=00;36:*.ra=00;36:*.wav=00;36:*.axa=00;36:*.oga=00;36:*.spx=00;36:*.xspf=00;36:'}
[roslaunch][INFO] 2015-10-27 16:38:24,334: starting in server mode
[roslaunch.parent][INFO] 2015-10-27 16:38:24,335: starting roslaunch parent run
[roslaunch][INFO] 2015-10-27 16:38:24,336: loading roscore config file /home/erle/ros_catkin_ws/install_isolated/etc/ros/roscore.xml
[roslaunch][INFO] 2015-10-27 16:38:24,884: Added core node of type [rosout/rosout] in namespace [/]
[roslaunch.pmon][INFO] 2015-10-27 16:38:24,885: start_process_monitor: creating ProcessMonitor
[roslaunch.pmon][INFO] 2015-10-27 16:38:24,886: created process monitor <ProcessMonitor(ProcessMonitor-1, initial daemon)>
[roslaunch.pmon][INFO] 2015-10-27 16:38:24,888: start_process_monitor: ProcessMonitor started
[roslaunch.parent][INFO] 2015-10-27 16:38:24,889: starting parent XML-RPC server
[roslaunch.server][INFO] 2015-10-27 16:38:24,890: starting roslaunch XML-RPC server
[roslaunch.server][INFO] 2015-10-27 16:38:24,890: waiting for roslaunch XML-RPC server to initialize
[xmlrpc][INFO] 2015-10-27 16:38:24,891: XML-RPC server binding to 0.0.0.0:0
[xmlrpc][INFO] 2015-10-27 16:38:24,894: Started XML-RPC server [http://erle-brain-2:37164/]
[xmlrpc][INFO] 2015-10-27 16:38:24,895: xml rpc node: starting XML-RPC server
[roslaunch][INFO] 2015-10-27 16:38:24,912: started roslaunch server http://erle-brain-2:37164/
[roslaunch.parent][INFO] 2015-10-27 16:38:24,913: ... parent XML-RPC server started
[roslaunch][INFO] 2015-10-27 16:38:24,915: master.is_running[http://erle-brain-2:11311/]
[roslaunch][INFO] 2015-10-27 16:38:24,923: auto-starting new master
[roslaunch][INFO] 2015-10-27 16:38:24,924: create_master_process: rosmaster, /home/erle/ros_catkin_ws/install_isolated/share/ros, 11311
[roslaunch][INFO] 2015-10-27 16:38:24,925: process[master]: launching with args [['rosmaster', '--core', '-p', '11311']]
[roslaunch.pmon][INFO] 2015-10-27 16:38:24,926: ProcessMonitor.register[master]
[roslaunch.pmon][INFO] 2015-10-27 16:38:24,927: ProcessMonitor.register[master] complete
[roslaunch][INFO] 2015-10-27 16:38:24,928: process[master]: starting os process
[roslaunch][INFO] 2015-10-27 16:38:24,929: process[master]: start w/ args [['rosmaster', '--core', '-p', '11311', '__log:=/home/erle/.ros/log/2424f224-7cc9-11e5-bf52-b827eb22b675/master.log']]
[roslaunch][INFO] 2015-10-27 16:38:24,929: process[master]: cwd will be [/home/erle/.ros]
[roslaunch][INFO] 2015-10-27 16:38:24,989: process[master]: started with pid [23284]
[roslaunch][INFO] 2015-10-27 16:38:24,991: master.is_running[http://erle-brain-2:11311/]
[roslaunch][INFO] 2015-10-27 16:38:25,095: master.is_running[http://erle-brain-2:11311/]
[roslaunch][INFO] 2015-10-27 16:38:25,198: master.is_running[http://erle-brain-2:11311/]
[roslaunch][INFO] 2015-10-27 16:38:25,302: master.is_running[http://erle-brain-2:11311/]
[roslaunch][INFO] 2015-10-27 16:38:25,405: master.is_running[http://erle-brain-2:11311/]
[roslaunch][INFO] 2015-10-27 16:38:25,509: master.is_running[http://erle-brain-2:11311/]
[roslaunch][INFO] 2015-10-27 16:38:25,612: master.is_running[http://erle-brain-2:11311/]
[roslaunch][INFO] 2015-10-27 16:38:25,715: master.is_running[http://erle-brain-2:11311/]
[roslaunch][INFO] 2015-10-27 16:38:25,819: master.is_running[http://erle-brain-2:11311/]
[roslaunch][INFO] 2015-10-27 16:38:25,922: master.is_running[http://erle-brain-2:11311/]
[roslaunch][INFO] 2015-10-27 16:38:26,026: master.is_running[http://erle-brain-2:11311/]
[roslaunch][INFO] 2015-10-27 16:38:26,037: master.is_running[http://erle-brain-2:11311/]
[roslaunch][INFO] 2015-10-27 16:38:26,046: ROS_MASTER_URI=http://erle-brain-2:11311/
[roslaunch][INFO] 2015-10-27 16:38:26,055: setting /run_id to 2424f224-7cc9-11e5-bf52-b827eb22b675
[roslaunch][INFO] 2015-10-27 16:38:26,068: setting /roslaunch/uris/host_erle_brain_2__37164' to http://erle-brain-2:37164/
[roslaunch][INFO] 2015-10-27 16:38:26,085: ... preparing to launch node of type [rosout/rosout]
[roslaunch][INFO] 2015-10-27 16:38:26,086: create_node_process: package[rosout] type[rosout] machine[Machine(name[] env_loader[None] address[localhost] ssh_port[22] user[None] assignable[True] timeout[10.0])] master_uri[http://erle-brain-2:11311/]
[roslaunch][INFO] 2015-10-27 16:38:26,088: process[rosout-1]: env[{'ROS_DISTRO': 'indigo', 'SSH_CLIENT': '192.168.1.39 52901 22', 'CPATH': '/home/erle/ros_catkin_ws/install_isolated/include', 'LOGNAME': 'erle', 'USER': 'erle', 'HOME': '/home/erle', 'PATH': '/home/erle/ros_catkin_ws/install_isolated/bin:/usr/local/sbin:/usr/local/bin:/usr/sbin:/usr/bin:/sbin:/bin:/usr/local/games:/usr/games', 'CMAKE_PREFIX_PATH': '/home/erle/ros_catkin_ws/install_isolated', 'ROS_LOG_FILENAME': '/home/erle/.ros/log/2424f224-7cc9-11e5-bf52-b827eb22b675/roslaunch-erle-brain-2-23273.log', 'LANG': 'en_GB.UTF-8', 'TERM': 'xterm-color', 'SHELL': '/bin/bash', 'SHLVL': '1', 'LD_LIBRARY_PATH': '/home/erle/ros_catkin_ws/install_isolated/lib:/home/erle/ros_catkin_ws/install_isolated/lib/arm-linux-gnueabihf', 'ROS_MASTER_URI': 'http://erle-brain-2:11311/', 'XDG_RUNTIME_DIR': '/run/user/1001', 'PYTHONPATH': '/home/erle/ros_catkin_ws/install_isolated/lib/python2.7/dist-packages', 'ROS_ROOT': '/home/erle/ros_catkin_ws/install_isolated/share/ros', 'PKG_CONFIG_PATH': '/home/erle/ros_catkin_ws/install_isolated/lib/pkgconfig:/home/erle/ros_catkin_ws/install_isolated/lib/arm-linux-gnueabihf/pkgconfig', 'ROS_PACKAGE_PATH': '/home/erle/ros_catkin_ws/install_isolated/share:/home/erle/ros_catkin_ws/install_isolated/stacks', 'XDG_SESSION_ID': 'c3', '_': '/home/erle/ros_catkin_ws/install_isolated/bin/roscore', 'LS_COLORS': 'rs=0:di=01;34:ln=01;36:mh=00:pi=40;33:so=01;35:do=01;35:bd=40;33;01:cd=40;33;01:or=40;31;01:su=37;41:sg=30;43:ca=30;41:tw=30;42:ow=34;42:st=37;44:ex=01;32:*.tar=01;31:*.tgz=01;31:*.arc=01;31:*.arj=01;31:*.taz=01;31:*.lha=01;31:*.lz4=01;31:*.lzh=01;31:*.lzma=01;31:*.tlz=01;31:*.txz=01;31:*.tzo=01;31:*.t7z=01;31:*.zip=01;31:*.z=01;31:*.Z=01;31:*.dz=01;31:*.gz=01;31:*.lrz=01;31:*.lz=01;31:*.lzo=01;31:*.xz=01;31:*.bz2=01;31:*.bz=01;31:*.tbz=01;31:*.tbz2=01;31:*.tz=01;31:*.deb=01;31:*.rpm=01;31:*.jar=01;31:*.war=01;31:*.ear=01;31:*.sar=01;31:*.rar=01;31:*.alz=01;31:*.ace=01;31:*.zoo=01;31:*.cpio=01;31:*.7z=01;31:*.rz=01;31:*.cab=01;31:*.jpg=01;35:*.jpeg=01;35:*.gif=01;35:*.bmp=01;35:*.pbm=01;35:*.pgm=01;35:*.ppm=01;35:*.tga=01;35:*.xbm=01;35:*.xpm=01;35:*.tif=01;35:*.tiff=01;35:*.png=01;35:*.svg=01;35:*.svgz=01;35:*.mng=01;35:*.pcx=01;35:*.mov=01;35:*.mpg=01;35:*.mpeg=01;35:*.m2v=01;35:*.mkv=01;35:*.webm=01;35:*.ogm=01;35:*.mp4=01;35:*.m4v=01;35:*.mp4v=01;35:*.vob=01;35:*.qt=01;35:*.nuv=01;35:*.wmv=01;35:*.asf=01;35:*.rm=01;35:*.rmvb=01;35:*.flc=01;35:*.avi=01;35:*.fli=01;35:*.flv=01;35:*.gl=01;35:*.dl=01;35:*.xcf=01;35:*.xwd=01;35:*.yuv=01;35:*.cgm=01;35:*.emf=01;35:*.axv=01;35:*.anx=01;35:*.ogv=01;35:*.ogx=01;35:*.aac=00;36:*.au=00;36:*.flac=00;36:*.m4a=00;36:*.mid=00;36:*.midi=00;36:*.mka=00;36:*.mp3=00;36:*.mpc=00;36:*.ogg=00;36:*.ra=00;36:*.wav=00;36:*.axa=00;36:*.oga=00;36:*.spx=00;36:*.xspf=00;36:', 'SSH_TTY': '/dev/pts/0', 'OLDPWD': '/', 'ROSLISP_PACKAGE_DIRECTORIES': '', 'PWD': '/home/erle', 'ROS_ETC_DIR': '/home/erle/ros_catkin_ws/install_isolated/etc/ros', 'MAIL': '/var/mail/erle', 'SSH_CONNECTION': '192.168.1.39 52901 192.168.1.54 22'}]
[roslaunch][INFO] 2015-10-27 16:38:26,172: process[rosout-1]: args[[u'/home/erle/ros_catkin_ws/install_isolated/lib/rosout/rosout', u'__name:=rosout']]
[roslaunch][INFO] 2015-10-27 16:38:26,173: ... created process [rosout-1]
[roslaunch.pmon][INFO] 2015-10-27 16:38:26,174: ProcessMonitor.register[rosout-1]
[roslaunch.pmon][INFO] 2015-10-27 16:38:26,175: ProcessMonitor.register[rosout-1] complete
[roslaunch][INFO] 2015-10-27 16:38:26,175: ... registered process [rosout-1]
[roslaunch][INFO] 2015-10-27 16:38:26,176: process[rosout-1]: starting os process
[roslaunch][INFO] 2015-10-27 16:38:26,177: process[rosout-1]: start w/ args [[u'/home/erle/ros_catkin_ws/install_isolated/lib/rosout/rosout', u'__name:=rosout', u'__log:=/home/erle/.ros/log/2424f224-7cc9-11e5-bf52-b827eb22b675/rosout-1.log']]
[roslaunch][INFO] 2015-10-27 16:38:26,178: process[rosout-1]: cwd will be [/home/erle/.ros]
[roslaunch][INFO] 2015-10-27 16:38:26,238: process[rosout-1]: started with pid [23297]
[roslaunch][INFO] 2015-10-27 16:38:26,240: ... successfully launched [rosout-1]
[roslaunch][INFO] 2015-10-27 16:38:26,242: load_parameters starting ...
[roslaunch][INFO] 2015-10-27 16:38:26,266: ... load_parameters complete
[roslaunch][INFO] 2015-10-27 16:38:26,267: launch_nodes: launching local nodes ...
[roslaunch][INFO] 2015-10-27 16:38:26,267: ... launch_nodes complete
[roslaunch.pmon][INFO] 2015-10-27 16:38:26,268: registrations completed <ProcessMonitor(ProcessMonitor-1, started daemon 1983079520)>
[roslaunch.parent][INFO] 2015-10-27 16:38:26,269: ... roslaunch parent running, waiting for process exit
[roslaunch][INFO] 2015-10-27 16:38:26,269: spin
[roslaunch.pmon][INFO] 2015-10-27 16:38:41,414: ProcessMonitor.shutdown <ProcessMonitor(ProcessMonitor-1, started daemon 1983079520)>
[roslaunch.pmon][INFO] 2015-10-27 16:38:41,448: ProcessMonitor._post_run <ProcessMonitor(ProcessMonitor-1, started daemon 1983079520)>
[roslaunch.pmon][INFO] 2015-10-27 16:38:41,450: ProcessMonitor._post_run <ProcessMonitor(ProcessMonitor-1, started daemon 1983079520)>: remaining procs are [<roslaunch.nodeprocess.LocalProcess object at 0x7635ccf0>, <roslaunch.nodeprocess.LocalProcess object at 0x7635ce10>]
[roslaunch.pmon][INFO] 2015-10-27 16:38:41,460: ProcessMonitor exit: killing rosout-1
[roslaunch][INFO] 2015-10-27 16:38:41,461: [rosout-1] killing on exit
[roslaunch][INFO] 2015-10-27 16:38:41,463: process[rosout-1]: killing os process with pid[23297] pgid[23297]
[roslaunch][INFO] 2015-10-27 16:38:41,464: [rosout-1] sending SIGINT to pgid [23297]
[roslaunch][INFO] 2015-10-27 16:38:41,465: [rosout-1] sent SIGINT to pgid [23297]
[roslaunch][INFO] 2015-10-27 16:38:41,867: process[rosout-1]: SIGINT killed with return value 0
[roslaunch.pmon][INFO] 2015-10-27 16:38:41,869: ProcessMonitor exit: killing master
[roslaunch][INFO] 2015-10-27 16:38:41,869: [master] killing on exit
[roslaunch][INFO] 2015-10-27 16:38:41,870: process[master]: killing os process with pid[23284] pgid[23284]
[roslaunch][INFO] 2015-10-27 16:38:41,871: [master] sending SIGINT to pgid [23284]
[roslaunch][INFO] 2015-10-27 16:38:41,872: [master] sent SIGINT to pgid [23284]
[roslaunch][INFO] 2015-10-27 16:38:42,073: process[master]: SIGINT killed with return value 0
[roslaunch.pmon][INFO] 2015-10-27 16:38:42,074: ProcessMonitor exit: cleaning up data structures and signals
[roslaunch.pmon][INFO] 2015-10-27 16:38:42,075: ProcessMonitor exit: pmon has shutdown
[roslaunch][INFO] 2015-10-27 16:38:42,086: process monitor is done spinning, initiating full shutdown
[roslaunch][INFO] 2015-10-27 16:38:42,086: runner.stop()
[roslaunch][INFO] 2015-10-27 16:38:42,087: shutting down processing monitor...
[roslaunch][INFO] 2015-10-27 16:38:42,088: shutting down processing monitor <ProcessMonitor(ProcessMonitor-1, stopped daemon 1983079520)>
[roslaunch.pmon][INFO] 2015-10-27 16:38:42,088: ProcessMonitor.shutdown <ProcessMonitor(ProcessMonitor-1, stopped daemon 1983079520)>
[roslaunch][INFO] 2015-10-27 16:38:42,089: ... shutting down processing monitor complete
[roslaunch][INFO] 2015-10-27 16:38:42,090: done
[roslaunch.pmon][INFO] 2015-10-27 16:38:42,091: ProcessMonitor.shutdown <ProcessMonitor(ProcessMonitor-1, stopped daemon 1983079520)>
[rospy.core][INFO] 2015-10-27 16:38:42,092: signal_shutdown [atexit]
