[roslaunch][INFO] 2015-10-27 16:21:40,658: Checking log directory for disk usage. This may take awhile.
Press Ctrl-C to interrupt
[roslaunch][INFO] 2015-10-27 16:21:40,676: Done checking log file disk usage. Usage is <1GB.
[roslaunch][INFO] 2015-10-27 16:21:40,677: roslaunch starting with args ['roscore', '--core']
[roslaunch][INFO] 2015-10-27 16:21:40,679: roslaunch env is {'ROS_DISTRO': 'indigo', 'SSH_CLIENT': '192.168.1.39 52901 22', 'CPATH': '/home/erle/ros_catkin_ws/install_isolated/include', 'LOGNAME': 'erle', 'USER': 'erle', 'HOME': '/home/erle', 'PATH': '/home/erle/ros_catkin_ws/install_isolated/bin:/usr/local/sbin:/usr/local/bin:/usr/sbin:/usr/bin:/sbin:/bin:/usr/local/games:/usr/games', 'CMAKE_PREFIX_PATH': '/home/erle/ros_catkin_ws/install_isolated', 'LD_LIBRARY_PATH': '/home/erle/ros_catkin_ws/install_isolated/lib:/home/erle/ros_catkin_ws/install_isolated/lib/arm-linux-gnueabihf', 'LANG': 'en_GB.UTF-8', 'TERM': 'xterm-color', 'SHELL': '/bin/bash', 'SHLVL': '1', 'ROS_LOG_FILENAME': '/home/erle/.ros/log/cde5091e-7cc6-11e5-9af9-b827eb22b675/roslaunch-erle-brain-2-12879.log', 'ROS_ETC_DIR': '/home/erle/ros_catkin_ws/install_isolated/etc/ros', 'XDG_RUNTIME_DIR': '/run/user/1001', 'PYTHONPATH': '/home/erle/ros_catkin_ws/install_isolated/lib/python2.7/dist-packages', 'ROS_ROOT': '/home/erle/ros_catkin_ws/install_isolated/share/ros', 'PKG_CONFIG_PATH': '/home/erle/ros_catkin_ws/install_isolated/lib/pkgconfig:/home/erle/ros_catkin_ws/install_isolated/lib/arm-linux-gnueabihf/pkgconfig', 'ROS_PACKAGE_PATH': '/home/erle/ros_catkin_ws/install_isolated/share:/home/erle/ros_catkin_ws/install_isolated/stacks', 'XDG_SESSION_ID': 'c3', '_': '/home/erle/ros_catkin_ws/install_isolated/bin/roscore', 'SSH_CONNECTION': '192.168.1.39 52901 192.168.1.54 22', 'SSH_TTY': '/dev/pts/0', 'OLDPWD': '/lib', 'ROSLISP_PACKAGE_DIRECTORIES': '', 'PWD': '/', 'ROS_MASTER_URI': 'http://localhost:11311', 'MAIL': '/var/mail/erle', 'LS_COLORS': 'rs=0:di=01;34:ln=01;36:mh=00:pi=40;33:so=01;35:do=01;35:bd=40;33;01:cd=40;33;01:or=40;31;01:su=37;41:sg=30;43:ca=30;41:tw=30;42:ow=34;42:st=37;44:ex=01;32:*.tar=01;31:*.tgz=01;31:*.arc=01;31:*.arj=01;31:*.taz=01;31:*.lha=01;31:*.lz4=01;31:*.lzh=01;31:*.lzma=01;31:*.tlz=01;31:*.txz=01;31:*.tzo=01;31:*.t7z=01;31:*.zip=01;31:*.z=01;31:*.Z=01;31:*.dz=01;31:*.gz=01;31:*.lrz=01;31:*.lz=01;31:*.lzo=01;31:*.xz=01;31:*.bz2=01;31:*.bz=01;31:*.tbz=01;31:*.tbz2=01;31:*.tz=01;31:*.deb=01;31:*.rpm=01;31:*.jar=01;31:*.war=01;31:*.ear=01;31:*.sar=01;31:*.rar=01;31:*.alz=01;31:*.ace=01;31:*.zoo=01;31:*.cpio=01;31:*.7z=01;31:*.rz=01;31:*.cab=01;31:*.jpg=01;35:*.jpeg=01;35:*.gif=01;35:*.bmp=01;35:*.pbm=01;35:*.pgm=01;35:*.ppm=01;35:*.tga=01;35:*.xbm=01;35:*.xpm=01;35:*.tif=01;35:*.tiff=01;35:*.png=01;35:*.svg=01;35:*.svgz=01;35:*.mng=01;35:*.pcx=01;35:*.mov=01;35:*.mpg=01;35:*.mpeg=01;35:*.m2v=01;35:*.mkv=01;35:*.webm=01;35:*.ogm=01;35:*.mp4=01;35:*.m4v=01;35:*.mp4v=01;35:*.vob=01;35:*.qt=01;35:*.nuv=01;35:*.wmv=01;35:*.asf=01;35:*.rm=01;35:*.rmvb=01;35:*.flc=01;35:*.avi=01;35:*.fli=01;35:*.flv=01;35:*.gl=01;35:*.dl=01;35:*.xcf=01;35:*.xwd=01;35:*.yuv=01;35:*.cgm=01;35:*.emf=01;35:*.axv=01;35:*.anx=01;35:*.ogv=01;35:*.ogx=01;35:*.aac=00;36:*.au=00;36:*.flac=00;36:*.m4a=00;36:*.mid=00;36:*.midi=00;36:*.mka=00;36:*.mp3=00;36:*.mpc=00;36:*.ogg=00;36:*.ra=00;36:*.wav=00;36:*.axa=00;36:*.oga=00;36:*.spx=00;36:*.xspf=00;36:'}
[roslaunch][INFO] 2015-10-27 16:21:40,679: starting in server mode
[roslaunch.parent][INFO] 2015-10-27 16:21:40,681: starting roslaunch parent run
[roslaunch][INFO] 2015-10-27 16:21:40,683: loading roscore config file /home/erle/ros_catkin_ws/install_isolated/etc/ros/roscore.xml
[roslaunch][INFO] 2015-10-27 16:21:41,214: Added core node of type [rosout/rosout] in namespace [/]
[roslaunch.pmon][INFO] 2015-10-27 16:21:41,216: start_process_monitor: creating ProcessMonitor
[roslaunch.pmon][INFO] 2015-10-27 16:21:41,217: created process monitor <ProcessMonitor(ProcessMonitor-1, initial daemon)>
[roslaunch.pmon][INFO] 2015-10-27 16:21:41,218: start_process_monitor: ProcessMonitor started
[roslaunch.parent][INFO] 2015-10-27 16:21:41,219: starting parent XML-RPC server
[roslaunch.server][INFO] 2015-10-27 16:21:41,220: starting roslaunch XML-RPC server
[roslaunch.server][INFO] 2015-10-27 16:21:41,221: waiting for roslaunch XML-RPC server to initialize
[xmlrpc][INFO] 2015-10-27 16:21:41,222: XML-RPC server binding to 0.0.0.0:0
[xmlrpc][INFO] 2015-10-27 16:21:41,224: Started XML-RPC server [http://erle-brain-2:57157/]
[xmlrpc][INFO] 2015-10-27 16:21:41,225: xml rpc node: starting XML-RPC server
[roslaunch][INFO] 2015-10-27 16:21:41,241: started roslaunch server http://erle-brain-2:57157/
[roslaunch.parent][INFO] 2015-10-27 16:21:41,242: ... parent XML-RPC server started
[roslaunch][INFO] 2015-10-27 16:21:41,244: master.is_running[http://erle-brain-2:11311/]
[roslaunch][INFO] 2015-10-27 16:21:41,252: auto-starting new master
[roslaunch][INFO] 2015-10-27 16:21:41,254: create_master_process: rosmaster, /home/erle/ros_catkin_ws/install_isolated/share/ros, 11311
[roslaunch][INFO] 2015-10-27 16:21:41,255: process[master]: launching with args [['rosmaster', '--core', '-p', '11311']]
[roslaunch.pmon][INFO] 2015-10-27 16:21:41,256: ProcessMonitor.register[master]
[roslaunch.pmon][INFO] 2015-10-27 16:21:41,257: ProcessMonitor.register[master] complete
[roslaunch][INFO] 2015-10-27 16:21:41,258: process[master]: starting os process
[roslaunch][INFO] 2015-10-27 16:21:41,259: process[master]: start w/ args [['rosmaster', '--core', '-p', '11311', '__log:=/home/erle/.ros/log/cde5091e-7cc6-11e5-9af9-b827eb22b675/master.log']]
[roslaunch][INFO] 2015-10-27 16:21:41,259: process[master]: cwd will be [/home/erle/.ros]
[roslaunch][INFO] 2015-10-27 16:21:41,319: process[master]: started with pid [12935]
[roslaunch][INFO] 2015-10-27 16:21:41,321: master.is_running[http://erle-brain-2:11311/]
[roslaunch][INFO] 2015-10-27 16:21:41,425: master.is_running[http://erle-brain-2:11311/]
[roslaunch][INFO] 2015-10-27 16:21:41,528: master.is_running[http://erle-brain-2:11311/]
[roslaunch][INFO] 2015-10-27 16:21:41,632: master.is_running[http://erle-brain-2:11311/]
[roslaunch][INFO] 2015-10-27 16:21:41,735: master.is_running[http://erle-brain-2:11311/]
[roslaunch][INFO] 2015-10-27 16:21:41,839: master.is_running[http://erle-brain-2:11311/]
[roslaunch][INFO] 2015-10-27 16:21:41,942: master.is_running[http://erle-brain-2:11311/]
[roslaunch][INFO] 2015-10-27 16:21:42,045: master.is_running[http://erle-brain-2:11311/]
[roslaunch][INFO] 2015-10-27 16:21:42,149: master.is_running[http://erle-brain-2:11311/]
[roslaunch][INFO] 2015-10-27 16:21:42,252: master.is_running[http://erle-brain-2:11311/]
[roslaunch][INFO] 2015-10-27 16:21:42,263: master.is_running[http://erle-brain-2:11311/]
[roslaunch][INFO] 2015-10-27 16:21:42,272: ROS_MASTER_URI=http://erle-brain-2:11311/
[roslaunch][INFO] 2015-10-27 16:21:42,281: setting /run_id to cde5091e-7cc6-11e5-9af9-b827eb22b675
[roslaunch][INFO] 2015-10-27 16:21:42,292: setting /roslaunch/uris/host_erle_brain_2__57157' to http://erle-brain-2:57157/
[roslaunch][INFO] 2015-10-27 16:21:42,309: ... preparing to launch node of type [rosout/rosout]
[roslaunch][INFO] 2015-10-27 16:21:42,310: create_node_process: package[rosout] type[rosout] machine[Machine(name[] env_loader[None] address[localhost] ssh_port[22] user[None] assignable[True] timeout[10.0])] master_uri[http://erle-brain-2:11311/]
[roslaunch][INFO] 2015-10-27 16:21:42,311: process[rosout-1]: env[{'ROS_DISTRO': 'indigo', 'SSH_CLIENT': '192.168.1.39 52901 22', 'CPATH': '/home/erle/ros_catkin_ws/install_isolated/include', 'LOGNAME': 'erle', 'USER': 'erle', 'HOME': '/home/erle', 'PATH': '/home/erle/ros_catkin_ws/install_isolated/bin:/usr/local/sbin:/usr/local/bin:/usr/sbin:/usr/bin:/sbin:/bin:/usr/local/games:/usr/games', 'CMAKE_PREFIX_PATH': '/home/erle/ros_catkin_ws/install_isolated', 'ROS_LOG_FILENAME': '/home/erle/.ros/log/cde5091e-7cc6-11e5-9af9-b827eb22b675/roslaunch-erle-brain-2-12879.log', 'LANG': 'en_GB.UTF-8', 'TERM': 'xterm-color', 'SHELL': '/bin/bash', 'SHLVL': '1', 'LD_LIBRARY_PATH': '/home/erle/ros_catkin_ws/install_isolated/lib:/home/erle/ros_catkin_ws/install_isolated/lib/arm-linux-gnueabihf', 'ROS_MASTER_URI': 'http://erle-brain-2:11311/', 'XDG_RUNTIME_DIR': '/run/user/1001', 'PYTHONPATH': '/home/erle/ros_catkin_ws/install_isolated/lib/python2.7/dist-packages', 'ROS_ROOT': '/home/erle/ros_catkin_ws/install_isolated/share/ros', 'PKG_CONFIG_PATH': '/home/erle/ros_catkin_ws/install_isolated/lib/pkgconfig:/home/erle/ros_catkin_ws/install_isolated/lib/arm-linux-gnueabihf/pkgconfig', 'ROS_PACKAGE_PATH': '/home/erle/ros_catkin_ws/install_isolated/share:/home/erle/ros_catkin_ws/install_isolated/stacks', 'XDG_SESSION_ID': 'c3', '_': '/home/erle/ros_catkin_ws/install_isolated/bin/roscore', 'LS_COLORS': 'rs=0:di=01;34:ln=01;36:mh=00:pi=40;33:so=01;35:do=01;35:bd=40;33;01:cd=40;33;01:or=40;31;01:su=37;41:sg=30;43:ca=30;41:tw=30;42:ow=34;42:st=37;44:ex=01;32:*.tar=01;31:*.tgz=01;31:*.arc=01;31:*.arj=01;31:*.taz=01;31:*.lha=01;31:*.lz4=01;31:*.lzh=01;31:*.lzma=01;31:*.tlz=01;31:*.txz=01;31:*.tzo=01;31:*.t7z=01;31:*.zip=01;31:*.z=01;31:*.Z=01;31:*.dz=01;31:*.gz=01;31:*.lrz=01;31:*.lz=01;31:*.lzo=01;31:*.xz=01;31:*.bz2=01;31:*.bz=01;31:*.tbz=01;31:*.tbz2=01;31:*.tz=01;31:*.deb=01;31:*.rpm=01;31:*.jar=01;31:*.war=01;31:*.ear=01;31:*.sar=01;31:*.rar=01;31:*.alz=01;31:*.ace=01;31:*.zoo=01;31:*.cpio=01;31:*.7z=01;31:*.rz=01;31:*.cab=01;31:*.jpg=01;35:*.jpeg=01;35:*.gif=01;35:*.bmp=01;35:*.pbm=01;35:*.pgm=01;35:*.ppm=01;35:*.tga=01;35:*.xbm=01;35:*.xpm=01;35:*.tif=01;35:*.tiff=01;35:*.png=01;35:*.svg=01;35:*.svgz=01;35:*.mng=01;35:*.pcx=01;35:*.mov=01;35:*.mpg=01;35:*.mpeg=01;35:*.m2v=01;35:*.mkv=01;35:*.webm=01;35:*.ogm=01;35:*.mp4=01;35:*.m4v=01;35:*.mp4v=01;35:*.vob=01;35:*.qt=01;35:*.nuv=01;35:*.wmv=01;35:*.asf=01;35:*.rm=01;35:*.rmvb=01;35:*.flc=01;35:*.avi=01;35:*.fli=01;35:*.flv=01;35:*.gl=01;35:*.dl=01;35:*.xcf=01;35:*.xwd=01;35:*.yuv=01;35:*.cgm=01;35:*.emf=01;35:*.axv=01;35:*.anx=01;35:*.ogv=01;35:*.ogx=01;35:*.aac=00;36:*.au=00;36:*.flac=00;36:*.m4a=00;36:*.mid=00;36:*.midi=00;36:*.mka=00;36:*.mp3=00;36:*.mpc=00;36:*.ogg=00;36:*.ra=00;36:*.wav=00;36:*.axa=00;36:*.oga=00;36:*.spx=00;36:*.xspf=00;36:', 'SSH_TTY': '/dev/pts/0', 'OLDPWD': '/lib', 'ROSLISP_PACKAGE_DIRECTORIES': '', 'PWD': '/', 'ROS_ETC_DIR': '/home/erle/ros_catkin_ws/install_isolated/etc/ros', 'MAIL': '/var/mail/erle', 'SSH_CONNECTION': '192.168.1.39 52901 192.168.1.54 22'}]
[roslaunch][INFO] 2015-10-27 16:21:42,396: process[rosout-1]: args[[u'/home/erle/ros_catkin_ws/install_isolated/lib/rosout/rosout', u'__name:=rosout']]
[roslaunch][INFO] 2015-10-27 16:21:42,397: ... created process [rosout-1]
[roslaunch.pmon][INFO] 2015-10-27 16:21:42,398: ProcessMonitor.register[rosout-1]
[roslaunch.pmon][INFO] 2015-10-27 16:21:42,399: ProcessMonitor.register[rosout-1] complete
[roslaunch][INFO] 2015-10-27 16:21:42,400: ... registered process [rosout-1]
[roslaunch][INFO] 2015-10-27 16:21:42,400: process[rosout-1]: starting os process
[roslaunch][INFO] 2015-10-27 16:21:42,402: process[rosout-1]: start w/ args [[u'/home/erle/ros_catkin_ws/install_isolated/lib/rosout/rosout', u'__name:=rosout', u'__log:=/home/erle/.ros/log/cde5091e-7cc6-11e5-9af9-b827eb22b675/rosout-1.log']]
[roslaunch][INFO] 2015-10-27 16:21:42,403: process[rosout-1]: cwd will be [/home/erle/.ros]
[roslaunch][INFO] 2015-10-27 16:21:42,463: process[rosout-1]: started with pid [12948]
[roslaunch][INFO] 2015-10-27 16:21:42,465: ... successfully launched [rosout-1]
[roslaunch][INFO] 2015-10-27 16:21:42,468: load_parameters starting ...
[roslaunch][INFO] 2015-10-27 16:21:42,490: ... load_parameters complete
[roslaunch][INFO] 2015-10-27 16:21:42,490: launch_nodes: launching local nodes ...
[roslaunch][INFO] 2015-10-27 16:21:42,491: ... launch_nodes complete
[roslaunch.pmon][INFO] 2015-10-27 16:21:42,492: registrations completed <ProcessMonitor(ProcessMonitor-1, started daemon 1982477408)>
[roslaunch.parent][INFO] 2015-10-27 16:21:42,493: ... roslaunch parent running, waiting for process exit
[roslaunch][INFO] 2015-10-27 16:21:42,493: spin
[roslaunch][ERROR] 2015-10-27 16:21:42,524: [rosout-1] process has died [pid 12948, exit code 127, cmd /home/erle/ros_catkin_ws/install_isolated/lib/rosout/rosout __name:=rosout __log:=/home/erle/.ros/log/cde5091e-7cc6-11e5-9af9-b827eb22b675/rosout-1.log].
log file: /home/erle/.ros/log/cde5091e-7cc6-11e5-9af9-b827eb22b675/rosout-1*.log
[roslaunch][INFO] 2015-10-27 16:21:42,526: [rosout-1] restarting process
[roslaunch][INFO] 2015-10-27 16:21:42,528: process[rosout-1]: restarting os process
[roslaunch][INFO] 2015-10-27 16:21:42,529: process[rosout-1]: start w/ args [[u'/home/erle/ros_catkin_ws/install_isolated/lib/rosout/rosout', u'__name:=rosout', u'__log:=/home/erle/.ros/log/cde5091e-7cc6-11e5-9af9-b827eb22b675/rosout-1.log']]
[roslaunch][INFO] 2015-10-27 16:21:42,530: process[rosout-1]: cwd will be [/home/erle/.ros]
[roslaunch][INFO] 2015-10-27 16:21:42,589: process[rosout-1]: started with pid [12951]
[roslaunch][ERROR] 2015-10-27 16:21:42,693: [rosout-1] process has died [pid 12951, exit code 127, cmd /home/erle/ros_catkin_ws/install_isolated/lib/rosout/rosout __name:=rosout __log:=/home/erle/.ros/log/cde5091e-7cc6-11e5-9af9-b827eb22b675/rosout-1.log].
log file: /home/erle/.ros/log/cde5091e-7cc6-11e5-9af9-b827eb22b675/rosout-1*.log
[roslaunch][INFO] 2015-10-27 16:21:42,695: [rosout-1] restarting process
[roslaunch][INFO] 2015-10-27 16:21:42,697: process[rosout-1]: restarting os process
[roslaunch][INFO] 2015-10-27 16:21:42,698: process[rosout-1]: start w/ args [[u'/home/erle/ros_catkin_ws/install_isolated/lib/rosout/rosout', u'__name:=rosout', u'__log:=/home/erle/.ros/log/cde5091e-7cc6-11e5-9af9-b827eb22b675/rosout-1.log']]
[roslaunch][INFO] 2015-10-27 16:21:42,699: process[rosout-1]: cwd will be [/home/erle/.ros]
[roslaunch][INFO] 2015-10-27 16:21:42,759: process[rosout-1]: started with pid [12952]
[roslaunch][ERROR] 2015-10-27 16:21:42,862: [rosout-1] process has died [pid 12952, exit code 127, cmd /home/erle/ros_catkin_ws/install_isolated/lib/rosout/rosout __name:=rosout __log:=/home/erle/.ros/log/cde5091e-7cc6-11e5-9af9-b827eb22b675/rosout-1.log].
log file: /home/erle/.ros/log/cde5091e-7cc6-11e5-9af9-b827eb22b675/rosout-1*.log
[roslaunch][INFO] 2015-10-27 16:21:42,864: [rosout-1] restarting process
[roslaunch][INFO] 2015-10-27 16:21:42,866: process[rosout-1]: restarting os process
[roslaunch][INFO] 2015-10-27 16:21:42,868: process[rosout-1]: start w/ args [[u'/home/erle/ros_catkin_ws/install_isolated/lib/rosout/rosout', u'__name:=rosout', u'__log:=/home/erle/.ros/log/cde5091e-7cc6-11e5-9af9-b827eb22b675/rosout-1.log']]
[roslaunch][INFO] 2015-10-27 16:21:42,869: process[rosout-1]: cwd will be [/home/erle/.ros]
[roslaunch][INFO] 2015-10-27 16:21:42,929: process[rosout-1]: started with pid [12953]
[roslaunch][ERROR] 2015-10-27 16:21:43,032: [rosout-1] process has died [pid 12953, exit code 127, cmd /home/erle/ros_catkin_ws/install_isolated/lib/rosout/rosout __name:=rosout __log:=/home/erle/.ros/log/cde5091e-7cc6-11e5-9af9-b827eb22b675/rosout-1.log].
log file: /home/erle/.ros/log/cde5091e-7cc6-11e5-9af9-b827eb22b675/rosout-1*.log
[roslaunch][INFO] 2015-10-27 16:21:43,034: [rosout-1] restarting process
[roslaunch][INFO] 2015-10-27 16:21:43,035: process[rosout-1]: restarting os process
[roslaunch][INFO] 2015-10-27 16:21:43,037: process[rosout-1]: start w/ args [[u'/home/erle/ros_catkin_ws/install_isolated/lib/rosout/rosout', u'__name:=rosout', u'__log:=/home/erle/.ros/log/cde5091e-7cc6-11e5-9af9-b827eb22b675/rosout-1.log']]
[roslaunch][INFO] 2015-10-27 16:21:43,038: process[rosout-1]: cwd will be [/home/erle/.ros]
[roslaunch][INFO] 2015-10-27 16:21:43,098: process[rosout-1]: started with pid [12954]
[roslaunch][ERROR] 2015-10-27 16:21:43,201: [rosout-1] process has died [pid 12954, exit code 127, cmd /home/erle/ros_catkin_ws/install_isolated/lib/rosout/rosout __name:=rosout __log:=/home/erle/.ros/log/cde5091e-7cc6-11e5-9af9-b827eb22b675/rosout-1.log].
log file: /home/erle/.ros/log/cde5091e-7cc6-11e5-9af9-b827eb22b675/rosout-1*.log
[roslaunch][INFO] 2015-10-27 16:21:43,203: [rosout-1] restarting process
[roslaunch][INFO] 2015-10-27 16:21:43,205: process[rosout-1]: restarting os process
[roslaunch][INFO] 2015-10-27 16:21:43,206: process[rosout-1]: start w/ args [[u'/home/erle/ros_catkin_ws/install_isolated/lib/rosout/rosout', u'__name:=rosout', u'__log:=/home/erle/.ros/log/cde5091e-7cc6-11e5-9af9-b827eb22b675/rosout-1.log']]
[roslaunch][INFO] 2015-10-27 16:21:43,207: process[rosout-1]: cwd will be [/home/erle/.ros]
[roslaunch][INFO] 2015-10-27 16:21:43,270: process[rosout-1]: started with pid [12955]
[roslaunch][ERROR] 2015-10-27 16:21:43,372: [rosout-1] process has died [pid 12955, exit code 127, cmd /home/erle/ros_catkin_ws/install_isolated/lib/rosout/rosout __name:=rosout __log:=/home/erle/.ros/log/cde5091e-7cc6-11e5-9af9-b827eb22b675/rosout-1.log].
log file: /home/erle/.ros/log/cde5091e-7cc6-11e5-9af9-b827eb22b675/rosout-1*.log
[roslaunch][INFO] 2015-10-27 16:21:43,374: [rosout-1] restarting process
[roslaunch][INFO] 2015-10-27 16:21:43,376: process[rosout-1]: restarting os process
[roslaunch][INFO] 2015-10-27 16:21:43,377: process[rosout-1]: start w/ args [[u'/home/erle/ros_catkin_ws/install_isolated/lib/rosout/rosout', u'__name:=rosout', u'__log:=/home/erle/.ros/log/cde5091e-7cc6-11e5-9af9-b827eb22b675/rosout-1.log']]
[roslaunch][INFO] 2015-10-27 16:21:43,378: process[rosout-1]: cwd will be [/home/erle/.ros]
[roslaunch][INFO] 2015-10-27 16:21:43,438: process[rosout-1]: started with pid [12956]
[roslaunch][ERROR] 2015-10-27 16:21:43,542: [rosout-1] process has died [pid 12956, exit code 127, cmd /home/erle/ros_catkin_ws/install_isolated/lib/rosout/rosout __name:=rosout __log:=/home/erle/.ros/log/cde5091e-7cc6-11e5-9af9-b827eb22b675/rosout-1.log].
log file: /home/erle/.ros/log/cde5091e-7cc6-11e5-9af9-b827eb22b675/rosout-1*.log
[roslaunch][INFO] 2015-10-27 16:21:43,544: [rosout-1] restarting process
[roslaunch][INFO] 2015-10-27 16:21:43,545: process[rosout-1]: restarting os process
[roslaunch][INFO] 2015-10-27 16:21:43,547: process[rosout-1]: start w/ args [[u'/home/erle/ros_catkin_ws/install_isolated/lib/rosout/rosout', u'__name:=rosout', u'__log:=/home/erle/.ros/log/cde5091e-7cc6-11e5-9af9-b827eb22b675/rosout-1.log']]
[roslaunch][INFO] 2015-10-27 16:21:43,548: process[rosout-1]: cwd will be [/home/erle/.ros]
[roslaunch][INFO] 2015-10-27 16:21:43,607: process[rosout-1]: started with pid [12957]
[roslaunch][ERROR] 2015-10-27 16:21:43,710: [rosout-1] process has died [pid 12957, exit code 127, cmd /home/erle/ros_catkin_ws/install_isolated/lib/rosout/rosout __name:=rosout __log:=/home/erle/.ros/log/cde5091e-7cc6-11e5-9af9-b827eb22b675/rosout-1.log].
log file: /home/erle/.ros/log/cde5091e-7cc6-11e5-9af9-b827eb22b675/rosout-1*.log
[roslaunch][INFO] 2015-10-27 16:21:43,712: [rosout-1] restarting process
[roslaunch][INFO] 2015-10-27 16:21:43,714: process[rosout-1]: restarting os process
[roslaunch][INFO] 2015-10-27 16:21:43,716: process[rosout-1]: start w/ args [[u'/home/erle/ros_catkin_ws/install_isolated/lib/rosout/rosout', u'__name:=rosout', u'__log:=/home/erle/.ros/log/cde5091e-7cc6-11e5-9af9-b827eb22b675/rosout-1.log']]
[roslaunch][INFO] 2015-10-27 16:21:43,717: process[rosout-1]: cwd will be [/home/erle/.ros]
[roslaunch][INFO] 2015-10-27 16:21:43,802: process[rosout-1]: started with pid [12958]
[roslaunch.pmon][INFO] 2015-10-27 16:21:43,895: ProcessMonitor.shutdown <ProcessMonitor(ProcessMonitor-1, started daemon 1982477408)>
[roslaunch.pmon][INFO] 2015-10-27 16:21:43,905: ProcessMonitor._post_run <ProcessMonitor(ProcessMonitor-1, started daemon 1982477408)>
[roslaunch.pmon][INFO] 2015-10-27 16:21:43,906: ProcessMonitor._post_run <ProcessMonitor(ProcessMonitor-1, started daemon 1982477408)>: remaining procs are [<roslaunch.nodeprocess.LocalProcess object at 0x762c9cf0>, <roslaunch.nodeprocess.LocalProcess object at 0x762c9df0>]
[roslaunch.pmon][INFO] 2015-10-27 16:21:43,913: ProcessMonitor exit: killing rosout-1
[roslaunch][INFO] 2015-10-27 16:21:43,914: [rosout-1] killing on exit
[roslaunch.pmon][INFO] 2015-10-27 16:21:43,916: ProcessMonitor exit: killing master
[roslaunch][INFO] 2015-10-27 16:21:43,916: [master] killing on exit
[roslaunch][INFO] 2015-10-27 16:21:43,918: process[master]: killing os process with pid[12935] pgid[12935]
[roslaunch][INFO] 2015-10-27 16:21:43,918: [master] sending SIGINT to pgid [12935]
[roslaunch][INFO] 2015-10-27 16:21:43,919: [master] sent SIGINT to pgid [12935]
[roslaunch][INFO] 2015-10-27 16:21:44,120: process[master]: SIGINT killed with return value 0
[roslaunch.pmon][INFO] 2015-10-27 16:21:44,122: ProcessMonitor exit: cleaning up data structures and signals
[roslaunch.pmon][INFO] 2015-10-27 16:21:44,122: ProcessMonitor exit: pmon has shutdown
[roslaunch][INFO] 2015-10-27 16:21:44,161: process monitor is done spinning, initiating full shutdown
[roslaunch][INFO] 2015-10-27 16:21:44,162: runner.stop()
[roslaunch][INFO] 2015-10-27 16:21:44,162: shutting down processing monitor...
[roslaunch][INFO] 2015-10-27 16:21:44,163: shutting down processing monitor <ProcessMonitor(ProcessMonitor-1, stopped daemon 1982477408)>
[roslaunch.pmon][INFO] 2015-10-27 16:21:44,164: ProcessMonitor.shutdown <ProcessMonitor(ProcessMonitor-1, stopped daemon 1982477408)>
[roslaunch][INFO] 2015-10-27 16:21:44,164: ... shutting down processing monitor complete
[roslaunch][INFO] 2015-10-27 16:21:44,165: done
[roslaunch.pmon][INFO] 2015-10-27 16:21:44,166: ProcessMonitor.shutdown <ProcessMonitor(ProcessMonitor-1, stopped daemon 1982477408)>
[rospy.core][INFO] 2015-10-27 16:21:44,167: signal_shutdown [atexit]
