[roslaunch][INFO] 2015-10-27 15:22:01,837: Checking log directory for disk usage. This may take awhile.
Press Ctrl-C to interrupt
[roslaunch][INFO] 2015-10-27 15:22:01,872: Done checking log file disk usage. Usage is <1GB.
[roslaunch][INFO] 2015-10-27 15:22:01,874: roslaunch starting with args ['roscore', '--core']
[roslaunch][INFO] 2015-10-27 15:22:01,875: roslaunch env is {'ROS_DISTRO': 'indigo', 'SSH_CLIENT': '192.168.1.46 51574 22', 'CPATH': '/home/erle/ros_catkin_ws/install_isolated/include', 'LOGNAME': 'erle', 'USER': 'erle', 'HOME': '/home/erle', 'PATH': '/home/erle/ros_catkin_ws/install_isolated/bin:/usr/local/sbin:/usr/local/bin:/usr/sbin:/usr/bin:/sbin:/bin:/usr/local/games:/usr/games', 'CMAKE_PREFIX_PATH': '/home/erle/ros_catkin_ws/install_isolated', 'LD_LIBRARY_PATH': '/home/erle/ros_catkin_ws/install_isolated/lib:/home/erle/ros_catkin_ws/install_isolated/lib/arm-linux-gnueabihf', 'LANG': 'en_GB.UTF-8', 'TERM': 'xterm', 'SHELL': '/bin/bash', 'SHLVL': '1', 'ROS_LOG_FILENAME': '/home/erle/.ros/log/7893cbd8-7cbe-11e5-88f9-b827eb22b675/roslaunch-erle-brain-2-10319.log', 'ROS_ETC_DIR': '/home/erle/ros_catkin_ws/install_isolated/etc/ros', 'XDG_RUNTIME_DIR': '/run/user/1001', 'PYTHONPATH': '/home/erle/ros_catkin_ws/install_isolated/lib/python2.7/dist-packages', 'ROS_ROOT': '/home/erle/ros_catkin_ws/install_isolated/share/ros', 'PKG_CONFIG_PATH': '/home/erle/ros_catkin_ws/install_isolated/lib/pkgconfig:/home/erle/ros_catkin_ws/install_isolated/lib/arm-linux-gnueabihf/pkgconfig', 'ROS_PACKAGE_PATH': '/home/erle/ros_catkin_ws/install_isolated/share:/home/erle/ros_catkin_ws/install_isolated/stacks', 'XDG_SESSION_ID': 'c3', '_': '/home/erle/ros_catkin_ws/install_isolated/bin/roscore', 'SSH_CONNECTION': '192.168.1.46 51574 192.168.1.54 22', 'SSH_TTY': '/dev/pts/0', 'OLDPWD': '/home/erle/ros_catkin_ws', 'ROSLISP_PACKAGE_DIRECTORIES': '', 'PWD': '/home/erle', 'ROS_MASTER_URI': 'http://localhost:11311', 'MAIL': '/var/mail/erle', 'LS_COLORS': 'rs=0:di=01;34:ln=01;36:mh=00:pi=40;33:so=01;35:do=01;35:bd=40;33;01:cd=40;33;01:or=40;31;01:su=37;41:sg=30;43:ca=30;41:tw=30;42:ow=34;42:st=37;44:ex=01;32:*.tar=01;31:*.tgz=01;31:*.arc=01;31:*.arj=01;31:*.taz=01;31:*.lha=01;31:*.lz4=01;31:*.lzh=01;31:*.lzma=01;31:*.tlz=01;31:*.txz=01;31:*.tzo=01;31:*.t7z=01;31:*.zip=01;31:*.z=01;31:*.Z=01;31:*.dz=01;31:*.gz=01;31:*.lrz=01;31:*.lz=01;31:*.lzo=01;31:*.xz=01;31:*.bz2=01;31:*.bz=01;31:*.tbz=01;31:*.tbz2=01;31:*.tz=01;31:*.deb=01;31:*.rpm=01;31:*.jar=01;31:*.war=01;31:*.ear=01;31:*.sar=01;31:*.rar=01;31:*.alz=01;31:*.ace=01;31:*.zoo=01;31:*.cpio=01;31:*.7z=01;31:*.rz=01;31:*.cab=01;31:*.jpg=01;35:*.jpeg=01;35:*.gif=01;35:*.bmp=01;35:*.pbm=01;35:*.pgm=01;35:*.ppm=01;35:*.tga=01;35:*.xbm=01;35:*.xpm=01;35:*.tif=01;35:*.tiff=01;35:*.png=01;35:*.svg=01;35:*.svgz=01;35:*.mng=01;35:*.pcx=01;35:*.mov=01;35:*.mpg=01;35:*.mpeg=01;35:*.m2v=01;35:*.mkv=01;35:*.webm=01;35:*.ogm=01;35:*.mp4=01;35:*.m4v=01;35:*.mp4v=01;35:*.vob=01;35:*.qt=01;35:*.nuv=01;35:*.wmv=01;35:*.asf=01;35:*.rm=01;35:*.rmvb=01;35:*.flc=01;35:*.avi=01;35:*.fli=01;35:*.flv=01;35:*.gl=01;35:*.dl=01;35:*.xcf=01;35:*.xwd=01;35:*.yuv=01;35:*.cgm=01;35:*.emf=01;35:*.axv=01;35:*.anx=01;35:*.ogv=01;35:*.ogx=01;35:*.aac=00;36:*.au=00;36:*.flac=00;36:*.m4a=00;36:*.mid=00;36:*.midi=00;36:*.mka=00;36:*.mp3=00;36:*.mpc=00;36:*.ogg=00;36:*.ra=00;36:*.wav=00;36:*.axa=00;36:*.oga=00;36:*.spx=00;36:*.xspf=00;36:'}
[roslaunch][INFO] 2015-10-27 15:22:01,876: starting in server mode
[roslaunch.parent][INFO] 2015-10-27 15:22:01,877: starting roslaunch parent run
[roslaunch][INFO] 2015-10-27 15:22:01,879: loading roscore config file /home/erle/ros_catkin_ws/install_isolated/etc/ros/roscore.xml
[roslaunch][INFO] 2015-10-27 15:22:02,454: Added core node of type [rosout/rosout] in namespace [/]
[roslaunch.pmon][INFO] 2015-10-27 15:22:02,455: start_process_monitor: creating ProcessMonitor
[roslaunch.pmon][INFO] 2015-10-27 15:22:02,456: created process monitor <ProcessMonitor(ProcessMonitor-1, initial daemon)>
[roslaunch.pmon][INFO] 2015-10-27 15:22:02,458: start_process_monitor: ProcessMonitor started
[roslaunch.parent][INFO] 2015-10-27 15:22:02,459: starting parent XML-RPC server
[roslaunch.server][INFO] 2015-10-27 15:22:02,460: starting roslaunch XML-RPC server
[roslaunch.server][INFO] 2015-10-27 15:22:02,461: waiting for roslaunch XML-RPC server to initialize
[xmlrpc][INFO] 2015-10-27 15:22:02,462: XML-RPC server binding to 0.0.0.0:0
[xmlrpc][INFO] 2015-10-27 15:22:02,464: Started XML-RPC server [http://erle-brain-2:55780/]
[xmlrpc][INFO] 2015-10-27 15:22:02,465: xml rpc node: starting XML-RPC server
[roslaunch][INFO] 2015-10-27 15:22:02,483: started roslaunch server http://erle-brain-2:55780/
[roslaunch.parent][INFO] 2015-10-27 15:22:02,484: ... parent XML-RPC server started
[roslaunch][INFO] 2015-10-27 15:22:02,487: master.is_running[http://erle-brain-2:11311/]
[rospy.core][INFO] 2015-10-27 15:22:02,501: signal_shutdown [atexit]
