Interrupted
Interrupted
Raspberry Pi 2 with BCM2709!
Raspberry Pi 2 with BCM2709!
InterruptedInterrupted
InterruptedInterrupted

Raspberry Pi 2 with BCM2709!
Raspberry Pi 2 with BCM2709!
InterruptedInterrupted
Raspberry Pi 2 with BCM2709!
Raspberry Pi 2 with BCM2709!
Interrupted
Raspberry Pi 2 with BCM2709!
Raspberry Pi 2 with BCM2709!
Interrupted
Raspberry Pi 2 with BCM2709!
Raspberry Pi 2 with BCM2709!
Interrupted
Raspberry Pi 2 with BCM2709!
Raspberry Pi 2 with BCM2709!
Interrupted
Raspberry Pi 2 with BCM2709!
Raspberry Pi 2 with BCM2709!
Interrupted
Raspberry Pi 2 with BCM2709!
Raspberry Pi 2 with BCM2709!
Interrupted
Interrupted
Raspberry Pi 2 with BCM2709!
Raspberry Pi 2 with BCM2709!
Interrupted
Raspberry Pi 2 with BCM2709!
Raspberry Pi 2 with BCM2709!
Interrupted
Raspberry Pi 2 with BCM2709!
Raspberry Pi 2 with BCM2709!
Interrupted
Interrupted
Raspberry Pi 2 with BCM2709!
Raspberry Pi 2 with BCM2709!
Interrupted
Interrupted
Interrupted
Raspberry Pi 2 with BCM2709!
Raspberry Pi 2 with BCM2709!
Interrupted
Raspberry Pi 2 with BCM2709!
Raspberry Pi 2 with BCM2709!
InterruptedInterruptedInterrupted


Raspberry Pi 2 with BCM2709!
Raspberry Pi 2 with BCM2709!
Raspberry Pi 2 with BCM2709!
Raspberry Pi 2 with BCM2709!
Raspberry Pi 2 with BCM2709!
Raspberry Pi 2 with BCM2709!
InterruptedInterrupted

Raspberry Pi 2 with BCM2709!
Raspberry Pi 2 with BCM2709!
Raspberry Pi 2 with BCM2709!
Raspberry Pi 2 with BCM2709!
Interrupted
Interrupted
Interrupted
Raspberry Pi 2 with BCM2709!
Raspberry Pi 2 with BCM2709!
Interrupted
InterruptedInterrupted

Raspberry Pi 2 with BCM2709!
Raspberry Pi 2 with BCM2709!
Interrupted
Interrupted
Raspberry Pi 2 with BCM2709!
Raspberry Pi 2 with BCM2709!
InterruptedInterruptedInterruptedInterrupted

Raspberry Pi 2 with BCM2709!
Raspberry Pi 2 with BCM2709!
InterruptedInterruptedInterruptedInterruptedInterruptedInterruptedInterrupted
Interrupted
Raspberry Pi 2 with BCM2709!
Raspberry Pi 2 with BCM2709!
InterruptedInterruptedInterruptedInterruptedInterrupted

Interrupted
Raspberry Pi 2 with BCM2709!
Raspberry Pi 2 with BCM2709!
Raspberry Pi 2 with BCM2709!
Raspberry Pi 2 with BCM2709!
InterruptedInterrupted

Interrupted
Raspberry Pi 2 with BCM2709!
Raspberry Pi 2 with BCM2709!
Raspberry Pi 2 with BCM2709!
Raspberry Pi 2 with BCM2709!
Interrupted
Raspberry Pi 2 with BCM2709!
Raspberry Pi 2 with BCM2709!
InterruptedInterrupted
Interrupted

Raspberry Pi 2 with BCM2709!
Raspberry Pi 2 with BCM2709!
Raspberry Pi 2 with BCM2709!
Raspberry Pi 2 with BCM2709!
Raspberry Pi 2 with BCM2709!
Raspberry Pi 2 with BCM2709!
Interrupted
InterruptedInterrupted

Raspberry Pi 2 with BCM2709!
Raspberry Pi 2 with BCM2709!
InterruptedInterrupted

Raspberry Pi 2 with BCM2709!
Raspberry Pi 2 with BCM2709!
Raspberry Pi 2 with BCM2709!
Raspberry Pi 2 with BCM2709!
InterruptedInterrupted

Raspberry Pi 2 with BCM2709!
Raspberry Pi 2 with BCM2709!
Raspberry Pi 2 with BCM2709!
Raspberry Pi 2 with BCM2709!
Interrupted
Raspberry Pi 2 with BCM2709!
Raspberry Pi 2 with BCM2709!
InterruptedInterrupted
InterruptedInterrupted

Raspberry Pi 2 with BCM2709!
Raspberry Pi 2 with BCM2709!
Raspberry Pi 2 with BCM2709!
Raspberry Pi 2 with BCM2709!
InterruptedInterrupted

Raspberry Pi 2 with BCM2709!
Raspberry Pi 2 with BCM2709!
Raspberry Pi 2 with BCM2709!
Raspberry Pi 2 with BCM2709!
Interrupted
Raspberry Pi 2 with BCM2709!
Raspberry Pi 2 with BCM2709!
Interrupted
Raspberry Pi 2 with BCM2709!
Raspberry Pi 2 with BCM2709!
Interrupted
Interrupted
Interrupted
Raspberry Pi 2 with BCM2709!
Interrupted
Interrupted
Raspberry Pi 2 with BCM2709!
Interrupted
Interrupted
InterruptedInterrupted

Raspberry Pi 2 with BCM2709!
Interrupted
Interrupted
Raspberry Pi 2 with BCM2709!
Interrupted
Interrupted
Interrupted
Raspberry Pi 2 with BCM2709!
Interrupted
Interrupted
Raspberry Pi 2 with BCM2709!
InterruptedInterruptedInterrupted

Raspberry Pi 2 with BCM2709!
InterruptedInterrupted/home/erle/apm.sh: line 20:   452 Killed                  $APM_BIN_DIR/ArduCopter.elf -A udp:127.0.0.1:6001 -B /dev/ttyAMA0 $FLAGS
/home/erle/apm.sh: line 20:   449 Killed                  $APM_BIN_DIR/ArduCopter.elf -A udp:127.0.0.1:6001 -B /dev/ttyAMA0 $FLAGS
Interrupted
Raspberry Pi 1 with BCM2708!
Interrupted
Interrupted
Raspberry Pi 2 with BCM2709!
InterruptedInterrupted

Raspberry Pi 2 with BCM2709!
Raspberry Pi 2 with BCM2709!
PANIC: AP_Baro::read unsuccessful for more than 500ms in AP_Baro::calibrate [2]

Raspberry Pi 2 with BCM2709!
PANIC: AP_Baro::read unsuccessful for more than 500ms in AP_Baro::calibrate [2]

Raspberry Pi 2 with BCM2709!
PANIC: AP_Baro::read unsuccessful for more than 500ms in AP_Baro::calibrate [2]

Raspberry Pi 2 with BCM2709!
PANIC: AP_Baro::read unsuccessful for more than 500ms in AP_Baro::calibrate [2]

Raspberry Pi 2 with BCM2709!
PANIC: AP_Baro::read unsuccessful for more than 500ms in AP_Baro::calibrate [2]

Raspberry Pi 2 with BCM2709!
PANIC: AP_Baro::read unsuccessful for more than 500ms in AP_Baro::calibrate [2]

Raspberry Pi 2 with BCM2709!
PANIC: AP_Baro::read unsuccessful for more than 500ms in AP_Baro::calibrate [2]

Raspberry Pi 2 with BCM2709!
PANIC: AP_Baro::read unsuccessful for more than 500ms in AP_Baro::calibrate [2]

Raspberry Pi 2 with BCM2709!
PANIC: AP_Baro::read unsuccessful for more than 500ms in AP_Baro::calibrate [2]

Raspberry Pi 2 with BCM2709!
PANIC: AP_Baro::read unsuccessful for more than 500ms in AP_Baro::calibrate [2]

Raspberry Pi 2 with BCM2709!
PANIC: AP_Baro::read unsuccessful for more than 500ms in AP_Baro::calibrate [2]

Raspberry Pi 2 with BCM2709!
PANIC: AP_Baro::read unsuccessful for more than 500ms in AP_Baro::calibrate [2]

Raspberry Pi 2 with BCM2709!
PANIC: AP_Baro::read unsuccessful for more than 500ms in AP_Baro::calibrate [2]

Raspberry Pi 2 with BCM2709!
PANIC: AP_Baro::read unsuccessful for more than 500ms in AP_Baro::calibrate [2]

Raspberry Pi 2 with BCM2709!
PANIC: AP_Baro::read unsuccessful for more than 500ms in AP_Baro::calibrate [2]

Raspberry Pi 2 with BCM2709!
PANIC: AP_Baro::read unsuccessful for more than 500ms in AP_Baro::calibrate [2]

Raspberry Pi 2 with BCM2709!
PANIC: AP_Baro::read unsuccessful for more than 500ms in AP_Baro::calibrate [2]

Raspberry Pi 2 with BCM2709!
PANIC: AP_Baro::read unsuccessful for more than 500ms in AP_Baro::calibrate [2]

Raspberry Pi 2 with BCM2709!
PANIC: AP_Baro::read unsuccessful for more than 500ms in AP_Baro::calibrate [2]

Raspberry Pi 2 with BCM2709!
PANIC: AP_Baro::read unsuccessful for more than 500ms in AP_Baro::calibrate [2]

Raspberry Pi 2 with BCM2709!
PANIC: AP_Baro::read unsuccessful for more than 500ms in AP_Baro::calibrate [2]

Raspberry Pi 2 with BCM2709!
PANIC: AP_Baro::read unsuccessful for more than 500ms in AP_Baro::calibrate [2]

Raspberry Pi 2 with BCM2709!
PANIC: AP_Baro::read unsuccessful for more than 500ms in AP_Baro::calibrate [2]

Raspberry Pi 2 with BCM2709!
PANIC: AP_Baro::read unsuccessful for more than 500ms in AP_Baro::calibrate [2]

Raspberry Pi 2 with BCM2709!
PANIC: AP_Baro::read unsuccessful for more than 500ms in AP_Baro::calibrate [2]

Raspberry Pi 2 with BCM2709!
PANIC: AP_Baro::read unsuccessful for more than 500ms in AP_Baro::calibrate [2]

Raspberry Pi 2 with BCM2709!
PANIC: AP_Baro::read unsuccessful for more than 500ms in AP_Baro::calibrate [2]

Raspberry Pi 2 with BCM2709!
PANIC: AP_Baro::read unsuccessful for more than 500ms in AP_Baro::calibrate [2]

Raspberry Pi 2 with BCM2709!
PANIC: AP_Baro::read unsuccessful for more than 500ms in AP_Baro::calibrate [2]

Raspberry Pi 2 with BCM2709!
PANIC: AP_Baro::read unsuccessful for more than 500ms in AP_Baro::calibrate [2]

Raspberry Pi 2 with BCM2709!
PANIC: AP_Baro::read unsuccessful for more than 500ms in AP_Baro::calibrate [2]

Raspberry Pi 2 with BCM2709!
PANIC: AP_Baro::read unsuccessful for more than 500ms in AP_Baro::calibrate [2]

Raspberry Pi 2 with BCM2709!
PANIC: AP_Baro::read unsuccessful for more than 500ms in AP_Baro::calibrate [2]

Raspberry Pi 2 with BCM2709!
PANIC: AP_Baro::read unsuccessful for more than 500ms in AP_Baro::calibrate [2]

Raspberry Pi 2 with BCM2709!
PANIC: AP_Baro::read unsuccessful for more than 500ms in AP_Baro::calibrate [2]

Raspberry Pi 2 with BCM2709!
PANIC: AP_Baro::read unsuccessful for more than 500ms in AP_Baro::calibrate [2]

Raspberry Pi 2 with BCM2709!
PANIC: AP_Baro::read unsuccessful for more than 500ms in AP_Baro::calibrate [2]

Raspberry Pi 2 with BCM2709!
PANIC: AP_Baro::read unsuccessful for more than 500ms in AP_Baro::calibrate [2]

Raspberry Pi 2 with BCM2709!
PANIC: AP_Baro::read unsuccessful for more than 500ms in AP_Baro::calibrate [2]

Raspberry Pi 2 with BCM2709!
PANIC: AP_Baro::read unsuccessful for more than 500ms in AP_Baro::calibrate [2]

Raspberry Pi 2 with BCM2709!
PANIC: AP_Baro::read unsuccessful for more than 500ms in AP_Baro::calibrate [2]

Raspberry Pi 2 with BCM2709!
PANIC: AP_Baro::read unsuccessful for more than 500ms in AP_Baro::calibrate [2]

Raspberry Pi 2 with BCM2709!
PANIC: AP_Baro::read unsuccessful for more than 500ms in AP_Baro::calibrate [2]

Raspberry Pi 2 with BCM2709!
PANIC: AP_Baro::read unsuccessful for more than 500ms in AP_Baro::calibrate [2]

Raspberry Pi 2 with BCM2709!
InterruptedInterrupted

InterruptedInterrupted

Raspberry Pi 2 with BCM2709!
Raspberry Pi 2 with BCM2709!
No INS backends available
Raspberry Pi 2 with BCM2709!
No INS backends available
Raspberry Pi 2 with BCM2709!
No INS backends available
Raspberry Pi 2 with BCM2709!
No INS backends available
Raspberry Pi 2 with BCM2709!
No INS backends available
Raspberry Pi 2 with BCM2709!
No INS backends available
Raspberry Pi 2 with BCM2709!
No INS backends available
Raspberry Pi 2 with BCM2709!
No INS backends available
Raspberry Pi 2 with BCM2709!
No INS backends available
Raspberry Pi 2 with BCM2709!
No INS backends available
Raspberry Pi 2 with BCM2709!
No INS backends available
Raspberry Pi 2 with BCM2709!
No INS backends available
Raspberry Pi 2 with BCM2709!
No INS backends available
Raspberry Pi 2 with BCM2709!
Interrupted: Continued
Interrupted: Continued
Raspberry Pi 2 with BCM2709!
No INS backends available
Raspberry Pi 2 with BCM2709!
No INS backends available
Raspberry Pi 2 with BCM2709!
No INS backends available
Raspberry Pi 2 with BCM2709!
No INS backends available
Raspberry Pi 2 with BCM2709!
No INS backends available
Raspberry Pi 2 with BCM2709!
No INS backends available
Raspberry Pi 2 with BCM2709!
No INS backends available
Raspberry Pi 2 with BCM2709!
No INS backends available
Raspberry Pi 2 with BCM2709!
No INS backends available
Raspberry Pi 2 with BCM2709!
No INS backends available
Raspberry Pi 2 with BCM2709!
No INS backends available
Raspberry Pi 2 with BCM2709!
No INS backends available
Raspberry Pi 2 with BCM2709!
Interrupted: Continued
Raspberry Pi 2 with BCM2709!
Interrupted
Raspberry Pi 2 with BCM2709!
Interrupted
Raspberry Pi 2 with BCM2709!
InterruptedInterrupted

Raspberry Pi 2 with BCM2709!
Raspberry Pi 2 with BCM2709!
Interrupted
Raspberry Pi 2 with BCM2709!
InterruptedInterrupted

Raspberry Pi 2 with BCM2709!
Raspberry Pi 2 with BCM2709!
Interrupted
Raspberry Pi 2 with BCM2709!
Interrupted: Terminated
Interrupted: Continued
Raspberry Pi 1 with BCM2708!
Interrupted: Segmentation fault
Interrupted
Raspberry Pi 2 with BCM2709!
InterruptedInterrupted
Raspberry Pi 2 with BCM2709!
InterruptedInterrupted: Terminated
Interrupted: Continued
Raspberry Pi 1 with BCM2708!
Interrupted: Segmentation fault
InterruptedInterrupted

Raspberry Pi 2 with BCM2709!
Raspberry Pi 2 with BCM2709!
InterruptedInterrupted

Raspberry Pi 2 with BCM2709!
Raspberry Pi 2 with BCM2709!
Interrupted
Raspberry Pi 2 with BCM2709!
Interrupted
Raspberry Pi 2 with BCM2709!
Interrupted
Raspberry Pi 2 with BCM2709!
Interrupted
Raspberry Pi 2 with BCM2709!
