Interrupted
Raspberry Pi 2 with BCM2709!
Raspberry Pi 2 with BCM2709!
InterruptedInterruptedInterruptedInterrupted

Raspberry Pi 2 with BCM2709!
Raspberry Pi 2 with BCM2709!
InterruptedInterruptedInterruptedInterruptedInterruptedInterrupted
InterruptedInterrupted

Raspberry Pi 2 with BCM2709!
Raspberry Pi 2 with BCM2709!
Raspberry Pi 2 with BCM2709!
Raspberry Pi 2 with BCM2709!
InterruptedInterrupted

Raspberry Pi 2 with BCM2709!
Raspberry Pi 2 with BCM2709!
Raspberry Pi 2 with BCM2709!
Raspberry Pi 2 with BCM2709!
InterruptedInterrupted
Raspberry Pi 2 with BCM2709!
InterruptedInterruptedInterrupted
Raspberry Pi 2 with BCM2709!
InterruptedInterrupted
Raspberry Pi 2 with BCM2709!
InterruptedInterrupted

Raspberry Pi 2 with BCM2709!
Raspberry Pi 2 with BCM2709!
Interrupted
Raspberry Pi 2 with BCM2709!
Interrupted
Raspberry Pi 2 with BCM2709!
Interrupted
Raspberry Pi 2 with BCM2709!
Interrupted
Raspberry Pi 2 with BCM2709!
Interrupted
Raspberry Pi 2 with BCM2709!
Interrupted
Raspberry Pi 2 with BCM2709!
Interrupted
Raspberry Pi 2 with BCM2709!
Interrupted
Raspberry Pi 2 with BCM2709!
Interrupted
Raspberry Pi 2 with BCM2709!
Interrupted
Raspberry Pi 2 with BCM2709!
Interrupted
Raspberry Pi 2 with BCM2709!
Interrupted
Raspberry Pi 2 with BCM2709!
Interrupted
Raspberry Pi 2 with BCM2709!
Interrupted
Raspberry Pi 2 with BCM2709!
Interrupted
Raspberry Pi 2 with BCM2709!
Interrupted
Raspberry Pi 2 with BCM2709!
Interrupted
Raspberry Pi 2 with BCM2709!
Interrupted
Raspberry Pi 2 with BCM2709!
Interrupted
Raspberry Pi 2 with BCM2709!
Interrupted
Raspberry Pi 2 with BCM2709!
Interrupted
Raspberry Pi 2 with BCM2709!
Interrupted
Raspberry Pi 2 with BCM2709!
Interrupted
Raspberry Pi 2 with BCM2709!
Interrupted
Raspberry Pi 2 with BCM2709!
Interrupted
Raspberry Pi 2 with BCM2709!
