[roslaunch][INFO] 2016-04-01 09:33:40,444: Checking log directory for disk usage. This may take awhile.
Press Ctrl-C to interrupt
[roslaunch][INFO] 2016-04-01 09:33:40,480: Done checking log file disk usage. Usage is <1GB.
[roslaunch][INFO] 2016-04-01 09:33:40,482: roslaunch starting with args ['/home/erle/ros_catkin_ws/install_isolated/bin/roslaunch', 'robot_blockly', 'robot_blockly.launch']
[roslaunch][INFO] 2016-04-01 09:33:40,483: roslaunch env is {'ROS_DISTRO': 'indigo', 'SSH_CLIENT': '192.168.1.54 52340 22', 'CPATH': '/home/erle/ros_catkin_ws/install_isolated/include', 'LOGNAME': 'erle', 'USER': 'erle', 'HOME': '/home/erle', 'PATH': '/home/erle/ros_catkin_ws/install_isolated/bin:/usr/local/sbin:/usr/local/bin:/usr/sbin:/usr/bin:/sbin:/bin:/usr/local/games:/usr/games', 'CMAKE_PREFIX_PATH': '/home/erle/ros_catkin_ws/install_isolated', 'LD_LIBRARY_PATH': '/home/erle/ros_catkin_ws/install_isolated/lib/arm-linux-gnueabihf:/home/erle/ros_catkin_ws/devel_isolated/rosbag/lib:/home/erle/ros_catkin_ws/install_isolated/lib', 'LANG': 'en_GB.UTF-8', 'TERM': 'xterm-256color', 'SHELL': '/bin/bash', 'SHLVL': '1', 'ROS_LOG_FILENAME': '/home/erle/.ros/log/d83d180c-c8de-11e5-b744-74da386a00ba/roslaunch-erle-brain-2-5937.log', 'ROS_ETC_DIR': '/home/erle/ros_catkin_ws/install_isolated/etc/ros', 'XDG_RUNTIME_DIR': '/run/user/1001', 'PYTHONPATH': '/home/erle/ros_catkin_ws/install_isolated/lib/python2.7/dist-packages', 'ROS_ROOT': '/home/erle/ros_catkin_ws/install_isolated/share/ros', 'PKG_CONFIG_PATH': '/home/erle/ros_catkin_ws/install_isolated/lib/arm-linux-gnueabihf/pkgconfig:/home/erle/ros_catkin_ws/devel_isolated/rosbag/lib/pkgconfig:/home/erle/ros_catkin_ws/install_isolated/lib/pkgconfig', 'ROS_PACKAGE_PATH': '/home/erle/ros_catkin_ws/install_isolated/share:/home/erle/ros_catkin_ws/install_isolated/stacks', 'XDG_SESSION_ID': 'c3', '_': '/home/erle/ros_catkin_ws/install_isolated/bin/roslaunch', 'SSH_CONNECTION': '192.168.1.54 52340 192.168.1.52 22', 'SSH_TTY': '/dev/pts/0', 'OLDPWD': '/home/erle/ros_catkin_ws', 'ROSLISP_PACKAGE_DIRECTORIES': '', 'PWD': '/home/erle', 'ROS_MASTER_URI': 'http://localhost:11311', 'MAIL': '/var/mail/erle', 'LS_COLORS': 'rs=0:di=01;34:ln=01;36:mh=00:pi=40;33:so=01;35:do=01;35:bd=40;33;01:cd=40;33;01:or=40;31;01:su=37;41:sg=30;43:ca=30;41:tw=30;42:ow=34;42:st=37;44:ex=01;32:*.tar=01;31:*.tgz=01;31:*.arc=01;31:*.arj=01;31:*.taz=01;31:*.lha=01;31:*.lz4=01;31:*.lzh=01;31:*.lzma=01;31:*.tlz=01;31:*.txz=01;31:*.tzo=01;31:*.t7z=01;31:*.zip=01;31:*.z=01;31:*.Z=01;31:*.dz=01;31:*.gz=01;31:*.lrz=01;31:*.lz=01;31:*.lzo=01;31:*.xz=01;31:*.bz2=01;31:*.bz=01;31:*.tbz=01;31:*.tbz2=01;31:*.tz=01;31:*.deb=01;31:*.rpm=01;31:*.jar=01;31:*.war=01;31:*.ear=01;31:*.sar=01;31:*.rar=01;31:*.alz=01;31:*.ace=01;31:*.zoo=01;31:*.cpio=01;31:*.7z=01;31:*.rz=01;31:*.cab=01;31:*.jpg=01;35:*.jpeg=01;35:*.gif=01;35:*.bmp=01;35:*.pbm=01;35:*.pgm=01;35:*.ppm=01;35:*.tga=01;35:*.xbm=01;35:*.xpm=01;35:*.tif=01;35:*.tiff=01;35:*.png=01;35:*.svg=01;35:*.svgz=01;35:*.mng=01;35:*.pcx=01;35:*.mov=01;35:*.mpg=01;35:*.mpeg=01;35:*.m2v=01;35:*.mkv=01;35:*.webm=01;35:*.ogm=01;35:*.mp4=01;35:*.m4v=01;35:*.mp4v=01;35:*.vob=01;35:*.qt=01;35:*.nuv=01;35:*.wmv=01;35:*.asf=01;35:*.rm=01;35:*.rmvb=01;35:*.flc=01;35:*.avi=01;35:*.fli=01;35:*.flv=01;35:*.gl=01;35:*.dl=01;35:*.xcf=01;35:*.xwd=01;35:*.yuv=01;35:*.cgm=01;35:*.emf=01;35:*.axv=01;35:*.anx=01;35:*.ogv=01;35:*.ogx=01;35:*.aac=00;36:*.au=00;36:*.flac=00;36:*.m4a=00;36:*.mid=00;36:*.midi=00;36:*.mka=00;36:*.mp3=00;36:*.mpc=00;36:*.ogg=00;36:*.ra=00;36:*.wav=00;36:*.axa=00;36:*.oga=00;36:*.spx=00;36:*.xspf=00;36:'}
[roslaunch][INFO] 2016-04-01 09:33:40,484: starting in server mode
[roslaunch.parent][INFO] 2016-04-01 09:33:40,486: starting roslaunch parent run
[roslaunch][INFO] 2016-04-01 09:33:40,488: loading roscore config file /home/erle/ros_catkin_ws/install_isolated/etc/ros/roscore.xml
[roslaunch][INFO] 2016-04-01 09:33:41,501: Added core node of type [rosout/rosout] in namespace [/]
[roslaunch.config][INFO] 2016-04-01 09:33:41,502: loading config file /home/erle/ros_catkin_ws/install_isolated/share/robot_blockly/launch/robot_blockly.launch
[roslaunch][INFO] 2016-04-01 09:33:41,506: Added node of type [robot_blockly/robot_blockly_backend.py] in namespace [/]
[roslaunch][INFO] 2016-04-01 09:33:41,508: Added node of type [robot_blockly/pywebserver.py] in namespace [/]
[roslaunch][INFO] 2016-04-01 09:33:41,509: ... selected machine [] for node of type [robot_blockly/robot_blockly_backend.py]
[roslaunch][INFO] 2016-04-01 09:33:41,510: ... selected machine [] for node of type [robot_blockly/pywebserver.py]
[roslaunch.pmon][INFO] 2016-04-01 09:33:41,515: start_process_monitor: creating ProcessMonitor
[roslaunch.pmon][INFO] 2016-04-01 09:33:41,517: created process monitor <ProcessMonitor(ProcessMonitor-1, initial daemon)>
[roslaunch.pmon][INFO] 2016-04-01 09:33:41,518: start_process_monitor: ProcessMonitor started
[roslaunch.parent][INFO] 2016-04-01 09:33:41,519: starting parent XML-RPC server
[roslaunch.server][INFO] 2016-04-01 09:33:41,520: starting roslaunch XML-RPC server
[roslaunch.server][INFO] 2016-04-01 09:33:41,520: waiting for roslaunch XML-RPC server to initialize
[xmlrpc][INFO] 2016-04-01 09:33:41,521: XML-RPC server binding to 0.0.0.0:0
[xmlrpc][INFO] 2016-04-01 09:33:41,524: Started XML-RPC server [http://erle-brain-2:50232/]
[xmlrpc][INFO] 2016-04-01 09:33:41,525: xml rpc node: starting XML-RPC server
[roslaunch][INFO] 2016-04-01 09:33:41,540: started roslaunch server http://erle-brain-2:50232/
[roslaunch.parent][INFO] 2016-04-01 09:33:41,542: ... parent XML-RPC server started
[roslaunch][INFO] 2016-04-01 09:33:41,545: master.is_running[http://localhost:11311]
[roslaunch][INFO] 2016-04-01 09:33:41,554: master.is_running[http://localhost:11311]
[roslaunch][INFO] 2016-04-01 09:33:41,564: ROS_MASTER_URI=http://localhost:11311
[roslaunch][INFO] 2016-04-01 09:33:41,581: setting /roslaunch/uris/host_erle_brain_2__50232' to http://erle-brain-2:50232/
[roslaunch][INFO] 2016-04-01 09:33:41,602: load_parameters starting ...
[roslaunch][INFO] 2016-04-01 09:33:41,625: ... load_parameters complete
[roslaunch][INFO] 2016-04-01 09:33:41,626: launch_nodes: launching local nodes ...
[roslaunch][INFO] 2016-04-01 09:33:41,628: ... preparing to launch node of type [robot_blockly/robot_blockly_backend.py]
[roslaunch][INFO] 2016-04-01 09:33:41,629: create_node_process: package[robot_blockly] type[robot_blockly_backend.py] machine[Machine(name[] env_loader[None] address[localhost] ssh_port[22] user[None] assignable[True] timeout[10.0])] master_uri[http://localhost:11311]
[roslaunch][INFO] 2016-04-01 09:33:41,630: process[robot_blockly_backend-1]: env[{'ROS_DISTRO': 'indigo', 'SSH_CLIENT': '192.168.1.54 52340 22', 'CPATH': '/home/erle/ros_catkin_ws/install_isolated/include', 'LOGNAME': 'erle', 'USER': 'erle', 'HOME': '/home/erle', 'PATH': '/home/erle/ros_catkin_ws/install_isolated/bin:/usr/local/sbin:/usr/local/bin:/usr/sbin:/usr/bin:/sbin:/bin:/usr/local/games:/usr/games', 'CMAKE_PREFIX_PATH': '/home/erle/ros_catkin_ws/install_isolated', 'ROS_LOG_FILENAME': '/home/erle/.ros/log/d83d180c-c8de-11e5-b744-74da386a00ba/roslaunch-erle-brain-2-5937.log', 'LANG': 'en_GB.UTF-8', 'TERM': 'xterm-256color', 'SHELL': '/bin/bash', 'SHLVL': '1', 'LD_LIBRARY_PATH': '/home/erle/ros_catkin_ws/install_isolated/lib/arm-linux-gnueabihf:/home/erle/ros_catkin_ws/devel_isolated/rosbag/lib:/home/erle/ros_catkin_ws/install_isolated/lib', 'ROS_MASTER_URI': 'http://localhost:11311', 'XDG_RUNTIME_DIR': '/run/user/1001', 'PYTHONPATH': '/home/erle/ros_catkin_ws/install_isolated/lib/python2.7/dist-packages', 'ROS_ROOT': '/home/erle/ros_catkin_ws/install_isolated/share/ros', 'PKG_CONFIG_PATH': '/home/erle/ros_catkin_ws/install_isolated/lib/arm-linux-gnueabihf/pkgconfig:/home/erle/ros_catkin_ws/devel_isolated/rosbag/lib/pkgconfig:/home/erle/ros_catkin_ws/install_isolated/lib/pkgconfig', 'ROS_PACKAGE_PATH': '/home/erle/ros_catkin_ws/install_isolated/share:/home/erle/ros_catkin_ws/install_isolated/stacks', 'XDG_SESSION_ID': 'c3', '_': '/home/erle/ros_catkin_ws/install_isolated/bin/roslaunch', 'LS_COLORS': 'rs=0:di=01;34:ln=01;36:mh=00:pi=40;33:so=01;35:do=01;35:bd=40;33;01:cd=40;33;01:or=40;31;01:su=37;41:sg=30;43:ca=30;41:tw=30;42:ow=34;42:st=37;44:ex=01;32:*.tar=01;31:*.tgz=01;31:*.arc=01;31:*.arj=01;31:*.taz=01;31:*.lha=01;31:*.lz4=01;31:*.lzh=01;31:*.lzma=01;31:*.tlz=01;31:*.txz=01;31:*.tzo=01;31:*.t7z=01;31:*.zip=01;31:*.z=01;31:*.Z=01;31:*.dz=01;31:*.gz=01;31:*.lrz=01;31:*.lz=01;31:*.lzo=01;31:*.xz=01;31:*.bz2=01;31:*.bz=01;31:*.tbz=01;31:*.tbz2=01;31:*.tz=01;31:*.deb=01;31:*.rpm=01;31:*.jar=01;31:*.war=01;31:*.ear=01;31:*.sar=01;31:*.rar=01;31:*.alz=01;31:*.ace=01;31:*.zoo=01;31:*.cpio=01;31:*.7z=01;31:*.rz=01;31:*.cab=01;31:*.jpg=01;35:*.jpeg=01;35:*.gif=01;35:*.bmp=01;35:*.pbm=01;35:*.pgm=01;35:*.ppm=01;35:*.tga=01;35:*.xbm=01;35:*.xpm=01;35:*.tif=01;35:*.tiff=01;35:*.png=01;35:*.svg=01;35:*.svgz=01;35:*.mng=01;35:*.pcx=01;35:*.mov=01;35:*.mpg=01;35:*.mpeg=01;35:*.m2v=01;35:*.mkv=01;35:*.webm=01;35:*.ogm=01;35:*.mp4=01;35:*.m4v=01;35:*.mp4v=01;35:*.vob=01;35:*.qt=01;35:*.nuv=01;35:*.wmv=01;35:*.asf=01;35:*.rm=01;35:*.rmvb=01;35:*.flc=01;35:*.avi=01;35:*.fli=01;35:*.flv=01;35:*.gl=01;35:*.dl=01;35:*.xcf=01;35:*.xwd=01;35:*.yuv=01;35:*.cgm=01;35:*.emf=01;35:*.axv=01;35:*.anx=01;35:*.ogv=01;35:*.ogx=01;35:*.aac=00;36:*.au=00;36:*.flac=00;36:*.m4a=00;36:*.mid=00;36:*.midi=00;36:*.mka=00;36:*.mp3=00;36:*.mpc=00;36:*.ogg=00;36:*.ra=00;36:*.wav=00;36:*.axa=00;36:*.oga=00;36:*.spx=00;36:*.xspf=00;36:', 'SSH_TTY': '/dev/pts/0', 'OLDPWD': '/home/erle/ros_catkin_ws', 'ROSLISP_PACKAGE_DIRECTORIES': '', 'PWD': '/home/erle', 'ROS_ETC_DIR': '/home/erle/ros_catkin_ws/install_isolated/etc/ros', 'MAIL': '/var/mail/erle', 'SSH_CONNECTION': '192.168.1.54 52340 192.168.1.52 22'}]
[roslaunch][INFO] 2016-04-01 09:33:42,591: process[robot_blockly_backend-1]: args[[u'/home/erle/ros_catkin_ws/install_isolated/lib/robot_blockly/scripts/robot_blockly_backend.py', u'__name:=robot_blockly_backend']]
[roslaunch][INFO] 2016-04-01 09:33:42,592: ... created process [robot_blockly_backend-1]
[roslaunch.pmon][INFO] 2016-04-01 09:33:42,594: ProcessMonitor.register[robot_blockly_backend-1]
[roslaunch.pmon][INFO] 2016-04-01 09:33:42,594: ProcessMonitor.register[robot_blockly_backend-1] complete
[roslaunch][INFO] 2016-04-01 09:33:42,595: ... registered process [robot_blockly_backend-1]
[roslaunch][INFO] 2016-04-01 09:33:42,596: process[robot_blockly_backend-1]: starting os process
[roslaunch][INFO] 2016-04-01 09:33:42,597: process[robot_blockly_backend-1]: start w/ args [[u'/home/erle/ros_catkin_ws/install_isolated/lib/robot_blockly/scripts/robot_blockly_backend.py', u'__name:=robot_blockly_backend', u'__log:=/home/erle/.ros/log/d83d180c-c8de-11e5-b744-74da386a00ba/robot_blockly_backend-1.log']]
[roslaunch][INFO] 2016-04-01 09:33:42,597: process[robot_blockly_backend-1]: cwd will be [/home/erle/.ros]
[roslaunch][INFO] 2016-04-01 09:33:42,659: process[robot_blockly_backend-1]: started with pid [6000]
[roslaunch][INFO] 2016-04-01 09:33:42,661: ... successfully launched [robot_blockly_backend-1]
[roslaunch][INFO] 2016-04-01 09:33:42,662: ... preparing to launch node of type [robot_blockly/pywebserver.py]
[roslaunch][INFO] 2016-04-01 09:33:42,663: create_node_process: package[robot_blockly] type[pywebserver.py] machine[Machine(name[] env_loader[None] address[localhost] ssh_port[22] user[None] assignable[True] timeout[10.0])] master_uri[http://localhost:11311]
[roslaunch][INFO] 2016-04-01 09:33:42,665: process[robot_blockly_webserver-2]: env[{'ROS_DISTRO': 'indigo', 'SSH_CLIENT': '192.168.1.54 52340 22', 'CPATH': '/home/erle/ros_catkin_ws/install_isolated/include', 'LOGNAME': 'erle', 'USER': 'erle', 'HOME': '/home/erle', 'PATH': '/home/erle/ros_catkin_ws/install_isolated/bin:/usr/local/sbin:/usr/local/bin:/usr/sbin:/usr/bin:/sbin:/bin:/usr/local/games:/usr/games', 'CMAKE_PREFIX_PATH': '/home/erle/ros_catkin_ws/install_isolated', 'ROS_LOG_FILENAME': '/home/erle/.ros/log/d83d180c-c8de-11e5-b744-74da386a00ba/roslaunch-erle-brain-2-5937.log', 'LANG': 'en_GB.UTF-8', 'TERM': 'xterm-256color', 'SHELL': '/bin/bash', 'SHLVL': '1', 'LD_LIBRARY_PATH': '/home/erle/ros_catkin_ws/install_isolated/lib/arm-linux-gnueabihf:/home/erle/ros_catkin_ws/devel_isolated/rosbag/lib:/home/erle/ros_catkin_ws/install_isolated/lib', 'ROS_MASTER_URI': 'http://localhost:11311', 'XDG_RUNTIME_DIR': '/run/user/1001', 'PYTHONPATH': '/home/erle/ros_catkin_ws/install_isolated/lib/python2.7/dist-packages', 'ROS_ROOT': '/home/erle/ros_catkin_ws/install_isolated/share/ros', 'PKG_CONFIG_PATH': '/home/erle/ros_catkin_ws/install_isolated/lib/arm-linux-gnueabihf/pkgconfig:/home/erle/ros_catkin_ws/devel_isolated/rosbag/lib/pkgconfig:/home/erle/ros_catkin_ws/install_isolated/lib/pkgconfig', 'ROS_PACKAGE_PATH': '/home/erle/ros_catkin_ws/install_isolated/share:/home/erle/ros_catkin_ws/install_isolated/stacks', 'XDG_SESSION_ID': 'c3', '_': '/home/erle/ros_catkin_ws/install_isolated/bin/roslaunch', 'LS_COLORS': 'rs=0:di=01;34:ln=01;36:mh=00:pi=40;33:so=01;35:do=01;35:bd=40;33;01:cd=40;33;01:or=40;31;01:su=37;41:sg=30;43:ca=30;41:tw=30;42:ow=34;42:st=37;44:ex=01;32:*.tar=01;31:*.tgz=01;31:*.arc=01;31:*.arj=01;31:*.taz=01;31:*.lha=01;31:*.lz4=01;31:*.lzh=01;31:*.lzma=01;31:*.tlz=01;31:*.txz=01;31:*.tzo=01;31:*.t7z=01;31:*.zip=01;31:*.z=01;31:*.Z=01;31:*.dz=01;31:*.gz=01;31:*.lrz=01;31:*.lz=01;31:*.lzo=01;31:*.xz=01;31:*.bz2=01;31:*.bz=01;31:*.tbz=01;31:*.tbz2=01;31:*.tz=01;31:*.deb=01;31:*.rpm=01;31:*.jar=01;31:*.war=01;31:*.ear=01;31:*.sar=01;31:*.rar=01;31:*.alz=01;31:*.ace=01;31:*.zoo=01;31:*.cpio=01;31:*.7z=01;31:*.rz=01;31:*.cab=01;31:*.jpg=01;35:*.jpeg=01;35:*.gif=01;35:*.bmp=01;35:*.pbm=01;35:*.pgm=01;35:*.ppm=01;35:*.tga=01;35:*.xbm=01;35:*.xpm=01;35:*.tif=01;35:*.tiff=01;35:*.png=01;35:*.svg=01;35:*.svgz=01;35:*.mng=01;35:*.pcx=01;35:*.mov=01;35:*.mpg=01;35:*.mpeg=01;35:*.m2v=01;35:*.mkv=01;35:*.webm=01;35:*.ogm=01;35:*.mp4=01;35:*.m4v=01;35:*.mp4v=01;35:*.vob=01;35:*.qt=01;35:*.nuv=01;35:*.wmv=01;35:*.asf=01;35:*.rm=01;35:*.rmvb=01;35:*.flc=01;35:*.avi=01;35:*.fli=01;35:*.flv=01;35:*.gl=01;35:*.dl=01;35:*.xcf=01;35:*.xwd=01;35:*.yuv=01;35:*.cgm=01;35:*.emf=01;35:*.axv=01;35:*.anx=01;35:*.ogv=01;35:*.ogx=01;35:*.aac=00;36:*.au=00;36:*.flac=00;36:*.m4a=00;36:*.mid=00;36:*.midi=00;36:*.mka=00;36:*.mp3=00;36:*.mpc=00;36:*.ogg=00;36:*.ra=00;36:*.wav=00;36:*.axa=00;36:*.oga=00;36:*.spx=00;36:*.xspf=00;36:', 'SSH_TTY': '/dev/pts/0', 'OLDPWD': '/home/erle/ros_catkin_ws', 'ROSLISP_PACKAGE_DIRECTORIES': '', 'PWD': '/home/erle', 'ROS_ETC_DIR': '/home/erle/ros_catkin_ws/install_isolated/etc/ros', 'MAIL': '/var/mail/erle', 'SSH_CONNECTION': '192.168.1.54 52340 192.168.1.52 22'}]
[roslaunch][INFO] 2016-04-01 09:33:43,614: process[robot_blockly_webserver-2]: args[[u'/home/erle/ros_catkin_ws/install_isolated/lib/robot_blockly/scripts/pywebserver.py', u'__name:=robot_blockly_webserver']]
[roslaunch][INFO] 2016-04-01 09:33:43,616: ... created process [robot_blockly_webserver-2]
[roslaunch.pmon][INFO] 2016-04-01 09:33:43,617: ProcessMonitor.register[robot_blockly_webserver-2]
[roslaunch.pmon][INFO] 2016-04-01 09:33:43,618: ProcessMonitor.register[robot_blockly_webserver-2] complete
[roslaunch][INFO] 2016-04-01 09:33:43,619: ... registered process [robot_blockly_webserver-2]
[roslaunch][INFO] 2016-04-01 09:33:43,620: process[robot_blockly_webserver-2]: starting os process
[roslaunch][INFO] 2016-04-01 09:33:43,622: process[robot_blockly_webserver-2]: start w/ args [[u'/home/erle/ros_catkin_ws/install_isolated/lib/robot_blockly/scripts/pywebserver.py', u'__name:=robot_blockly_webserver', u'__log:=/home/erle/.ros/log/d83d180c-c8de-11e5-b744-74da386a00ba/robot_blockly_webserver-2.log']]
[roslaunch][INFO] 2016-04-01 09:33:43,623: process[robot_blockly_webserver-2]: cwd will be [/home/erle/.ros]
[roslaunch][INFO] 2016-04-01 09:33:43,689: process[robot_blockly_webserver-2]: started with pid [6001]
[roslaunch][INFO] 2016-04-01 09:33:43,690: ... successfully launched [robot_blockly_webserver-2]
[roslaunch][INFO] 2016-04-01 09:33:43,692: ... launch_nodes complete
[roslaunch.pmon][INFO] 2016-04-01 09:33:43,693: registrations completed <ProcessMonitor(ProcessMonitor-1, started daemon 1983210592)>
[roslaunch.parent][INFO] 2016-04-01 09:33:43,694: ... roslaunch parent running, waiting for process exit
[roslaunch][INFO] 2016-04-01 09:33:43,695: spin
[roslaunch][ERROR] 2016-04-01 09:33:44,836: [robot_blockly_webserver-2] process has died [pid 6001, exit code 1, cmd /home/erle/ros_catkin_ws/install_isolated/lib/robot_blockly/scripts/pywebserver.py __name:=robot_blockly_webserver __log:=/home/erle/.ros/log/d83d180c-c8de-11e5-b744-74da386a00ba/robot_blockly_webserver-2.log].
log file: /home/erle/.ros/log/d83d180c-c8de-11e5-b744-74da386a00ba/robot_blockly_webserver-2*.log
[roslaunch.pmon][INFO] 2016-04-01 09:33:44,837: ProcessMonitor.unregister[robot_blockly_webserver-2] starting
[roslaunch.pmon][INFO] 2016-04-01 09:33:44,838: ProcessMonitor.unregister[robot_blockly_webserver-2] complete
[roslaunch][ERROR] 2016-04-01 09:33:46,446: [robot_blockly_backend-1] process has died [pid 6000, exit code 1, cmd /home/erle/ros_catkin_ws/install_isolated/lib/robot_blockly/scripts/robot_blockly_backend.py __name:=robot_blockly_backend __log:=/home/erle/.ros/log/d83d180c-c8de-11e5-b744-74da386a00ba/robot_blockly_backend-1.log].
log file: /home/erle/.ros/log/d83d180c-c8de-11e5-b744-74da386a00ba/robot_blockly_backend-1*.log
[roslaunch.pmon][INFO] 2016-04-01 09:33:46,448: ProcessMonitor.unregister[robot_blockly_backend-1] starting
[roslaunch.pmon][INFO] 2016-04-01 09:33:46,449: ProcessMonitor.unregister[robot_blockly_backend-1] complete
[roslaunch][INFO] 2016-04-01 09:33:46,450: all processes on machine have died, roslaunch will exit
[roslaunch.pmon][INFO] 2016-04-01 09:33:46,552: ProcessMonitor._post_run <ProcessMonitor(ProcessMonitor-1, started daemon 1983210592)>
[roslaunch.pmon][INFO] 2016-04-01 09:33:46,553: ProcessMonitor._post_run <ProcessMonitor(ProcessMonitor-1, started daemon 1983210592)>: remaining procs are []
[roslaunch.pmon][INFO] 2016-04-01 09:33:46,560: ProcessMonitor exit: cleaning up data structures and signals
[roslaunch.pmon][INFO] 2016-04-01 09:33:46,561: ProcessMonitor exit: pmon has shutdown
[roslaunch][INFO] 2016-04-01 09:33:46,603: process monitor is done spinning, initiating full shutdown
[roslaunch][INFO] 2016-04-01 09:33:46,604: runner.stop()
[roslaunch][INFO] 2016-04-01 09:33:46,604: shutting down processing monitor...
[roslaunch][INFO] 2016-04-01 09:33:46,605: shutting down processing monitor <ProcessMonitor(ProcessMonitor-1, stopped daemon 1983210592)>
[roslaunch.pmon][INFO] 2016-04-01 09:33:46,606: ProcessMonitor.shutdown <ProcessMonitor(ProcessMonitor-1, stopped daemon 1983210592)>
[roslaunch][INFO] 2016-04-01 09:33:46,607: ... shutting down processing monitor complete
[roslaunch][INFO] 2016-04-01 09:33:46,608: done
[roslaunch.pmon][INFO] 2016-04-01 09:33:46,609: ProcessMonitor.shutdown <ProcessMonitor(ProcessMonitor-1, stopped daemon 1983210592)>
[rospy.core][INFO] 2016-04-01 09:33:46,610: signal_shutdown [atexit]
