[rosmaster.main][INFO] 2015-10-27 17:01:47,816: initialization complete, waiting for shutdown
[rosmaster.main][INFO] 2015-10-27 17:01:47,817: Starting ROS Master Node
[xmlrpc][INFO] 2015-10-27 17:01:47,821: XML-RPC server binding to 0.0.0.0:11311
[xmlrpc][INFO] 2015-10-27 17:01:47,824: Started XML-RPC server [http://erle-brain-2:11311/]
[rosmaster.master][INFO] 2015-10-27 17:01:47,825: Master initialized: port[11311], uri[http://erle-brain-2:11311/]
[xmlrpc][INFO] 2015-10-27 17:01:47,825: xml rpc node: starting XML-RPC server
[rosmaster.master][INFO] 2015-10-27 17:01:47,900: +PARAM [/run_id] by /roslaunch
[rosmaster.master][INFO] 2015-10-27 17:01:47,909: +PARAM [/roslaunch/uris/host_erle_brain_2__37491] by /roslaunch
[rosmaster.master][INFO] 2015-10-27 17:01:48,126: +PARAM [/rosversion] by /roslaunch
[rosmaster.master][INFO] 2015-10-27 17:01:48,127: +PARAM [/rosdistro] by /roslaunch
[rosmaster.master][INFO] 2015-10-27 17:01:48,177: +SERVICE [/rosout/get_loggers] /rosout http://erle-brain-2:43327/
[rosmaster.master][INFO] 2015-10-27 17:01:48,184: +SERVICE [/rosout/set_logger_level] /rosout http://erle-brain-2:43327/
[rosmaster.master][INFO] 2015-10-27 17:01:48,197: +PUB [/rosout_agg] /rosout http://erle-brain-2:43327/
[rosmaster.master][INFO] 2015-10-27 17:01:48,229: +SUB [/rosout] /rosout http://erle-brain-2:43327/
[rosmaster.master][INFO] 2015-10-27 17:08:27,698: +PARAM [/mavros/fcu_url] by /mavros
[rosmaster.master][INFO] 2015-10-27 17:08:27,705: +PARAM [/mavros/gcs_url] by /mavros
[rosmaster.master][INFO] 2015-10-27 17:08:27,722: +PUB [/rosout] /mavros http://erle-brain-2:45233/
[rosmaster.master][INFO] 2015-10-27 17:08:27,729: +SERVICE [/mavros/get_loggers] /mavros http://erle-brain-2:45233/
[rosmaster.master][INFO] 2015-10-27 17:08:27,736: +SERVICE [/mavros/set_logger_level] /mavros http://erle-brain-2:45233/
[rosmaster.master][INFO] 2015-10-27 17:08:27,778: publisherUpdate[/rosout] -> http://erle-brain-2:43327/
[rosmaster.master][INFO] 2015-10-27 17:08:27,820: +PUB [/diagnostics] /mavros http://erle-brain-2:45233/
[rosmaster.master][INFO] 2015-10-27 17:08:27,868: +SUB [/tf] /mavros http://erle-brain-2:45233/
[rosmaster.master][INFO] 2015-10-27 17:08:27,903: +SUB [/tf_static] /mavros http://erle-brain-2:45233/
[rosmaster.master][INFO] 2015-10-27 17:08:27,910: +PUB [/tf] /mavros http://erle-brain-2:45233/
[rosmaster.master][INFO] 2015-10-27 17:08:27,982: +PUB [/mavlink/from] /mavros http://erle-brain-2:45233/
[rosmaster.master][INFO] 2015-10-27 17:08:27,987: publisherUpdate[/tf] -> http://erle-brain-2:45233/
[rosmaster.master][INFO] 2015-10-27 17:08:28,020: +SUB [/mavlink/to] /mavros http://erle-brain-2:45233/
[rosmaster.master][INFO] 2015-10-27 17:08:28,322: +PUB [/mavros/radio_status] /mavros http://erle-brain-2:45233/
[rosmaster.master][INFO] 2015-10-27 17:08:28,356: +SUB [/mavros/actuator_control] /mavros http://erle-brain-2:45233/
[rosmaster.master][INFO] 2015-10-27 17:08:28,616: +SERVICE [/mavros/cmd/command] /mavros http://erle-brain-2:45233/
[rosmaster.master][INFO] 2015-10-27 17:08:28,623: +SERVICE [/mavros/cmd/command_int] /mavros http://erle-brain-2:45233/
[rosmaster.master][INFO] 2015-10-27 17:08:28,630: +SERVICE [/mavros/cmd/arming] /mavros http://erle-brain-2:45233/
[rosmaster.master][INFO] 2015-10-27 17:08:28,636: +SERVICE [/mavros/cmd/set_home] /mavros http://erle-brain-2:45233/
[rosmaster.master][INFO] 2015-10-27 17:08:28,643: +SERVICE [/mavros/cmd/takeoff] /mavros http://erle-brain-2:45233/
[rosmaster.master][INFO] 2015-10-27 17:08:28,650: +SERVICE [/mavros/cmd/land] /mavros http://erle-brain-2:45233/
[rosmaster.master][INFO] 2015-10-27 17:08:28,656: +SERVICE [/mavros/cmd/guided_enable] /mavros http://erle-brain-2:45233/
[rosmaster.master][INFO] 2015-10-27 17:08:28,663: +SERVICE [/mavros/cmd/trigger_control] /mavros http://erle-brain-2:45233/
[rosmaster.master][INFO] 2015-10-27 17:08:28,946: +SERVICE [/mavros/ftp/list] /mavros http://erle-brain-2:45233/
[rosmaster.master][INFO] 2015-10-27 17:08:28,965: +SERVICE [/mavros/ftp/open] /mavros http://erle-brain-2:45233/
[rosmaster.master][INFO] 2015-10-27 17:08:28,972: +SERVICE [/mavros/ftp/close] /mavros http://erle-brain-2:45233/
[rosmaster.master][INFO] 2015-10-27 17:08:28,979: +SERVICE [/mavros/ftp/read] /mavros http://erle-brain-2:45233/
[rosmaster.master][INFO] 2015-10-27 17:08:28,987: +SERVICE [/mavros/ftp/write] /mavros http://erle-brain-2:45233/
[rosmaster.master][INFO] 2015-10-27 17:08:28,994: +SERVICE [/mavros/ftp/mkdir] /mavros http://erle-brain-2:45233/
[rosmaster.master][INFO] 2015-10-27 17:08:29,001: +SERVICE [/mavros/ftp/rmdir] /mavros http://erle-brain-2:45233/
[rosmaster.master][INFO] 2015-10-27 17:08:29,008: +SERVICE [/mavros/ftp/remove] /mavros http://erle-brain-2:45233/
[rosmaster.master][INFO] 2015-10-27 17:08:29,014: +SERVICE [/mavros/ftp/truncate] /mavros http://erle-brain-2:45233/
[rosmaster.master][INFO] 2015-10-27 17:08:29,021: +SERVICE [/mavros/ftp/reset] /mavros http://erle-brain-2:45233/
[rosmaster.master][INFO] 2015-10-27 17:08:29,028: +SERVICE [/mavros/ftp/rename] /mavros http://erle-brain-2:45233/
[rosmaster.master][INFO] 2015-10-27 17:08:29,035: +SERVICE [/mavros/ftp/checksum] /mavros http://erle-brain-2:45233/
[rosmaster.master][INFO] 2015-10-27 17:08:29,069: +PUB [/mavros/global_position/raw/fix] /mavros http://erle-brain-2:45233/
[rosmaster.master][INFO] 2015-10-27 17:08:29,076: +PUB [/mavros/global_position/raw/gps_vel] /mavros http://erle-brain-2:45233/
[rosmaster.master][INFO] 2015-10-27 17:08:29,083: +PUB [/mavros/global_position/global] /mavros http://erle-brain-2:45233/
[rosmaster.master][INFO] 2015-10-27 17:08:29,089: +PUB [/mavros/global_position/local] /mavros http://erle-brain-2:45233/
[rosmaster.master][INFO] 2015-10-27 17:08:29,096: +PUB [/mavros/global_position/rel_alt] /mavros http://erle-brain-2:45233/
[rosmaster.master][INFO] 2015-10-27 17:08:29,103: +PUB [/mavros/global_position/compass_hdg] /mavros http://erle-brain-2:45233/
[rosmaster.master][INFO] 2015-10-27 17:08:29,385: +PUB [/mavros/imu/data] /mavros http://erle-brain-2:45233/
[rosmaster.master][INFO] 2015-10-27 17:08:29,392: +PUB [/mavros/imu/mag] /mavros http://erle-brain-2:45233/
[rosmaster.master][INFO] 2015-10-27 17:08:29,398: +PUB [/mavros/imu/temperature] /mavros http://erle-brain-2:45233/
[rosmaster.master][INFO] 2015-10-27 17:08:29,405: +PUB [/mavros/imu/atm_pressure] /mavros http://erle-brain-2:45233/
[rosmaster.master][INFO] 2015-10-27 17:08:29,411: +PUB [/mavros/imu/data_raw] /mavros http://erle-brain-2:45233/
[rosmaster.master][INFO] 2015-10-27 17:08:29,440: +PUB [/mavros/local_position/local] /mavros http://erle-brain-2:45233/
[rosmaster.master][INFO] 2015-10-27 17:08:29,448: +PUB [/mavros/manual_control/control] /mavros http://erle-brain-2:45233/
[rosmaster.master][INFO] 2015-10-27 17:08:29,705: +SERVICE [/mavros/param/pull] /mavros http://erle-brain-2:45233/
[rosmaster.master][INFO] 2015-10-27 17:08:29,712: +SERVICE [/mavros/param/push] /mavros http://erle-brain-2:45233/
[rosmaster.master][INFO] 2015-10-27 17:08:29,719: +SERVICE [/mavros/param/set] /mavros http://erle-brain-2:45233/
[rosmaster.master][INFO] 2015-10-27 17:08:29,726: +SERVICE [/mavros/param/get] /mavros http://erle-brain-2:45233/
[rosmaster.master][INFO] 2015-10-27 17:08:29,984: +PUB [/mavros/rc/in] /mavros http://erle-brain-2:45233/
[rosmaster.master][INFO] 2015-10-27 17:08:29,990: +PUB [/mavros/rc/out] /mavros http://erle-brain-2:45233/
[rosmaster.master][INFO] 2015-10-27 17:08:30,025: +SUB [/mavros/rc/override] /mavros http://erle-brain-2:45233/
[rosmaster.master][INFO] 2015-10-27 17:08:30,067: +SUB [/mavros/safety_area/set] /mavros http://erle-brain-2:45233/
[rosmaster.master][INFO] 2015-10-27 17:08:30,109: +SUB [/mavros/setpoint_accel/accel] /mavros http://erle-brain-2:45233/
[rosmaster.master][INFO] 2015-10-27 17:08:30,169: +SUB [/mavros/setpoint_attitude/cmd_vel] /mavros http://erle-brain-2:45233/
[rosmaster.master][INFO] 2015-10-27 17:08:30,202: +SUB [/mavros/setpoint_attitude/attitude] /mavros http://erle-brain-2:45233/
[rosmaster.master][INFO] 2015-10-27 17:08:30,234: +SUB [/mavros/setpoint_attitude/att_throttle] /mavros http://erle-brain-2:45233/
[rosmaster.master][INFO] 2015-10-27 17:08:30,288: +SUB [/mavros/setpoint_position/local] /mavros http://erle-brain-2:45233/
[rosmaster.master][INFO] 2015-10-27 17:08:30,322: +SUB [/mavros/setpoint_velocity/cmd_vel] /mavros http://erle-brain-2:45233/
[rosmaster.master][INFO] 2015-10-27 17:08:30,356: +PUB [/mavros/state] /mavros http://erle-brain-2:45233/
[rosmaster.master][INFO] 2015-10-27 17:08:30,362: +PUB [/mavros/extended_state] /mavros http://erle-brain-2:45233/
[rosmaster.master][INFO] 2015-10-27 17:08:30,369: +PUB [/mavros/battery] /mavros http://erle-brain-2:45233/
[rosmaster.master][INFO] 2015-10-27 17:08:30,375: +SERVICE [/mavros/set_stream_rate] /mavros http://erle-brain-2:45233/
[rosmaster.master][INFO] 2015-10-27 17:08:30,382: +SERVICE [/mavros/set_mode] /mavros http://erle-brain-2:45233/
[rosmaster.master][INFO] 2015-10-27 17:08:30,421: +PUB [/mavros/time_reference] /mavros http://erle-brain-2:45233/
[rosmaster.master][INFO] 2015-10-27 17:08:30,429: +PUB [/mavros/vfr_hud] /mavros http://erle-brain-2:45233/
[rosmaster.master][INFO] 2015-10-27 17:08:30,435: +PUB [/mavros/wind_estimation] /mavros http://erle-brain-2:45233/
[rosmaster.master][INFO] 2015-10-27 17:08:31,198: +PUB [/mavros/mission/waypoints] /mavros http://erle-brain-2:45233/
[rosmaster.master][INFO] 2015-10-27 17:08:31,205: +SERVICE [/mavros/mission/pull] /mavros http://erle-brain-2:45233/
[rosmaster.master][INFO] 2015-10-27 17:08:31,212: +SERVICE [/mavros/mission/push] /mavros http://erle-brain-2:45233/
[rosmaster.master][INFO] 2015-10-27 17:08:31,218: +SERVICE [/mavros/mission/clear] /mavros http://erle-brain-2:45233/
[rosmaster.master][INFO] 2015-10-27 17:08:31,225: +SERVICE [/mavros/mission/set_current] /mavros http://erle-brain-2:45233/
[rosmaster.master][INFO] 2015-10-27 17:08:31,232: +SERVICE [/mavros/mission/goto] /mavros http://erle-brain-2:45233/
[rosmaster.master][INFO] 2015-10-27 17:08:31,635: -PUB [/rosout] /mavros http://erle-brain-2:45233/
[rosmaster.master][INFO] 2015-10-27 17:08:31,639: publisherUpdate[/rosout] -> http://erle-brain-2:43327/
[rosmaster.master][INFO] 2015-10-27 17:08:31,644: -PUB [/diagnostics] /mavros http://erle-brain-2:45233/
[rosmaster.master][INFO] 2015-10-27 17:08:31,653: -PUB [/tf] /mavros http://erle-brain-2:45233/
[rosmaster.master][INFO] 2015-10-27 17:08:31,660: -PUB [/mavlink/from] /mavros http://erle-brain-2:45233/
[rosmaster.master][INFO] 2015-10-27 17:08:31,666: -PUB [/mavros/radio_status] /mavros http://erle-brain-2:45233/
[rosmaster.master][INFO] 2015-10-27 17:08:31,672: -PUB [/mavros/global_position/raw/fix] /mavros http://erle-brain-2:45233/
[rosmaster.master][INFO] 2015-10-27 17:08:31,678: -PUB [/mavros/global_position/raw/gps_vel] /mavros http://erle-brain-2:45233/
[rosmaster.master][INFO] 2015-10-27 17:08:31,685: -PUB [/mavros/global_position/global] /mavros http://erle-brain-2:45233/
[rosmaster.master][INFO] 2015-10-27 17:08:31,691: -PUB [/mavros/global_position/local] /mavros http://erle-brain-2:45233/
[rosmaster.master][INFO] 2015-10-27 17:08:31,698: -PUB [/mavros/global_position/rel_alt] /mavros http://erle-brain-2:45233/
[rosmaster.master][INFO] 2015-10-27 17:08:31,704: -PUB [/mavros/global_position/compass_hdg] /mavros http://erle-brain-2:45233/
[rosmaster.master][INFO] 2015-10-27 17:08:31,709: publisherUpdate[/tf] -> http://erle-brain-2:45233/
[rosmaster.master][INFO] 2015-10-27 17:08:31,719: -PUB [/mavros/imu/data] /mavros http://erle-brain-2:45233/
[rosmaster.threadpool][ERROR] 2015-10-27 17:08:31,723: Traceback (most recent call last):
  File "/home/erle/ros_catkin_ws/install_isolated/lib/python2.7/dist-packages/rosmaster/threadpool.py", line 218, in run
    result = cmd(*args)
  File "/home/erle/ros_catkin_ws/install_isolated/lib/python2.7/dist-packages/rosmaster/master_api.py", line 208, in publisher_update_task
    xmlrpcapi(api).publisherUpdate('/master', topic, pub_uris)
  File "/usr/lib/python2.7/xmlrpclib.py", line 1233, in __call__
    return self.__send(self.__name, args)
  File "/usr/lib/python2.7/xmlrpclib.py", line 1591, in __request
    verbose=self.__verbose
  File "/usr/lib/python2.7/xmlrpclib.py", line 1273, in request
    return self.single_request(host, handler, request_body, verbose)
  File "/usr/lib/python2.7/xmlrpclib.py", line 1306, in single_request
    return self.parse_response(response)
  File "/usr/lib/python2.7/xmlrpclib.py", line 1482, in parse_response
    return u.close()
  File "/usr/lib/python2.7/xmlrpclib.py", line 794, in close
    raise Fault(**self._stack[0])
Fault: <Fault -1: 'publisherUpdate: unknown method name'>

[rosmaster.master][INFO] 2015-10-27 17:08:31,729: -PUB [/mavros/imu/mag] /mavros http://erle-brain-2:45233/
[rosmaster.master][INFO] 2015-10-27 17:08:31,736: -PUB [/mavros/imu/temperature] /mavros http://erle-brain-2:45233/
[rosmaster.master][INFO] 2015-10-27 17:08:31,743: -PUB [/mavros/imu/atm_pressure] /mavros http://erle-brain-2:45233/
[rosmaster.master][INFO] 2015-10-27 17:08:31,749: -PUB [/mavros/imu/data_raw] /mavros http://erle-brain-2:45233/
[rosmaster.master][INFO] 2015-10-27 17:08:31,756: -PUB [/mavros/local_position/local] /mavros http://erle-brain-2:45233/
[rosmaster.master][INFO] 2015-10-27 17:08:31,762: -PUB [/mavros/manual_control/control] /mavros http://erle-brain-2:45233/
[rosmaster.master][INFO] 2015-10-27 17:08:31,769: -PUB [/mavros/rc/in] /mavros http://erle-brain-2:45233/
[rosmaster.master][INFO] 2015-10-27 17:08:31,775: -PUB [/mavros/rc/out] /mavros http://erle-brain-2:45233/
[rosmaster.master][INFO] 2015-10-27 17:08:31,782: -PUB [/mavros/state] /mavros http://erle-brain-2:45233/
[rosmaster.master][INFO] 2015-10-27 17:08:31,788: -PUB [/mavros/extended_state] /mavros http://erle-brain-2:45233/
[rosmaster.master][INFO] 2015-10-27 17:08:31,803: -PUB [/mavros/battery] /mavros http://erle-brain-2:45233/
[rosmaster.master][INFO] 2015-10-27 17:08:31,811: -PUB [/mavros/time_reference] /mavros http://erle-brain-2:45233/
[rosmaster.master][INFO] 2015-10-27 17:08:31,817: -PUB [/mavros/vfr_hud] /mavros http://erle-brain-2:45233/
[rosmaster.master][INFO] 2015-10-27 17:08:31,824: -PUB [/mavros/wind_estimation] /mavros http://erle-brain-2:45233/
[rosmaster.master][INFO] 2015-10-27 17:08:31,830: -PUB [/mavros/mission/waypoints] /mavros http://erle-brain-2:45233/
[rosmaster.master][INFO] 2015-10-27 17:08:31,838: -SUB [/tf] /mavros http://erle-brain-2:45233/
[rosmaster.master][INFO] 2015-10-27 17:08:31,844: -SUB [/tf_static] /mavros http://erle-brain-2:45233/
[rosmaster.master][INFO] 2015-10-27 17:08:31,851: -SUB [/mavlink/to] /mavros http://erle-brain-2:45233/
[rosmaster.master][INFO] 2015-10-27 17:08:31,857: -SUB [/mavros/actuator_control] /mavros http://erle-brain-2:45233/
[rosmaster.master][INFO] 2015-10-27 17:08:31,864: -SUB [/mavros/rc/override] /mavros http://erle-brain-2:45233/
[rosmaster.master][INFO] 2015-10-27 17:08:31,870: -SUB [/mavros/safety_area/set] /mavros http://erle-brain-2:45233/
[rosmaster.master][INFO] 2015-10-27 17:08:31,876: -SUB [/mavros/setpoint_accel/accel] /mavros http://erle-brain-2:45233/
[rosmaster.master][INFO] 2015-10-27 17:08:31,883: -SUB [/mavros/setpoint_attitude/cmd_vel] /mavros http://erle-brain-2:45233/
[rosmaster.master][INFO] 2015-10-27 17:08:31,889: -SUB [/mavros/setpoint_attitude/attitude] /mavros http://erle-brain-2:45233/
[rosmaster.master][INFO] 2015-10-27 17:08:31,895: -SUB [/mavros/setpoint_attitude/att_throttle] /mavros http://erle-brain-2:45233/
[rosmaster.master][INFO] 2015-10-27 17:08:31,902: -SUB [/mavros/setpoint_position/local] /mavros http://erle-brain-2:45233/
[rosmaster.master][INFO] 2015-10-27 17:08:31,908: -SUB [/mavros/setpoint_velocity/cmd_vel] /mavros http://erle-brain-2:45233/
[rosmaster.master][INFO] 2015-10-27 17:08:31,915: -SERVICE [/mavros/get_loggers] /mavros rosrpc://erle-brain-2:52863
[rosmaster.master][INFO] 2015-10-27 17:08:31,921: -SERVICE [/mavros/set_logger_level] /mavros rosrpc://erle-brain-2:52863
[rosmaster.master][INFO] 2015-10-27 17:08:31,927: -SERVICE [/mavros/cmd/command] /mavros rosrpc://erle-brain-2:52863
[rosmaster.master][INFO] 2015-10-27 17:08:31,934: -SERVICE [/mavros/cmd/command_int] /mavros rosrpc://erle-brain-2:52863
[rosmaster.master][INFO] 2015-10-27 17:08:31,940: -SERVICE [/mavros/cmd/arming] /mavros rosrpc://erle-brain-2:52863
[rosmaster.master][INFO] 2015-10-27 17:08:31,946: -SERVICE [/mavros/cmd/set_home] /mavros rosrpc://erle-brain-2:52863
[rosmaster.master][INFO] 2015-10-27 17:08:31,953: -SERVICE [/mavros/cmd/takeoff] /mavros rosrpc://erle-brain-2:52863
[rosmaster.master][INFO] 2015-10-27 17:08:31,959: -SERVICE [/mavros/cmd/land] /mavros rosrpc://erle-brain-2:52863
[rosmaster.master][INFO] 2015-10-27 17:08:31,966: -SERVICE [/mavros/cmd/guided_enable] /mavros rosrpc://erle-brain-2:52863
[rosmaster.master][INFO] 2015-10-27 17:08:31,972: -SERVICE [/mavros/cmd/trigger_control] /mavros rosrpc://erle-brain-2:52863
[rosmaster.master][INFO] 2015-10-27 17:08:31,978: -SERVICE [/mavros/ftp/list] /mavros rosrpc://erle-brain-2:52863
[rosmaster.master][INFO] 2015-10-27 17:08:31,986: -SERVICE [/mavros/ftp/open] /mavros rosrpc://erle-brain-2:52863
[rosmaster.master][INFO] 2015-10-27 17:08:31,992: -SERVICE [/mavros/ftp/close] /mavros rosrpc://erle-brain-2:52863
[rosmaster.master][INFO] 2015-10-27 17:08:31,998: -SERVICE [/mavros/ftp/read] /mavros rosrpc://erle-brain-2:52863
[rosmaster.master][INFO] 2015-10-27 17:08:32,005: -SERVICE [/mavros/ftp/write] /mavros rosrpc://erle-brain-2:52863
[rosmaster.master][INFO] 2015-10-27 17:08:32,011: -SERVICE [/mavros/ftp/mkdir] /mavros rosrpc://erle-brain-2:52863
[rosmaster.master][INFO] 2015-10-27 17:08:32,017: -SERVICE [/mavros/ftp/rmdir] /mavros rosrpc://erle-brain-2:52863
[rosmaster.master][INFO] 2015-10-27 17:08:32,023: -SERVICE [/mavros/ftp/remove] /mavros rosrpc://erle-brain-2:52863
[rosmaster.master][INFO] 2015-10-27 17:08:32,030: -SERVICE [/mavros/ftp/truncate] /mavros rosrpc://erle-brain-2:52863
[rosmaster.master][INFO] 2015-10-27 17:08:32,037: -SERVICE [/mavros/ftp/reset] /mavros rosrpc://erle-brain-2:52863
[rosmaster.master][INFO] 2015-10-27 17:08:32,043: -SERVICE [/mavros/ftp/rename] /mavros rosrpc://erle-brain-2:52863
[rosmaster.master][INFO] 2015-10-27 17:08:32,049: -SERVICE [/mavros/ftp/checksum] /mavros rosrpc://erle-brain-2:52863
[rosmaster.master][INFO] 2015-10-27 17:08:32,056: -SERVICE [/mavros/param/pull] /mavros rosrpc://erle-brain-2:52863
[rosmaster.master][INFO] 2015-10-27 17:08:32,062: -SERVICE [/mavros/param/push] /mavros rosrpc://erle-brain-2:52863
[rosmaster.master][INFO] 2015-10-27 17:08:32,068: -SERVICE [/mavros/param/set] /mavros rosrpc://erle-brain-2:52863
[rosmaster.master][INFO] 2015-10-27 17:08:32,075: -SERVICE [/mavros/param/get] /mavros rosrpc://erle-brain-2:52863
[rosmaster.master][INFO] 2015-10-27 17:08:32,082: -SERVICE [/mavros/set_stream_rate] /mavros rosrpc://erle-brain-2:52863
[rosmaster.master][INFO] 2015-10-27 17:08:32,089: -SERVICE [/mavros/set_mode] /mavros rosrpc://erle-brain-2:52863
[rosmaster.master][INFO] 2015-10-27 17:08:32,096: -SERVICE [/mavros/mission/pull] /mavros rosrpc://erle-brain-2:52863
[rosmaster.master][INFO] 2015-10-27 17:08:32,102: -SERVICE [/mavros/mission/push] /mavros rosrpc://erle-brain-2:52863
[rosmaster.master][INFO] 2015-10-27 17:08:32,108: -SERVICE [/mavros/mission/clear] /mavros rosrpc://erle-brain-2:52863
[rosmaster.master][INFO] 2015-10-27 17:08:32,115: -SERVICE [/mavros/mission/set_current] /mavros rosrpc://erle-brain-2:52863
[rosmaster.master][INFO] 2015-10-27 17:08:32,122: -SERVICE [/mavros/mission/goto] /mavros rosrpc://erle-brain-2:52863
[rosmaster.master][INFO] 2015-10-27 17:28:46,108: +PARAM [/mavros/fcu_url] by /mavros
[rosmaster.master][INFO] 2015-10-27 17:28:46,116: +PARAM [/mavros/gcs_url] by /mavros
[rosmaster.master][INFO] 2015-10-27 17:28:46,132: +PUB [/rosout] /mavros http://erle-brain-2:45436/
[rosmaster.master][INFO] 2015-10-27 17:28:46,139: +SERVICE [/mavros/get_loggers] /mavros http://erle-brain-2:45436/
[rosmaster.master][INFO] 2015-10-27 17:28:46,142: publisherUpdate[/rosout] -> http://erle-brain-2:43327/
[rosmaster.master][INFO] 2015-10-27 17:28:46,151: +SERVICE [/mavros/set_logger_level] /mavros http://erle-brain-2:45436/
[rosmaster.master][INFO] 2015-10-27 17:28:46,228: +PUB [/diagnostics] /mavros http://erle-brain-2:45436/
[rosmaster.master][INFO] 2015-10-27 17:28:46,275: +SUB [/tf] /mavros http://erle-brain-2:45436/
[rosmaster.master][INFO] 2015-10-27 17:28:46,310: +SUB [/tf_static] /mavros http://erle-brain-2:45436/
[rosmaster.master][INFO] 2015-10-27 17:28:46,318: +PUB [/tf] /mavros http://erle-brain-2:45436/
[rosmaster.master][INFO] 2015-10-27 17:28:46,345: publisherUpdate[/tf] -> http://erle-brain-2:45436/
[rosmaster.master][INFO] 2015-10-27 17:28:46,406: +PUB [/mavlink/from] /mavros http://erle-brain-2:45436/
[rosmaster.master][INFO] 2015-10-27 17:28:46,441: +SUB [/mavlink/to] /mavros http://erle-brain-2:45436/
[rosmaster.master][INFO] 2015-10-27 17:28:46,757: +PUB [/mavros/radio_status] /mavros http://erle-brain-2:45436/
[rosmaster.master][INFO] 2015-10-27 17:28:46,790: +SUB [/mavros/actuator_control] /mavros http://erle-brain-2:45436/
[rosmaster.master][INFO] 2015-10-27 17:28:47,234: +SERVICE [/mavros/cmd/command] /mavros http://erle-brain-2:45436/
[rosmaster.master][INFO] 2015-10-27 17:28:47,241: +SERVICE [/mavros/cmd/command_int] /mavros http://erle-brain-2:45436/
[rosmaster.master][INFO] 2015-10-27 17:28:47,248: +SERVICE [/mavros/cmd/arming] /mavros http://erle-brain-2:45436/
[rosmaster.master][INFO] 2015-10-27 17:28:47,256: +SERVICE [/mavros/cmd/set_home] /mavros http://erle-brain-2:45436/
[rosmaster.master][INFO] 2015-10-27 17:28:47,268: +SERVICE [/mavros/cmd/takeoff] /mavros http://erle-brain-2:45436/
[rosmaster.master][INFO] 2015-10-27 17:28:47,274: +SERVICE [/mavros/cmd/land] /mavros http://erle-brain-2:45436/
[rosmaster.master][INFO] 2015-10-27 17:28:47,282: +SERVICE [/mavros/cmd/guided_enable] /mavros http://erle-brain-2:45436/
[rosmaster.master][INFO] 2015-10-27 17:28:47,288: +SERVICE [/mavros/cmd/trigger_control] /mavros http://erle-brain-2:45436/
[rosmaster.master][INFO] 2015-10-27 17:28:47,555: +SERVICE [/mavros/ftp/list] /mavros http://erle-brain-2:45436/
[rosmaster.master][INFO] 2015-10-27 17:28:47,563: +SERVICE [/mavros/ftp/open] /mavros http://erle-brain-2:45436/
[rosmaster.master][INFO] 2015-10-27 17:28:47,570: +SERVICE [/mavros/ftp/close] /mavros http://erle-brain-2:45436/
[rosmaster.master][INFO] 2015-10-27 17:28:47,577: +SERVICE [/mavros/ftp/read] /mavros http://erle-brain-2:45436/
[rosmaster.master][INFO] 2015-10-27 17:28:47,584: +SERVICE [/mavros/ftp/write] /mavros http://erle-brain-2:45436/
[rosmaster.master][INFO] 2015-10-27 17:28:47,592: +SERVICE [/mavros/ftp/mkdir] /mavros http://erle-brain-2:45436/
[rosmaster.master][INFO] 2015-10-27 17:28:47,599: +SERVICE [/mavros/ftp/rmdir] /mavros http://erle-brain-2:45436/
[rosmaster.master][INFO] 2015-10-27 17:28:47,606: +SERVICE [/mavros/ftp/remove] /mavros http://erle-brain-2:45436/
[rosmaster.master][INFO] 2015-10-27 17:28:47,613: +SERVICE [/mavros/ftp/truncate] /mavros http://erle-brain-2:45436/
[rosmaster.master][INFO] 2015-10-27 17:28:47,621: +SERVICE [/mavros/ftp/reset] /mavros http://erle-brain-2:45436/
[rosmaster.master][INFO] 2015-10-27 17:28:47,628: +SERVICE [/mavros/ftp/rename] /mavros http://erle-brain-2:45436/
[rosmaster.master][INFO] 2015-10-27 17:28:47,635: +SERVICE [/mavros/ftp/checksum] /mavros http://erle-brain-2:45436/
[rosmaster.master][INFO] 2015-10-27 17:28:47,674: +PUB [/mavros/global_position/raw/fix] /mavros http://erle-brain-2:45436/
[rosmaster.master][INFO] 2015-10-27 17:28:47,681: +PUB [/mavros/global_position/raw/gps_vel] /mavros http://erle-brain-2:45436/
[rosmaster.master][INFO] 2015-10-27 17:28:47,688: +PUB [/mavros/global_position/global] /mavros http://erle-brain-2:45436/
[rosmaster.master][INFO] 2015-10-27 17:28:47,695: +PUB [/mavros/global_position/local] /mavros http://erle-brain-2:45436/
[rosmaster.master][INFO] 2015-10-27 17:28:47,702: +PUB [/mavros/global_position/rel_alt] /mavros http://erle-brain-2:45436/
[rosmaster.master][INFO] 2015-10-27 17:28:47,709: +PUB [/mavros/global_position/compass_hdg] /mavros http://erle-brain-2:45436/
[rosmaster.master][INFO] 2015-10-27 17:28:48,000: +PUB [/mavros/imu/data] /mavros http://erle-brain-2:45436/
[rosmaster.master][INFO] 2015-10-27 17:28:48,006: +PUB [/mavros/imu/mag] /mavros http://erle-brain-2:45436/
[rosmaster.master][INFO] 2015-10-27 17:28:48,013: +PUB [/mavros/imu/temperature] /mavros http://erle-brain-2:45436/
[rosmaster.master][INFO] 2015-10-27 17:28:48,020: +PUB [/mavros/imu/atm_pressure] /mavros http://erle-brain-2:45436/
[rosmaster.master][INFO] 2015-10-27 17:28:48,027: +PUB [/mavros/imu/data_raw] /mavros http://erle-brain-2:45436/
[rosmaster.master][INFO] 2015-10-27 17:28:48,055: +PUB [/mavros/local_position/local] /mavros http://erle-brain-2:45436/
[rosmaster.master][INFO] 2015-10-27 17:28:48,064: +PUB [/mavros/manual_control/control] /mavros http://erle-brain-2:45436/
[rosmaster.master][INFO] 2015-10-27 17:28:48,328: +SERVICE [/mavros/param/pull] /mavros http://erle-brain-2:45436/
[rosmaster.master][INFO] 2015-10-27 17:28:48,335: +SERVICE [/mavros/param/push] /mavros http://erle-brain-2:45436/
[rosmaster.master][INFO] 2015-10-27 17:28:48,343: +SERVICE [/mavros/param/set] /mavros http://erle-brain-2:45436/
[rosmaster.master][INFO] 2015-10-27 17:28:48,349: +SERVICE [/mavros/param/get] /mavros http://erle-brain-2:45436/
[rosmaster.master][INFO] 2015-10-27 17:28:48,643: +PUB [/mavros/rc/in] /mavros http://erle-brain-2:45436/
[rosmaster.master][INFO] 2015-10-27 17:28:48,650: +PUB [/mavros/rc/out] /mavros http://erle-brain-2:45436/
[rosmaster.master][INFO] 2015-10-27 17:28:48,686: +SUB [/mavros/rc/override] /mavros http://erle-brain-2:45436/
[rosmaster.master][INFO] 2015-10-27 17:28:48,728: +SUB [/mavros/safety_area/set] /mavros http://erle-brain-2:45436/
[rosmaster.master][INFO] 2015-10-27 17:28:48,779: +SUB [/mavros/setpoint_accel/accel] /mavros http://erle-brain-2:45436/
[rosmaster.master][INFO] 2015-10-27 17:28:48,866: +SUB [/mavros/setpoint_attitude/cmd_vel] /mavros http://erle-brain-2:45436/
[rosmaster.master][INFO] 2015-10-27 17:28:48,914: +SUB [/mavros/setpoint_attitude/attitude] /mavros http://erle-brain-2:45436/
[rosmaster.master][INFO] 2015-10-27 17:28:48,953: +SUB [/mavros/setpoint_attitude/att_throttle] /mavros http://erle-brain-2:45436/
[rosmaster.master][INFO] 2015-10-27 17:28:49,012: +SERVICE [/mavros/set_stream_rate] /mavros http://erle-brain-2:45436/
[rosmaster.master][INFO] 2015-10-27 17:28:49,019: +SERVICE [/mavros/set_mode] /mavros http://erle-brain-2:45436/
[rosmaster.master][INFO] 2015-10-27 17:28:49,064: -PUB [/rosout] /mavros http://erle-brain-2:45436/
[rosmaster.master][INFO] 2015-10-27 17:28:49,065: publisherUpdate[/rosout] -> http://erle-brain-2:43327/
[rosmaster.master][INFO] 2015-10-27 17:28:49,077: -PUB [/diagnostics] /mavros http://erle-brain-2:45436/
[rosmaster.master][INFO] 2015-10-27 17:28:49,085: -PUB [/tf] /mavros http://erle-brain-2:45436/
[rosmaster.master][INFO] 2015-10-27 17:28:49,092: -PUB [/mavlink/from] /mavros http://erle-brain-2:45436/
[rosmaster.master][INFO] 2015-10-27 17:28:49,100: -PUB [/mavros/radio_status] /mavros http://erle-brain-2:45436/
[rosmaster.master][INFO] 2015-10-27 17:28:49,107: -PUB [/mavros/global_position/raw/fix] /mavros http://erle-brain-2:45436/
[rosmaster.master][INFO] 2015-10-27 17:28:49,115: -PUB [/mavros/global_position/raw/gps_vel] /mavros http://erle-brain-2:45436/
[rosmaster.master][INFO] 2015-10-27 17:28:49,123: -PUB [/mavros/global_position/global] /mavros http://erle-brain-2:45436/
[rosmaster.master][INFO] 2015-10-27 17:28:49,131: -PUB [/mavros/global_position/local] /mavros http://erle-brain-2:45436/
[rosmaster.master][INFO] 2015-10-27 17:28:49,138: -PUB [/mavros/global_position/rel_alt] /mavros http://erle-brain-2:45436/
[rosmaster.master][INFO] 2015-10-27 17:28:49,145: -PUB [/mavros/global_position/compass_hdg] /mavros http://erle-brain-2:45436/
[rosmaster.master][INFO] 2015-10-27 17:28:49,152: -PUB [/mavros/imu/data] /mavros http://erle-brain-2:45436/
[rosmaster.master][INFO] 2015-10-27 17:28:49,159: -PUB [/mavros/imu/mag] /mavros http://erle-brain-2:45436/
[rosmaster.master][INFO] 2015-10-27 17:28:49,167: -PUB [/mavros/imu/temperature] /mavros http://erle-brain-2:45436/
[rosmaster.master][INFO] 2015-10-27 17:28:49,167: publisherUpdate[/tf] -> http://erle-brain-2:45436/
[rosmaster.threadpool][ERROR] 2015-10-27 17:28:49,177: Traceback (most recent call last):
  File "/home/erle/ros_catkin_ws/install_isolated/lib/python2.7/dist-packages/rosmaster/threadpool.py", line 218, in run
    result = cmd(*args)
  File "/home/erle/ros_catkin_ws/install_isolated/lib/python2.7/dist-packages/rosmaster/master_api.py", line 208, in publisher_update_task
    xmlrpcapi(api).publisherUpdate('/master', topic, pub_uris)
  File "/usr/lib/python2.7/xmlrpclib.py", line 1233, in __call__
    return self.__send(self.__name, args)
  File "/usr/lib/python2.7/xmlrpclib.py", line 1591, in __request
    verbose=self.__verbose
  File "/usr/lib/python2.7/xmlrpclib.py", line 1273, in request
    return self.single_request(host, handler, request_body, verbose)
  File "/usr/lib/python2.7/xmlrpclib.py", line 1306, in single_request
    return self.parse_response(response)
  File "/usr/lib/python2.7/xmlrpclib.py", line 1482, in parse_response
    return u.close()
  File "/usr/lib/python2.7/xmlrpclib.py", line 794, in close
    raise Fault(**self._stack[0])
Fault: <Fault -1: 'publisherUpdate: unknown method name'>

[rosmaster.master][INFO] 2015-10-27 17:28:49,180: -PUB [/mavros/imu/atm_pressure] /mavros http://erle-brain-2:45436/
[rosmaster.master][INFO] 2015-10-27 17:28:49,188: -PUB [/mavros/imu/data_raw] /mavros http://erle-brain-2:45436/
[rosmaster.master][INFO] 2015-10-27 17:28:49,195: -PUB [/mavros/local_position/local] /mavros http://erle-brain-2:45436/
[rosmaster.master][INFO] 2015-10-27 17:28:49,202: -PUB [/mavros/manual_control/control] /mavros http://erle-brain-2:45436/
[rosmaster.master][INFO] 2015-10-27 17:28:49,210: -PUB [/mavros/rc/in] /mavros http://erle-brain-2:45436/
[rosmaster.master][INFO] 2015-10-27 17:28:49,218: -PUB [/mavros/rc/out] /mavros http://erle-brain-2:45436/
[rosmaster.master][INFO] 2015-10-27 17:28:49,226: -SUB [/tf] /mavros http://erle-brain-2:45436/
[rosmaster.master][INFO] 2015-10-27 17:28:49,233: -SUB [/tf_static] /mavros http://erle-brain-2:45436/
[rosmaster.master][INFO] 2015-10-27 17:28:49,240: -SUB [/mavlink/to] /mavros http://erle-brain-2:45436/
[rosmaster.master][INFO] 2015-10-27 17:28:49,247: -SUB [/mavros/actuator_control] /mavros http://erle-brain-2:45436/
[rosmaster.master][INFO] 2015-10-27 17:28:49,254: -SUB [/mavros/rc/override] /mavros http://erle-brain-2:45436/
[rosmaster.master][INFO] 2015-10-27 17:28:49,262: -SUB [/mavros/safety_area/set] /mavros http://erle-brain-2:45436/
[rosmaster.master][INFO] 2015-10-27 17:28:49,270: -SUB [/mavros/setpoint_accel/accel] /mavros http://erle-brain-2:45436/
[rosmaster.master][INFO] 2015-10-27 17:28:49,278: -SUB [/mavros/setpoint_attitude/cmd_vel] /mavros http://erle-brain-2:45436/
[rosmaster.master][INFO] 2015-10-27 17:28:49,286: -SUB [/mavros/setpoint_attitude/attitude] /mavros http://erle-brain-2:45436/
[rosmaster.master][INFO] 2015-10-27 17:28:49,292: -SUB [/mavros/setpoint_attitude/att_throttle] /mavros http://erle-brain-2:45436/
[rosmaster.master][INFO] 2015-10-27 17:28:49,299: -SERVICE [/mavros/get_loggers] /mavros rosrpc://erle-brain-2:47441
[rosmaster.master][INFO] 2015-10-27 17:28:49,306: -SERVICE [/mavros/set_logger_level] /mavros rosrpc://erle-brain-2:47441
[rosmaster.master][INFO] 2015-10-27 17:28:49,313: -SERVICE [/mavros/cmd/command] /mavros rosrpc://erle-brain-2:47441
[rosmaster.master][INFO] 2015-10-27 17:28:49,319: -SERVICE [/mavros/cmd/command_int] /mavros rosrpc://erle-brain-2:47441
[rosmaster.master][INFO] 2015-10-27 17:28:49,326: -SERVICE [/mavros/cmd/arming] /mavros rosrpc://erle-brain-2:47441
[rosmaster.master][INFO] 2015-10-27 17:28:49,333: -SERVICE [/mavros/cmd/set_home] /mavros rosrpc://erle-brain-2:47441
[rosmaster.master][INFO] 2015-10-27 17:28:49,341: -SERVICE [/mavros/cmd/takeoff] /mavros rosrpc://erle-brain-2:47441
[rosmaster.master][INFO] 2015-10-27 17:28:49,348: -SERVICE [/mavros/cmd/land] /mavros rosrpc://erle-brain-2:47441
[rosmaster.master][INFO] 2015-10-27 17:28:49,357: -SERVICE [/mavros/cmd/guided_enable] /mavros rosrpc://erle-brain-2:47441
[rosmaster.master][INFO] 2015-10-27 17:28:49,366: -SERVICE [/mavros/cmd/trigger_control] /mavros rosrpc://erle-brain-2:47441
[rosmaster.master][INFO] 2015-10-27 17:28:49,374: -SERVICE [/mavros/ftp/list] /mavros rosrpc://erle-brain-2:47441
[rosmaster.master][INFO] 2015-10-27 17:28:49,382: -SERVICE [/mavros/ftp/open] /mavros rosrpc://erle-brain-2:47441
[rosmaster.master][INFO] 2015-10-27 17:28:49,389: -SERVICE [/mavros/ftp/close] /mavros rosrpc://erle-brain-2:47441
[rosmaster.master][INFO] 2015-10-27 17:28:49,397: -SERVICE [/mavros/ftp/read] /mavros rosrpc://erle-brain-2:47441
[rosmaster.master][INFO] 2015-10-27 17:28:49,405: -SERVICE [/mavros/ftp/write] /mavros rosrpc://erle-brain-2:47441
[rosmaster.master][INFO] 2015-10-27 17:28:49,417: -SERVICE [/mavros/ftp/mkdir] /mavros rosrpc://erle-brain-2:47441
[rosmaster.master][INFO] 2015-10-27 17:28:49,424: -SERVICE [/mavros/ftp/rmdir] /mavros rosrpc://erle-brain-2:47441
[rosmaster.master][INFO] 2015-10-27 17:28:49,431: -SERVICE [/mavros/ftp/remove] /mavros rosrpc://erle-brain-2:47441
[rosmaster.master][INFO] 2015-10-27 17:28:49,438: -SERVICE [/mavros/ftp/truncate] /mavros rosrpc://erle-brain-2:47441
[rosmaster.master][INFO] 2015-10-27 17:28:49,445: -SERVICE [/mavros/ftp/reset] /mavros rosrpc://erle-brain-2:47441
[rosmaster.master][INFO] 2015-10-27 17:28:49,452: -SERVICE [/mavros/ftp/rename] /mavros rosrpc://erle-brain-2:47441
[rosmaster.master][INFO] 2015-10-27 17:28:49,459: -SERVICE [/mavros/ftp/checksum] /mavros rosrpc://erle-brain-2:47441
[rosmaster.master][INFO] 2015-10-27 17:28:49,467: -SERVICE [/mavros/param/pull] /mavros rosrpc://erle-brain-2:47441
[rosmaster.master][INFO] 2015-10-27 17:28:49,474: -SERVICE [/mavros/param/push] /mavros rosrpc://erle-brain-2:47441
[rosmaster.master][INFO] 2015-10-27 17:28:49,480: -SERVICE [/mavros/param/set] /mavros rosrpc://erle-brain-2:47441
[rosmaster.master][INFO] 2015-10-27 17:28:49,488: -SERVICE [/mavros/param/get] /mavros rosrpc://erle-brain-2:47441
[rosmaster.master][INFO] 2015-10-27 17:28:49,495: -SERVICE [/mavros/set_stream_rate] /mavros rosrpc://erle-brain-2:47441
[rosmaster.master][INFO] 2015-10-27 17:28:49,502: -SERVICE [/mavros/set_mode] /mavros rosrpc://erle-brain-2:47441
[rosmaster.master][INFO] 2015-10-27 17:30:53,938: +PARAM [/mavros/fcu_url] by /mavros
[rosmaster.master][INFO] 2015-10-27 17:30:53,946: +PARAM [/mavros/gcs_url] by /mavros
[rosmaster.master][INFO] 2015-10-27 17:30:53,963: +PUB [/rosout] /mavros http://erle-brain-2:60897/
[rosmaster.master][INFO] 2015-10-27 17:30:53,970: +SERVICE [/mavros/get_loggers] /mavros http://erle-brain-2:60897/
[rosmaster.master][INFO] 2015-10-27 17:30:53,977: +SERVICE [/mavros/set_logger_level] /mavros http://erle-brain-2:60897/
[rosmaster.master][INFO] 2015-10-27 17:30:54,032: publisherUpdate[/rosout] -> http://erle-brain-2:43327/
[rosmaster.master][INFO] 2015-10-27 17:30:54,056: +PUB [/diagnostics] /mavros http://erle-brain-2:60897/
[rosmaster.master][INFO] 2015-10-27 17:30:54,103: +SUB [/tf] /mavros http://erle-brain-2:60897/
[rosmaster.master][INFO] 2015-10-27 17:30:54,138: +SUB [/tf_static] /mavros http://erle-brain-2:60897/
[rosmaster.master][INFO] 2015-10-27 17:30:54,146: +PUB [/tf] /mavros http://erle-brain-2:60897/
[rosmaster.master][INFO] 2015-10-27 17:30:54,219: +PUB [/mavlink/from] /mavros http://erle-brain-2:60897/
[rosmaster.master][INFO] 2015-10-27 17:30:54,236: publisherUpdate[/tf] -> http://erle-brain-2:60897/
[rosmaster.master][INFO] 2015-10-27 17:30:54,259: +SUB [/mavlink/to] /mavros http://erle-brain-2:60897/
[rosmaster.master][INFO] 2015-10-27 17:30:54,559: +PUB [/mavros/radio_status] /mavros http://erle-brain-2:60897/
[rosmaster.master][INFO] 2015-10-27 17:30:54,593: +SUB [/mavros/actuator_control] /mavros http://erle-brain-2:60897/
[rosmaster.master][INFO] 2015-10-27 17:30:56,331: +PUB [/mavros/cam_imu_sync/cam_imu_stamp] /mavros http://erle-brain-2:60897/
[rosmaster.master][INFO] 2015-10-27 17:30:56,345: +SERVICE [/mavros/cmd/command] /mavros http://erle-brain-2:60897/
[rosmaster.master][INFO] 2015-10-27 17:30:56,353: +SERVICE [/mavros/cmd/command_int] /mavros http://erle-brain-2:60897/
[rosmaster.master][INFO] 2015-10-27 17:30:56,360: +SERVICE [/mavros/cmd/arming] /mavros http://erle-brain-2:60897/
[rosmaster.master][INFO] 2015-10-27 17:30:56,367: +SERVICE [/mavros/cmd/set_home] /mavros http://erle-brain-2:60897/
[rosmaster.master][INFO] 2015-10-27 17:30:56,374: +SERVICE [/mavros/cmd/takeoff] /mavros http://erle-brain-2:60897/
[rosmaster.master][INFO] 2015-10-27 17:30:56,382: +SERVICE [/mavros/cmd/land] /mavros http://erle-brain-2:60897/
[rosmaster.master][INFO] 2015-10-27 17:30:56,389: +SERVICE [/mavros/cmd/guided_enable] /mavros http://erle-brain-2:60897/
[rosmaster.master][INFO] 2015-10-27 17:30:56,396: +SERVICE [/mavros/cmd/trigger_control] /mavros http://erle-brain-2:60897/
[rosmaster.master][INFO] 2015-10-27 17:30:56,412: +SERVICE [/mavros/ftp/list] /mavros http://erle-brain-2:60897/
[rosmaster.master][INFO] 2015-10-27 17:30:56,419: +SERVICE [/mavros/ftp/open] /mavros http://erle-brain-2:60897/
[rosmaster.master][INFO] 2015-10-27 17:30:56,426: +SERVICE [/mavros/ftp/close] /mavros http://erle-brain-2:60897/
[rosmaster.master][INFO] 2015-10-27 17:30:56,433: +SERVICE [/mavros/ftp/read] /mavros http://erle-brain-2:60897/
[rosmaster.master][INFO] 2015-10-27 17:30:56,440: +SERVICE [/mavros/ftp/write] /mavros http://erle-brain-2:60897/
[rosmaster.master][INFO] 2015-10-27 17:30:56,447: +SERVICE [/mavros/ftp/mkdir] /mavros http://erle-brain-2:60897/
[rosmaster.master][INFO] 2015-10-27 17:30:56,455: +SERVICE [/mavros/ftp/rmdir] /mavros http://erle-brain-2:60897/
[rosmaster.master][INFO] 2015-10-27 17:30:56,462: +SERVICE [/mavros/ftp/remove] /mavros http://erle-brain-2:60897/
[rosmaster.master][INFO] 2015-10-27 17:30:56,470: +SERVICE [/mavros/ftp/truncate] /mavros http://erle-brain-2:60897/
[rosmaster.master][INFO] 2015-10-27 17:30:56,477: +SERVICE [/mavros/ftp/reset] /mavros http://erle-brain-2:60897/
[rosmaster.master][INFO] 2015-10-27 17:30:56,484: +SERVICE [/mavros/ftp/rename] /mavros http://erle-brain-2:60897/
[rosmaster.master][INFO] 2015-10-27 17:30:56,491: +SERVICE [/mavros/ftp/checksum] /mavros http://erle-brain-2:60897/
[rosmaster.master][INFO] 2015-10-27 17:30:56,526: +PUB [/mavros/global_position/raw/fix] /mavros http://erle-brain-2:60897/
[rosmaster.master][INFO] 2015-10-27 17:30:56,533: +PUB [/mavros/global_position/raw/gps_vel] /mavros http://erle-brain-2:60897/
[rosmaster.master][INFO] 2015-10-27 17:30:56,540: +PUB [/mavros/global_position/global] /mavros http://erle-brain-2:60897/
[rosmaster.master][INFO] 2015-10-27 17:30:56,547: +PUB [/mavros/global_position/local] /mavros http://erle-brain-2:60897/
[rosmaster.master][INFO] 2015-10-27 17:30:56,554: +PUB [/mavros/global_position/rel_alt] /mavros http://erle-brain-2:60897/
[rosmaster.master][INFO] 2015-10-27 17:30:56,560: +PUB [/mavros/global_position/compass_hdg] /mavros http://erle-brain-2:60897/
[rosmaster.master][INFO] 2015-10-27 17:30:57,559: +PUB [/mavros/image/camera_image] /mavros http://erle-brain-2:60897/
[rosmaster.master][INFO] 2015-10-27 17:30:57,594: +PUB [/mavros/imu/data] /mavros http://erle-brain-2:60897/
[rosmaster.master][INFO] 2015-10-27 17:30:57,601: +PUB [/mavros/imu/mag] /mavros http://erle-brain-2:60897/
[rosmaster.master][INFO] 2015-10-27 17:30:57,608: +PUB [/mavros/imu/temperature] /mavros http://erle-brain-2:60897/
[rosmaster.master][INFO] 2015-10-27 17:30:57,615: +PUB [/mavros/imu/atm_pressure] /mavros http://erle-brain-2:60897/
[rosmaster.master][INFO] 2015-10-27 17:30:57,621: +PUB [/mavros/imu/data_raw] /mavros http://erle-brain-2:60897/
[rosmaster.master][INFO] 2015-10-27 17:30:57,650: +PUB [/mavros/local_position/local] /mavros http://erle-brain-2:60897/
[rosmaster.master][INFO] 2015-10-27 17:30:57,659: +PUB [/mavros/manual_control/control] /mavros http://erle-brain-2:60897/
[rosmaster.master][INFO] 2015-10-27 17:30:57,703: +SUB [/mavros/mocap/pose] /mavros http://erle-brain-2:60897/
[rosmaster.master][INFO] 2015-10-27 17:30:57,711: +SERVICE [/mavros/param/pull] /mavros http://erle-brain-2:60897/
[rosmaster.master][INFO] 2015-10-27 17:30:57,718: +SERVICE [/mavros/param/push] /mavros http://erle-brain-2:60897/
[rosmaster.master][INFO] 2015-10-27 17:30:57,725: +SERVICE [/mavros/param/set] /mavros http://erle-brain-2:60897/
[rosmaster.master][INFO] 2015-10-27 17:30:57,732: +SERVICE [/mavros/param/get] /mavros http://erle-brain-2:60897/
[rosmaster.master][INFO] 2015-10-27 17:30:57,762: +PUB [/mavros/px4flow/raw/optical_flow_rad] /mavros http://erle-brain-2:60897/
[rosmaster.master][INFO] 2015-10-27 17:30:57,768: +PUB [/mavros/px4flow/ground_distance] /mavros http://erle-brain-2:60897/
[rosmaster.master][INFO] 2015-10-27 17:30:57,775: +PUB [/mavros/px4flow/temperature] /mavros http://erle-brain-2:60897/
[rosmaster.master][INFO] 2015-10-27 17:30:57,783: +PUB [/mavros/rc/in] /mavros http://erle-brain-2:60897/
[rosmaster.master][INFO] 2015-10-27 17:30:57,790: +PUB [/mavros/rc/out] /mavros http://erle-brain-2:60897/
[rosmaster.master][INFO] 2015-10-27 17:30:57,821: +SUB [/mavros/rc/override] /mavros http://erle-brain-2:60897/
[rosmaster.master][INFO] 2015-10-27 17:30:57,860: +SUB [/mavros/safety_area/set] /mavros http://erle-brain-2:60897/
[rosmaster.master][INFO] 2015-10-27 17:30:57,899: +SUB [/mavros/setpoint_accel/accel] /mavros http://erle-brain-2:60897/
[rosmaster.master][INFO] 2015-10-27 17:30:57,958: +SUB [/mavros/setpoint_attitude/cmd_vel] /mavros http://erle-brain-2:60897/
[rosmaster.master][INFO] 2015-10-27 17:30:57,990: +SUB [/mavros/setpoint_attitude/attitude] /mavros http://erle-brain-2:60897/
[rosmaster.master][INFO] 2015-10-27 17:30:58,023: +SUB [/mavros/setpoint_attitude/att_throttle] /mavros http://erle-brain-2:60897/
[rosmaster.master][INFO] 2015-10-27 17:30:58,078: +SUB [/mavros/setpoint_position/local] /mavros http://erle-brain-2:60897/
[rosmaster.master][INFO] 2015-10-27 17:30:58,112: +SUB [/mavros/setpoint_velocity/cmd_vel] /mavros http://erle-brain-2:60897/
[rosmaster.master][INFO] 2015-10-27 17:30:58,147: +PUB [/mavros/state] /mavros http://erle-brain-2:60897/
[rosmaster.master][INFO] 2015-10-27 17:30:58,154: +PUB [/mavros/extended_state] /mavros http://erle-brain-2:60897/
[rosmaster.master][INFO] 2015-10-27 17:30:58,160: +PUB [/mavros/battery] /mavros http://erle-brain-2:60897/
[rosmaster.master][INFO] 2015-10-27 17:30:58,167: +SERVICE [/mavros/set_stream_rate] /mavros http://erle-brain-2:60897/
[rosmaster.master][INFO] 2015-10-27 17:30:58,174: +SERVICE [/mavros/set_mode] /mavros http://erle-brain-2:60897/
[rosmaster.master][INFO] 2015-10-27 17:30:58,213: +PUB [/mavros/time_reference] /mavros http://erle-brain-2:60897/
[rosmaster.master][INFO] 2015-10-27 17:30:58,222: +PUB [/mavros/vfr_hud] /mavros http://erle-brain-2:60897/
[rosmaster.master][INFO] 2015-10-27 17:30:58,228: +PUB [/mavros/wind_estimation] /mavros http://erle-brain-2:60897/
[rosmaster.master][INFO] 2015-10-27 17:30:58,242: +PUB [/mavros/vibration/raw/vibration] /mavros http://erle-brain-2:60897/
[rosmaster.master][INFO] 2015-10-27 17:30:58,297: +SUB [/mavros/vision_pose/pose] /mavros http://erle-brain-2:60897/
[rosmaster.master][INFO] 2015-10-27 17:30:58,329: +SUB [/mavros/vision_pose/pose_cov] /mavros http://erle-brain-2:60897/
[rosmaster.master][INFO] 2015-10-27 17:30:58,369: +SUB [/mavros/vision_speed/speed_vector] /mavros http://erle-brain-2:60897/
[rosmaster.master][INFO] 2015-10-27 17:30:58,383: +PUB [/mavros/mission/waypoints] /mavros http://erle-brain-2:60897/
[rosmaster.master][INFO] 2015-10-27 17:30:58,391: +SERVICE [/mavros/mission/pull] /mavros http://erle-brain-2:60897/
[rosmaster.master][INFO] 2015-10-27 17:30:58,398: +SERVICE [/mavros/mission/push] /mavros http://erle-brain-2:60897/
[rosmaster.master][INFO] 2015-10-27 17:30:58,405: +SERVICE [/mavros/mission/clear] /mavros http://erle-brain-2:60897/
[rosmaster.master][INFO] 2015-10-27 17:30:58,411: +SERVICE [/mavros/mission/set_current] /mavros http://erle-brain-2:60897/
[rosmaster.master][INFO] 2015-10-27 17:30:58,418: +SERVICE [/mavros/mission/goto] /mavros http://erle-brain-2:60897/
[rosmaster.master][INFO] 2015-10-27 17:31:10,896: -PUB [/rosout] /mavros http://erle-brain-2:60897/
[rosmaster.master][INFO] 2015-10-27 17:31:10,903: -PUB [/diagnostics] /mavros http://erle-brain-2:60897/
[rosmaster.master][INFO] 2015-10-27 17:31:10,910: -PUB [/tf] /mavros http://erle-brain-2:60897/
[rosmaster.master][INFO] 2015-10-27 17:31:10,911: publisherUpdate[/rosout] -> http://erle-brain-2:43327/
[rosmaster.master][INFO] 2015-10-27 17:31:10,916: publisherUpdate[/tf] -> http://erle-brain-2:60897/
[rosmaster.master][INFO] 2015-10-27 17:31:10,920: -PUB [/mavlink/from] /mavros http://erle-brain-2:60897/
[rosmaster.threadpool][ERROR] 2015-10-27 17:31:10,927: Traceback (most recent call last):
  File "/home/erle/ros_catkin_ws/install_isolated/lib/python2.7/dist-packages/rosmaster/threadpool.py", line 218, in run
    result = cmd(*args)
  File "/home/erle/ros_catkin_ws/install_isolated/lib/python2.7/dist-packages/rosmaster/master_api.py", line 208, in publisher_update_task
    xmlrpcapi(api).publisherUpdate('/master', topic, pub_uris)
  File "/usr/lib/python2.7/xmlrpclib.py", line 1233, in __call__
    return self.__send(self.__name, args)
  File "/usr/lib/python2.7/xmlrpclib.py", line 1591, in __request
    verbose=self.__verbose
  File "/usr/lib/python2.7/xmlrpclib.py", line 1273, in request
    return self.single_request(host, handler, request_body, verbose)
  File "/usr/lib/python2.7/xmlrpclib.py", line 1306, in single_request
    return self.parse_response(response)
  File "/usr/lib/python2.7/xmlrpclib.py", line 1482, in parse_response
    return u.close()
  File "/usr/lib/python2.7/xmlrpclib.py", line 794, in close
    raise Fault(**self._stack[0])
Fault: <Fault -1: 'publisherUpdate: unknown method name'>

[rosmaster.master][INFO] 2015-10-27 17:31:10,931: -PUB [/mavros/radio_status] /mavros http://erle-brain-2:60897/
[rosmaster.master][INFO] 2015-10-27 17:31:10,938: -PUB [/mavros/cam_imu_sync/cam_imu_stamp] /mavros http://erle-brain-2:60897/
[rosmaster.master][INFO] 2015-10-27 17:31:10,944: -PUB [/mavros/global_position/raw/fix] /mavros http://erle-brain-2:60897/
[rosmaster.master][INFO] 2015-10-27 17:31:10,950: -PUB [/mavros/global_position/raw/gps_vel] /mavros http://erle-brain-2:60897/
[rosmaster.master][INFO] 2015-10-27 17:31:10,956: -PUB [/mavros/global_position/global] /mavros http://erle-brain-2:60897/
[rosmaster.master][INFO] 2015-10-27 17:31:10,963: -PUB [/mavros/global_position/local] /mavros http://erle-brain-2:60897/
[rosmaster.master][INFO] 2015-10-27 17:31:10,969: -PUB [/mavros/global_position/rel_alt] /mavros http://erle-brain-2:60897/
[rosmaster.master][INFO] 2015-10-27 17:31:10,975: -PUB [/mavros/global_position/compass_hdg] /mavros http://erle-brain-2:60897/
[rosmaster.master][INFO] 2015-10-27 17:31:10,982: -PUB [/mavros/image/camera_image] /mavros http://erle-brain-2:60897/
[rosmaster.master][INFO] 2015-10-27 17:31:10,989: -PUB [/mavros/imu/data] /mavros http://erle-brain-2:60897/
[rosmaster.master][INFO] 2015-10-27 17:31:10,995: -PUB [/mavros/imu/mag] /mavros http://erle-brain-2:60897/
[rosmaster.master][INFO] 2015-10-27 17:31:11,001: -PUB [/mavros/imu/temperature] /mavros http://erle-brain-2:60897/
[rosmaster.master][INFO] 2015-10-27 17:31:11,008: -PUB [/mavros/imu/atm_pressure] /mavros http://erle-brain-2:60897/
[rosmaster.master][INFO] 2015-10-27 17:31:11,021: -PUB [/mavros/imu/data_raw] /mavros http://erle-brain-2:60897/
[rosmaster.master][INFO] 2015-10-27 17:31:11,028: -PUB [/mavros/local_position/local] /mavros http://erle-brain-2:60897/
[rosmaster.master][INFO] 2015-10-27 17:31:11,034: -PUB [/mavros/manual_control/control] /mavros http://erle-brain-2:60897/
[rosmaster.master][INFO] 2015-10-27 17:31:11,040: -PUB [/mavros/px4flow/raw/optical_flow_rad] /mavros http://erle-brain-2:60897/
[rosmaster.master][INFO] 2015-10-27 17:31:11,050: -PUB [/mavros/px4flow/ground_distance] /mavros http://erle-brain-2:60897/
[rosmaster.master][INFO] 2015-10-27 17:31:11,056: -PUB [/mavros/px4flow/temperature] /mavros http://erle-brain-2:60897/
[rosmaster.master][INFO] 2015-10-27 17:31:11,062: -PUB [/mavros/rc/in] /mavros http://erle-brain-2:60897/
[rosmaster.master][INFO] 2015-10-27 17:31:11,069: -PUB [/mavros/rc/out] /mavros http://erle-brain-2:60897/
[rosmaster.master][INFO] 2015-10-27 17:31:11,075: -PUB [/mavros/state] /mavros http://erle-brain-2:60897/
[rosmaster.master][INFO] 2015-10-27 17:31:11,081: -PUB [/mavros/extended_state] /mavros http://erle-brain-2:60897/
[rosmaster.master][INFO] 2015-10-27 17:31:11,088: -PUB [/mavros/battery] /mavros http://erle-brain-2:60897/
[rosmaster.master][INFO] 2015-10-27 17:31:11,098: -PUB [/mavros/time_reference] /mavros http://erle-brain-2:60897/
[rosmaster.master][INFO] 2015-10-27 17:31:11,104: -PUB [/mavros/vfr_hud] /mavros http://erle-brain-2:60897/
[rosmaster.master][INFO] 2015-10-27 17:31:11,111: -PUB [/mavros/wind_estimation] /mavros http://erle-brain-2:60897/
[rosmaster.master][INFO] 2015-10-27 17:31:11,118: -PUB [/mavros/vibration/raw/vibration] /mavros http://erle-brain-2:60897/
[rosmaster.master][INFO] 2015-10-27 17:31:11,124: -PUB [/mavros/mission/waypoints] /mavros http://erle-brain-2:60897/
[rosmaster.master][INFO] 2015-10-27 17:31:11,131: -SUB [/tf] /mavros http://erle-brain-2:60897/
[rosmaster.master][INFO] 2015-10-27 17:31:11,137: -SUB [/tf_static] /mavros http://erle-brain-2:60897/
[rosmaster.master][INFO] 2015-10-27 17:31:11,144: -SUB [/mavlink/to] /mavros http://erle-brain-2:60897/
[rosmaster.master][INFO] 2015-10-27 17:31:11,150: -SUB [/mavros/actuator_control] /mavros http://erle-brain-2:60897/
[rosmaster.master][INFO] 2015-10-27 17:31:11,156: -SUB [/mavros/mocap/pose] /mavros http://erle-brain-2:60897/
[rosmaster.master][INFO] 2015-10-27 17:31:11,163: -SUB [/mavros/rc/override] /mavros http://erle-brain-2:60897/
[rosmaster.master][INFO] 2015-10-27 17:31:11,169: -SUB [/mavros/safety_area/set] /mavros http://erle-brain-2:60897/
[rosmaster.master][INFO] 2015-10-27 17:31:11,175: -SUB [/mavros/setpoint_accel/accel] /mavros http://erle-brain-2:60897/
[rosmaster.master][INFO] 2015-10-27 17:31:11,182: -SUB [/mavros/setpoint_attitude/cmd_vel] /mavros http://erle-brain-2:60897/
[rosmaster.master][INFO] 2015-10-27 17:31:11,189: -SUB [/mavros/setpoint_attitude/attitude] /mavros http://erle-brain-2:60897/
[rosmaster.master][INFO] 2015-10-27 17:31:11,197: -SUB [/mavros/setpoint_attitude/att_throttle] /mavros http://erle-brain-2:60897/
[rosmaster.master][INFO] 2015-10-27 17:31:11,204: -SUB [/mavros/setpoint_position/local] /mavros http://erle-brain-2:60897/
[rosmaster.master][INFO] 2015-10-27 17:31:11,210: -SUB [/mavros/setpoint_velocity/cmd_vel] /mavros http://erle-brain-2:60897/
[rosmaster.master][INFO] 2015-10-27 17:31:11,217: -SUB [/mavros/vision_pose/pose] /mavros http://erle-brain-2:60897/
[rosmaster.master][INFO] 2015-10-27 17:31:11,223: -SUB [/mavros/vision_pose/pose_cov] /mavros http://erle-brain-2:60897/
[rosmaster.master][INFO] 2015-10-27 17:31:11,230: -SUB [/mavros/vision_speed/speed_vector] /mavros http://erle-brain-2:60897/
[rosmaster.master][INFO] 2015-10-27 17:31:11,236: -SERVICE [/mavros/get_loggers] /mavros rosrpc://erle-brain-2:50449
[rosmaster.master][INFO] 2015-10-27 17:31:11,243: -SERVICE [/mavros/set_logger_level] /mavros rosrpc://erle-brain-2:50449
[rosmaster.master][INFO] 2015-10-27 17:31:11,249: -SERVICE [/mavros/cmd/command] /mavros rosrpc://erle-brain-2:50449
[rosmaster.master][INFO] 2015-10-27 17:31:11,256: -SERVICE [/mavros/cmd/command_int] /mavros rosrpc://erle-brain-2:50449
[rosmaster.master][INFO] 2015-10-27 17:31:11,262: -SERVICE [/mavros/cmd/arming] /mavros rosrpc://erle-brain-2:50449
[rosmaster.master][INFO] 2015-10-27 17:31:11,268: -SERVICE [/mavros/cmd/set_home] /mavros rosrpc://erle-brain-2:50449
[rosmaster.master][INFO] 2015-10-27 17:31:11,275: -SERVICE [/mavros/cmd/takeoff] /mavros rosrpc://erle-brain-2:50449
[rosmaster.master][INFO] 2015-10-27 17:31:11,281: -SERVICE [/mavros/cmd/land] /mavros rosrpc://erle-brain-2:50449
[rosmaster.master][INFO] 2015-10-27 17:31:11,287: -SERVICE [/mavros/cmd/guided_enable] /mavros rosrpc://erle-brain-2:50449
[rosmaster.master][INFO] 2015-10-27 17:31:11,294: -SERVICE [/mavros/cmd/trigger_control] /mavros rosrpc://erle-brain-2:50449
[rosmaster.master][INFO] 2015-10-27 17:31:11,301: -SERVICE [/mavros/ftp/list] /mavros rosrpc://erle-brain-2:50449
[rosmaster.master][INFO] 2015-10-27 17:31:11,307: -SERVICE [/mavros/ftp/open] /mavros rosrpc://erle-brain-2:50449
[rosmaster.master][INFO] 2015-10-27 17:31:11,314: -SERVICE [/mavros/ftp/close] /mavros rosrpc://erle-brain-2:50449
[rosmaster.master][INFO] 2015-10-27 17:31:11,320: -SERVICE [/mavros/ftp/read] /mavros rosrpc://erle-brain-2:50449
[rosmaster.master][INFO] 2015-10-27 17:31:11,327: -SERVICE [/mavros/ftp/write] /mavros rosrpc://erle-brain-2:50449
[rosmaster.master][INFO] 2015-10-27 17:31:11,333: -SERVICE [/mavros/ftp/mkdir] /mavros rosrpc://erle-brain-2:50449
[rosmaster.master][INFO] 2015-10-27 17:31:11,340: -SERVICE [/mavros/ftp/rmdir] /mavros rosrpc://erle-brain-2:50449
[rosmaster.master][INFO] 2015-10-27 17:31:11,346: -SERVICE [/mavros/ftp/remove] /mavros rosrpc://erle-brain-2:50449
[rosmaster.master][INFO] 2015-10-27 17:31:11,352: -SERVICE [/mavros/ftp/truncate] /mavros rosrpc://erle-brain-2:50449
[rosmaster.master][INFO] 2015-10-27 17:31:11,358: -SERVICE [/mavros/ftp/reset] /mavros rosrpc://erle-brain-2:50449
[rosmaster.master][INFO] 2015-10-27 17:31:11,364: -SERVICE [/mavros/ftp/rename] /mavros rosrpc://erle-brain-2:50449
[rosmaster.master][INFO] 2015-10-27 17:31:11,371: -SERVICE [/mavros/ftp/checksum] /mavros rosrpc://erle-brain-2:50449
[rosmaster.master][INFO] 2015-10-27 17:31:11,377: -SERVICE [/mavros/param/pull] /mavros rosrpc://erle-brain-2:50449
[rosmaster.master][INFO] 2015-10-27 17:31:11,383: -SERVICE [/mavros/param/push] /mavros rosrpc://erle-brain-2:50449
[rosmaster.master][INFO] 2015-10-27 17:31:11,389: -SERVICE [/mavros/param/set] /mavros rosrpc://erle-brain-2:50449
[rosmaster.master][INFO] 2015-10-27 17:31:11,395: -SERVICE [/mavros/param/get] /mavros rosrpc://erle-brain-2:50449
[rosmaster.master][INFO] 2015-10-27 17:31:11,402: -SERVICE [/mavros/set_stream_rate] /mavros rosrpc://erle-brain-2:50449
[rosmaster.master][INFO] 2015-10-27 17:31:11,408: -SERVICE [/mavros/set_mode] /mavros rosrpc://erle-brain-2:50449
[rosmaster.master][INFO] 2015-10-27 17:31:11,415: -SERVICE [/mavros/mission/pull] /mavros rosrpc://erle-brain-2:50449
[rosmaster.master][INFO] 2015-10-27 17:31:11,421: -SERVICE [/mavros/mission/push] /mavros rosrpc://erle-brain-2:50449
[rosmaster.master][INFO] 2015-10-27 17:31:11,427: -SERVICE [/mavros/mission/clear] /mavros rosrpc://erle-brain-2:50449
[rosmaster.master][INFO] 2015-10-27 17:31:11,434: -SERVICE [/mavros/mission/set_current] /mavros rosrpc://erle-brain-2:50449
[rosmaster.master][INFO] 2015-10-27 17:31:11,440: -SERVICE [/mavros/mission/goto] /mavros rosrpc://erle-brain-2:50449
[rosmaster.master][INFO] 2015-10-27 17:31:18,171: +PARAM [/mavros/fcu_url] by /mavros
[rosmaster.master][INFO] 2015-10-27 17:31:18,178: +PARAM [/mavros/gcs_url] by /mavros
[rosmaster.master][INFO] 2015-10-27 17:31:18,194: +PUB [/rosout] /mavros http://erle-brain-2:50985/
[rosmaster.master][INFO] 2015-10-27 17:31:18,198: publisherUpdate[/rosout] -> http://erle-brain-2:43327/
[rosmaster.master][INFO] 2015-10-27 17:31:18,208: +SERVICE [/mavros/get_loggers] /mavros http://erle-brain-2:50985/
[rosmaster.master][INFO] 2015-10-27 17:31:18,214: +SERVICE [/mavros/set_logger_level] /mavros http://erle-brain-2:50985/
[rosmaster.master][INFO] 2015-10-27 17:31:18,290: +PUB [/diagnostics] /mavros http://erle-brain-2:50985/
[rosmaster.master][INFO] 2015-10-27 17:31:18,337: +SUB [/tf] /mavros http://erle-brain-2:50985/
[rosmaster.master][INFO] 2015-10-27 17:31:18,369: +SUB [/tf_static] /mavros http://erle-brain-2:50985/
[rosmaster.master][INFO] 2015-10-27 17:31:18,377: +PUB [/tf] /mavros http://erle-brain-2:50985/
[rosmaster.master][INFO] 2015-10-27 17:31:18,410: publisherUpdate[/tf] -> http://erle-brain-2:50985/
[rosmaster.master][INFO] 2015-10-27 17:31:18,461: +PUB [/mavlink/from] /mavros http://erle-brain-2:50985/
[rosmaster.master][INFO] 2015-10-27 17:31:18,493: +SUB [/mavlink/to] /mavros http://erle-brain-2:50985/
[rosmaster.master][INFO] 2015-10-27 17:31:18,821: +PUB [/mavros/radio_status] /mavros http://erle-brain-2:50985/
[rosmaster.master][INFO] 2015-10-27 17:31:18,858: +SUB [/mavros/actuator_control] /mavros http://erle-brain-2:50985/
[rosmaster.master][INFO] 2015-10-27 17:31:19,612: +PUB [/mavros/cam_imu_sync/cam_imu_stamp] /mavros http://erle-brain-2:50985/
[rosmaster.master][INFO] 2015-10-27 17:31:19,627: +SERVICE [/mavros/cmd/command] /mavros http://erle-brain-2:50985/
[rosmaster.master][INFO] 2015-10-27 17:31:19,635: +SERVICE [/mavros/cmd/command_int] /mavros http://erle-brain-2:50985/
[rosmaster.master][INFO] 2015-10-27 17:31:19,642: +SERVICE [/mavros/cmd/arming] /mavros http://erle-brain-2:50985/
[rosmaster.master][INFO] 2015-10-27 17:31:19,649: +SERVICE [/mavros/cmd/set_home] /mavros http://erle-brain-2:50985/
[rosmaster.master][INFO] 2015-10-27 17:31:19,657: +SERVICE [/mavros/cmd/takeoff] /mavros http://erle-brain-2:50985/
[rosmaster.master][INFO] 2015-10-27 17:31:19,664: +SERVICE [/mavros/cmd/land] /mavros http://erle-brain-2:50985/
[rosmaster.master][INFO] 2015-10-27 17:31:19,671: +SERVICE [/mavros/cmd/guided_enable] /mavros http://erle-brain-2:50985/
[rosmaster.master][INFO] 2015-10-27 17:31:19,677: +SERVICE [/mavros/cmd/trigger_control] /mavros http://erle-brain-2:50985/
[rosmaster.master][INFO] 2015-10-27 17:31:19,693: +SERVICE [/mavros/ftp/list] /mavros http://erle-brain-2:50985/
[rosmaster.master][INFO] 2015-10-27 17:31:19,700: +SERVICE [/mavros/ftp/open] /mavros http://erle-brain-2:50985/
[rosmaster.master][INFO] 2015-10-27 17:31:19,707: +SERVICE [/mavros/ftp/close] /mavros http://erle-brain-2:50985/
[rosmaster.master][INFO] 2015-10-27 17:31:19,714: +SERVICE [/mavros/ftp/read] /mavros http://erle-brain-2:50985/
[rosmaster.master][INFO] 2015-10-27 17:31:19,722: +SERVICE [/mavros/ftp/write] /mavros http://erle-brain-2:50985/
[rosmaster.master][INFO] 2015-10-27 17:31:19,729: +SERVICE [/mavros/ftp/mkdir] /mavros http://erle-brain-2:50985/
[rosmaster.master][INFO] 2015-10-27 17:31:19,737: +SERVICE [/mavros/ftp/rmdir] /mavros http://erle-brain-2:50985/
[rosmaster.master][INFO] 2015-10-27 17:31:19,744: +SERVICE [/mavros/ftp/remove] /mavros http://erle-brain-2:50985/
[rosmaster.master][INFO] 2015-10-27 17:31:19,750: +SERVICE [/mavros/ftp/truncate] /mavros http://erle-brain-2:50985/
[rosmaster.master][INFO] 2015-10-27 17:31:19,757: +SERVICE [/mavros/ftp/reset] /mavros http://erle-brain-2:50985/
[rosmaster.master][INFO] 2015-10-27 17:31:19,764: +SERVICE [/mavros/ftp/rename] /mavros http://erle-brain-2:50985/
[rosmaster.master][INFO] 2015-10-27 17:31:19,770: +SERVICE [/mavros/ftp/checksum] /mavros http://erle-brain-2:50985/
[rosmaster.master][INFO] 2015-10-27 17:31:19,804: +PUB [/mavros/global_position/raw/fix] /mavros http://erle-brain-2:50985/
[rosmaster.master][INFO] 2015-10-27 17:31:19,811: +PUB [/mavros/global_position/raw/gps_vel] /mavros http://erle-brain-2:50985/
[rosmaster.master][INFO] 2015-10-27 17:31:19,817: +PUB [/mavros/global_position/global] /mavros http://erle-brain-2:50985/
[rosmaster.master][INFO] 2015-10-27 17:31:19,824: +PUB [/mavros/global_position/local] /mavros http://erle-brain-2:50985/
[rosmaster.master][INFO] 2015-10-27 17:31:19,831: +PUB [/mavros/global_position/rel_alt] /mavros http://erle-brain-2:50985/
[rosmaster.master][INFO] 2015-10-27 17:31:19,838: +PUB [/mavros/global_position/compass_hdg] /mavros http://erle-brain-2:50985/
[rosmaster.master][INFO] 2015-10-27 17:31:20,258: +PUB [/mavros/image/camera_image] /mavros http://erle-brain-2:50985/
[rosmaster.master][INFO] 2015-10-27 17:31:20,293: +PUB [/mavros/imu/data] /mavros http://erle-brain-2:50985/
[rosmaster.master][INFO] 2015-10-27 17:31:20,299: +PUB [/mavros/imu/mag] /mavros http://erle-brain-2:50985/
[rosmaster.master][INFO] 2015-10-27 17:31:20,307: +PUB [/mavros/imu/temperature] /mavros http://erle-brain-2:50985/
[rosmaster.master][INFO] 2015-10-27 17:31:20,314: +PUB [/mavros/imu/atm_pressure] /mavros http://erle-brain-2:50985/
[rosmaster.master][INFO] 2015-10-27 17:31:20,320: +PUB [/mavros/imu/data_raw] /mavros http://erle-brain-2:50985/
[rosmaster.master][INFO] 2015-10-27 17:31:20,350: +PUB [/mavros/local_position/local] /mavros http://erle-brain-2:50985/
[rosmaster.master][INFO] 2015-10-27 17:31:20,358: +PUB [/mavros/manual_control/control] /mavros http://erle-brain-2:50985/
[rosmaster.master][INFO] 2015-10-27 17:31:20,402: +SUB [/mavros/mocap/pose] /mavros http://erle-brain-2:50985/
[rosmaster.master][INFO] 2015-10-27 17:31:20,410: +SERVICE [/mavros/param/pull] /mavros http://erle-brain-2:50985/
[rosmaster.master][INFO] 2015-10-27 17:31:20,417: +SERVICE [/mavros/param/push] /mavros http://erle-brain-2:50985/
[rosmaster.master][INFO] 2015-10-27 17:31:20,424: +SERVICE [/mavros/param/set] /mavros http://erle-brain-2:50985/
[rosmaster.master][INFO] 2015-10-27 17:31:20,431: +SERVICE [/mavros/param/get] /mavros http://erle-brain-2:50985/
[rosmaster.master][INFO] 2015-10-27 17:31:20,460: +PUB [/mavros/px4flow/raw/optical_flow_rad] /mavros http://erle-brain-2:50985/
[rosmaster.master][INFO] 2015-10-27 17:31:20,467: +PUB [/mavros/px4flow/ground_distance] /mavros http://erle-brain-2:50985/
[rosmaster.master][INFO] 2015-10-27 17:31:20,474: +PUB [/mavros/px4flow/temperature] /mavros http://erle-brain-2:50985/
[rosmaster.master][INFO] 2015-10-27 17:31:20,482: +PUB [/mavros/rc/in] /mavros http://erle-brain-2:50985/
[rosmaster.master][INFO] 2015-10-27 17:31:20,488: +PUB [/mavros/rc/out] /mavros http://erle-brain-2:50985/
[rosmaster.master][INFO] 2015-10-27 17:31:20,520: +SUB [/mavros/rc/override] /mavros http://erle-brain-2:50985/
[rosmaster.master][INFO] 2015-10-27 17:31:20,564: +SUB [/mavros/safety_area/set] /mavros http://erle-brain-2:50985/
[rosmaster.master][INFO] 2015-10-27 17:31:20,603: +SUB [/mavros/setpoint_accel/accel] /mavros http://erle-brain-2:50985/
[rosmaster.master][INFO] 2015-10-27 17:31:20,667: +SUB [/mavros/setpoint_attitude/cmd_vel] /mavros http://erle-brain-2:50985/
[rosmaster.master][INFO] 2015-10-27 17:31:20,704: +SUB [/mavros/setpoint_attitude/attitude] /mavros http://erle-brain-2:50985/
[rosmaster.master][INFO] 2015-10-27 17:31:20,738: +SUB [/mavros/setpoint_attitude/att_throttle] /mavros http://erle-brain-2:50985/
[rosmaster.master][INFO] 2015-10-27 17:31:20,792: +SUB [/mavros/setpoint_position/local] /mavros http://erle-brain-2:50985/
[rosmaster.master][INFO] 2015-10-27 17:31:20,825: +SUB [/mavros/setpoint_velocity/cmd_vel] /mavros http://erle-brain-2:50985/
[rosmaster.master][INFO] 2015-10-27 17:31:20,861: +PUB [/mavros/state] /mavros http://erle-brain-2:50985/
[rosmaster.master][INFO] 2015-10-27 17:31:20,867: +PUB [/mavros/extended_state] /mavros http://erle-brain-2:50985/
[rosmaster.master][INFO] 2015-10-27 17:31:20,874: +PUB [/mavros/battery] /mavros http://erle-brain-2:50985/
[rosmaster.master][INFO] 2015-10-27 17:31:20,881: +SERVICE [/mavros/set_stream_rate] /mavros http://erle-brain-2:50985/
[rosmaster.master][INFO] 2015-10-27 17:31:20,887: +SERVICE [/mavros/set_mode] /mavros http://erle-brain-2:50985/
[rosmaster.master][INFO] 2015-10-27 17:31:20,927: +PUB [/mavros/time_reference] /mavros http://erle-brain-2:50985/
[rosmaster.master][INFO] 2015-10-27 17:31:20,935: +PUB [/mavros/vfr_hud] /mavros http://erle-brain-2:50985/
[rosmaster.master][INFO] 2015-10-27 17:31:20,942: +PUB [/mavros/wind_estimation] /mavros http://erle-brain-2:50985/
[rosmaster.master][INFO] 2015-10-27 17:31:20,954: +PUB [/mavros/vibration/raw/vibration] /mavros http://erle-brain-2:50985/
[rosmaster.master][INFO] 2015-10-27 17:31:21,007: +SUB [/mavros/vision_pose/pose] /mavros http://erle-brain-2:50985/
[rosmaster.master][INFO] 2015-10-27 17:31:21,039: +SUB [/mavros/vision_pose/pose_cov] /mavros http://erle-brain-2:50985/
[rosmaster.master][INFO] 2015-10-27 17:31:21,077: +SUB [/mavros/vision_speed/speed_vector] /mavros http://erle-brain-2:50985/
[rosmaster.master][INFO] 2015-10-27 17:31:21,090: +PUB [/mavros/mission/waypoints] /mavros http://erle-brain-2:50985/
[rosmaster.master][INFO] 2015-10-27 17:31:21,096: +SERVICE [/mavros/mission/pull] /mavros http://erle-brain-2:50985/
[rosmaster.master][INFO] 2015-10-27 17:31:21,103: +SERVICE [/mavros/mission/push] /mavros http://erle-brain-2:50985/
[rosmaster.master][INFO] 2015-10-27 17:31:21,110: +SERVICE [/mavros/mission/clear] /mavros http://erle-brain-2:50985/
[rosmaster.master][INFO] 2015-10-27 17:31:21,117: +SERVICE [/mavros/mission/set_current] /mavros http://erle-brain-2:50985/
[rosmaster.master][INFO] 2015-10-27 17:31:21,123: +SERVICE [/mavros/mission/goto] /mavros http://erle-brain-2:50985/
[rosmaster.master][INFO] 2015-10-27 17:31:54,963: +PARAM [/gcs_bridge_serial/gcs_url] by /gcs_bridge_serial
[rosmaster.master][INFO] 2015-10-27 17:31:54,980: +PUB [/rosout] /gcs_bridge_serial http://erle-brain-2:55952/
[rosmaster.master][INFO] 2015-10-27 17:31:54,988: +SERVICE [/gcs_bridge_serial/get_loggers] /gcs_bridge_serial http://erle-brain-2:55952/
[rosmaster.master][INFO] 2015-10-27 17:31:54,991: publisherUpdate[/rosout] -> http://erle-brain-2:43327/
[rosmaster.master][INFO] 2015-10-27 17:31:54,998: +SERVICE [/gcs_bridge_serial/set_logger_level] /gcs_bridge_serial http://erle-brain-2:55952/
[rosmaster.master][INFO] 2015-10-27 17:31:55,012: +PUB [/diagnostics] /gcs_bridge_serial http://erle-brain-2:55952/
[rosmaster.master][INFO] 2015-10-27 17:31:55,044: -PUB [/diagnostics] /gcs_bridge_serial http://erle-brain-2:55952/
[rosmaster.master][INFO] 2015-10-27 17:31:55,202: -PUB [/rosout] /gcs_bridge_serial http://erle-brain-2:55952/
[rosmaster.master][INFO] 2015-10-27 17:31:55,202: publisherUpdate[/rosout] -> http://erle-brain-2:43327/
[rosmaster.master][INFO] 2015-10-27 17:31:55,212: -SERVICE [/gcs_bridge_serial/get_loggers] /gcs_bridge_serial rosrpc://erle-brain-2:47732
[rosmaster.master][INFO] 2015-10-27 17:31:55,219: -SERVICE [/gcs_bridge_serial/set_logger_level] /gcs_bridge_serial rosrpc://erle-brain-2:47732
[rosmaster.master][INFO] 2015-10-27 17:32:11,247: +PARAM [/gcs_bridge_serial/gcs_url] by /gcs_bridge_serial
[rosmaster.master][INFO] 2015-10-27 17:32:11,264: +PUB [/rosout] /gcs_bridge_serial http://erle-brain-2:33776/
[rosmaster.master][INFO] 2015-10-27 17:32:11,272: +SERVICE [/gcs_bridge_serial/get_loggers] /gcs_bridge_serial http://erle-brain-2:33776/
[rosmaster.master][INFO] 2015-10-27 17:32:11,279: +SERVICE [/gcs_bridge_serial/set_logger_level] /gcs_bridge_serial http://erle-brain-2:33776/
[rosmaster.master][INFO] 2015-10-27 17:32:11,293: +PUB [/diagnostics] /gcs_bridge_serial http://erle-brain-2:33776/
[rosmaster.master][INFO] 2015-10-27 17:32:11,328: +PUB [/mavlink/to] /gcs_bridge_serial http://erle-brain-2:33776/
[rosmaster.master][INFO] 2015-10-27 17:32:11,338: publisherUpdate[/rosout] -> http://erle-brain-2:43327/
[rosmaster.master][INFO] 2015-10-27 17:32:11,344: publisherUpdate[/mavlink/to] -> http://erle-brain-2:50985/
[rosmaster.master][INFO] 2015-10-27 17:32:11,377: +SUB [/mavlink/from] /gcs_bridge_serial http://erle-brain-2:33776/
[rosmaster.master][INFO] 2015-10-27 17:33:24,579: -PUB [/rosout] /gcs_bridge_serial http://erle-brain-2:33776/
[rosmaster.master][INFO] 2015-10-27 17:33:24,586: -PUB [/diagnostics] /gcs_bridge_serial http://erle-brain-2:33776/
[rosmaster.master][INFO] 2015-10-27 17:33:24,593: -PUB [/mavlink/to] /gcs_bridge_serial http://erle-brain-2:33776/
[rosmaster.master][INFO] 2015-10-27 17:33:24,600: -SUB [/mavlink/from] /gcs_bridge_serial http://erle-brain-2:33776/
[rosmaster.master][INFO] 2015-10-27 17:33:24,603: publisherUpdate[/rosout] -> http://erle-brain-2:43327/
[rosmaster.master][INFO] 2015-10-27 17:33:24,606: publisherUpdate[/mavlink/to] -> http://erle-brain-2:50985/
[rosmaster.master][INFO] 2015-10-27 17:33:24,612: -SERVICE [/gcs_bridge_serial/get_loggers] /gcs_bridge_serial rosrpc://erle-brain-2:45328
[rosmaster.master][INFO] 2015-10-27 17:33:24,620: -SERVICE [/gcs_bridge_serial/set_logger_level] /gcs_bridge_serial rosrpc://erle-brain-2:45328
