[roslaunch][INFO] 2015-10-27 16:36:15,704: Checking log directory for disk usage. This may take awhile.
Press Ctrl-C to interrupt
[roslaunch][INFO] 2015-10-27 16:36:15,723: Done checking log file disk usage. Usage is <1GB.
[roslaunch][INFO] 2015-10-27 16:36:15,725: roslaunch starting with args ['roscore', '--core']
[roslaunch][INFO] 2015-10-27 16:36:15,726: roslaunch env is {'ROS_DISTRO': 'indigo', 'SSH_CLIENT': '192.168.1.39 52901 22', 'CPATH': '/home/erle/ros_catkin_ws/install_isolated/include', 'LOGNAME': 'erle', 'USER': 'erle', 'HOME': '/home/erle', 'PATH': '/home/erle/ros_catkin_ws/install_isolated/bin:/usr/local/sbin:/usr/local/bin:/usr/sbin:/usr/bin:/sbin:/bin:/usr/local/games:/usr/games', 'CMAKE_PREFIX_PATH': '/home/erle/ros_catkin_ws/install_isolated', 'LD_LIBRARY_PATH': '/home/erle/ros_catkin_ws/install_isolated/lib:/home/erle/ros_catkin_ws/install_isolated/lib/arm-linux-gnueabihf', 'LANG': 'en_GB.UTF-8', 'TERM': 'xterm-color', 'SHELL': '/bin/bash', 'SHLVL': '1', 'ROS_LOG_FILENAME': '/home/erle/.ros/log/d77d1faa-7cc8-11e5-8e1c-b827eb22b675/roslaunch-erle-brain-2-22240.log', 'ROS_ETC_DIR': '/home/erle/ros_catkin_ws/install_isolated/etc/ros', 'XDG_RUNTIME_DIR': '/run/user/1001', 'PYTHONPATH': '/home/erle/ros_catkin_ws/install_isolated/lib/python2.7/dist-packages', 'ROS_ROOT': '/home/erle/ros_catkin_ws/install_isolated/share/ros', 'PKG_CONFIG_PATH': '/home/erle/ros_catkin_ws/install_isolated/lib/pkgconfig:/home/erle/ros_catkin_ws/install_isolated/lib/arm-linux-gnueabihf/pkgconfig', 'ROS_PACKAGE_PATH': '/home/erle/ros_catkin_ws/install_isolated/share:/home/erle/ros_catkin_ws/install_isolated/stacks', 'XDG_SESSION_ID': 'c3', '_': '/home/erle/ros_catkin_ws/install_isolated/bin/roscore', 'SSH_CONNECTION': '192.168.1.39 52901 192.168.1.54 22', 'SSH_TTY': '/dev/pts/0', 'OLDPWD': '/', 'ROSLISP_PACKAGE_DIRECTORIES': '', 'PWD': '/home/erle', 'ROS_MASTER_URI': 'http://localhost:11311', 'MAIL': '/var/mail/erle', 'LS_COLORS': 'rs=0:di=01;34:ln=01;36:mh=00:pi=40;33:so=01;35:do=01;35:bd=40;33;01:cd=40;33;01:or=40;31;01:su=37;41:sg=30;43:ca=30;41:tw=30;42:ow=34;42:st=37;44:ex=01;32:*.tar=01;31:*.tgz=01;31:*.arc=01;31:*.arj=01;31:*.taz=01;31:*.lha=01;31:*.lz4=01;31:*.lzh=01;31:*.lzma=01;31:*.tlz=01;31:*.txz=01;31:*.tzo=01;31:*.t7z=01;31:*.zip=01;31:*.z=01;31:*.Z=01;31:*.dz=01;31:*.gz=01;31:*.lrz=01;31:*.lz=01;31:*.lzo=01;31:*.xz=01;31:*.bz2=01;31:*.bz=01;31:*.tbz=01;31:*.tbz2=01;31:*.tz=01;31:*.deb=01;31:*.rpm=01;31:*.jar=01;31:*.war=01;31:*.ear=01;31:*.sar=01;31:*.rar=01;31:*.alz=01;31:*.ace=01;31:*.zoo=01;31:*.cpio=01;31:*.7z=01;31:*.rz=01;31:*.cab=01;31:*.jpg=01;35:*.jpeg=01;35:*.gif=01;35:*.bmp=01;35:*.pbm=01;35:*.pgm=01;35:*.ppm=01;35:*.tga=01;35:*.xbm=01;35:*.xpm=01;35:*.tif=01;35:*.tiff=01;35:*.png=01;35:*.svg=01;35:*.svgz=01;35:*.mng=01;35:*.pcx=01;35:*.mov=01;35:*.mpg=01;35:*.mpeg=01;35:*.m2v=01;35:*.mkv=01;35:*.webm=01;35:*.ogm=01;35:*.mp4=01;35:*.m4v=01;35:*.mp4v=01;35:*.vob=01;35:*.qt=01;35:*.nuv=01;35:*.wmv=01;35:*.asf=01;35:*.rm=01;35:*.rmvb=01;35:*.flc=01;35:*.avi=01;35:*.fli=01;35:*.flv=01;35:*.gl=01;35:*.dl=01;35:*.xcf=01;35:*.xwd=01;35:*.yuv=01;35:*.cgm=01;35:*.emf=01;35:*.axv=01;35:*.anx=01;35:*.ogv=01;35:*.ogx=01;35:*.aac=00;36:*.au=00;36:*.flac=00;36:*.m4a=00;36:*.mid=00;36:*.midi=00;36:*.mka=00;36:*.mp3=00;36:*.mpc=00;36:*.ogg=00;36:*.ra=00;36:*.wav=00;36:*.axa=00;36:*.oga=00;36:*.spx=00;36:*.xspf=00;36:'}
[roslaunch][INFO] 2015-10-27 16:36:15,727: starting in server mode
[roslaunch.parent][INFO] 2015-10-27 16:36:15,728: starting roslaunch parent run
[roslaunch][INFO] 2015-10-27 16:36:15,730: loading roscore config file /home/erle/ros_catkin_ws/install_isolated/etc/ros/roscore.xml
[roslaunch][INFO] 2015-10-27 16:36:16,285: Added core node of type [rosout/rosout] in namespace [/]
[roslaunch.pmon][INFO] 2015-10-27 16:36:16,287: start_process_monitor: creating ProcessMonitor
[roslaunch.pmon][INFO] 2015-10-27 16:36:16,288: created process monitor <ProcessMonitor(ProcessMonitor-1, initial daemon)>
[roslaunch.pmon][INFO] 2015-10-27 16:36:16,290: start_process_monitor: ProcessMonitor started
[roslaunch.parent][INFO] 2015-10-27 16:36:16,290: starting parent XML-RPC server
[roslaunch.server][INFO] 2015-10-27 16:36:16,291: starting roslaunch XML-RPC server
[roslaunch.server][INFO] 2015-10-27 16:36:16,292: waiting for roslaunch XML-RPC server to initialize
[xmlrpc][INFO] 2015-10-27 16:36:16,293: XML-RPC server binding to 0.0.0.0:0
[xmlrpc][INFO] 2015-10-27 16:36:16,295: Started XML-RPC server [http://erle-brain-2:54531/]
[xmlrpc][INFO] 2015-10-27 16:36:16,297: xml rpc node: starting XML-RPC server
[roslaunch][INFO] 2015-10-27 16:36:16,312: started roslaunch server http://erle-brain-2:54531/
[roslaunch.parent][INFO] 2015-10-27 16:36:16,314: ... parent XML-RPC server started
[roslaunch][INFO] 2015-10-27 16:36:16,316: master.is_running[http://erle-brain-2:11311/]
[roslaunch][INFO] 2015-10-27 16:36:16,325: auto-starting new master
[roslaunch][INFO] 2015-10-27 16:36:16,326: create_master_process: rosmaster, /home/erle/ros_catkin_ws/install_isolated/share/ros, 11311
[roslaunch][INFO] 2015-10-27 16:36:16,327: process[master]: launching with args [['rosmaster', '--core', '-p', '11311']]
[roslaunch.pmon][INFO] 2015-10-27 16:36:16,328: ProcessMonitor.register[master]
[roslaunch.pmon][INFO] 2015-10-27 16:36:16,329: ProcessMonitor.register[master] complete
[roslaunch][INFO] 2015-10-27 16:36:16,329: process[master]: starting os process
[roslaunch][INFO] 2015-10-27 16:36:16,330: process[master]: start w/ args [['rosmaster', '--core', '-p', '11311', '__log:=/home/erle/.ros/log/d77d1faa-7cc8-11e5-8e1c-b827eb22b675/master.log']]
[roslaunch][INFO] 2015-10-27 16:36:16,331: process[master]: cwd will be [/home/erle/.ros]
[roslaunch][INFO] 2015-10-27 16:36:16,391: process[master]: started with pid [22251]
[roslaunch][INFO] 2015-10-27 16:36:16,392: master.is_running[http://erle-brain-2:11311/]
[roslaunch][INFO] 2015-10-27 16:36:16,496: master.is_running[http://erle-brain-2:11311/]
[roslaunch][INFO] 2015-10-27 16:36:16,600: master.is_running[http://erle-brain-2:11311/]
[roslaunch][INFO] 2015-10-27 16:36:16,703: master.is_running[http://erle-brain-2:11311/]
[roslaunch][INFO] 2015-10-27 16:36:16,807: master.is_running[http://erle-brain-2:11311/]
[roslaunch][INFO] 2015-10-27 16:36:16,910: master.is_running[http://erle-brain-2:11311/]
[roslaunch][INFO] 2015-10-27 16:36:17,014: master.is_running[http://erle-brain-2:11311/]
[roslaunch][INFO] 2015-10-27 16:36:17,117: master.is_running[http://erle-brain-2:11311/]
[roslaunch][INFO] 2015-10-27 16:36:17,221: master.is_running[http://erle-brain-2:11311/]
[roslaunch][INFO] 2015-10-27 16:36:17,336: master.is_running[http://erle-brain-2:11311/]
[roslaunch][INFO] 2015-10-27 16:36:17,439: master.is_running[http://erle-brain-2:11311/]
[roslaunch][INFO] 2015-10-27 16:36:17,451: master.is_running[http://erle-brain-2:11311/]
[roslaunch][INFO] 2015-10-27 16:36:17,459: ROS_MASTER_URI=http://erle-brain-2:11311/
[roslaunch][INFO] 2015-10-27 16:36:17,468: setting /run_id to d77d1faa-7cc8-11e5-8e1c-b827eb22b675
[roslaunch][INFO] 2015-10-27 16:36:17,479: setting /roslaunch/uris/host_erle_brain_2__54531' to http://erle-brain-2:54531/
[roslaunch][INFO] 2015-10-27 16:36:17,497: ... preparing to launch node of type [rosout/rosout]
[roslaunch][INFO] 2015-10-27 16:36:17,498: create_node_process: package[rosout] type[rosout] machine[Machine(name[] env_loader[None] address[localhost] ssh_port[22] user[None] assignable[True] timeout[10.0])] master_uri[http://erle-brain-2:11311/]
[roslaunch][INFO] 2015-10-27 16:36:17,499: process[rosout-1]: env[{'ROS_DISTRO': 'indigo', 'SSH_CLIENT': '192.168.1.39 52901 22', 'CPATH': '/home/erle/ros_catkin_ws/install_isolated/include', 'LOGNAME': 'erle', 'USER': 'erle', 'HOME': '/home/erle', 'PATH': '/home/erle/ros_catkin_ws/install_isolated/bin:/usr/local/sbin:/usr/local/bin:/usr/sbin:/usr/bin:/sbin:/bin:/usr/local/games:/usr/games', 'CMAKE_PREFIX_PATH': '/home/erle/ros_catkin_ws/install_isolated', 'ROS_LOG_FILENAME': '/home/erle/.ros/log/d77d1faa-7cc8-11e5-8e1c-b827eb22b675/roslaunch-erle-brain-2-22240.log', 'LANG': 'en_GB.UTF-8', 'TERM': 'xterm-color', 'SHELL': '/bin/bash', 'SHLVL': '1', 'LD_LIBRARY_PATH': '/home/erle/ros_catkin_ws/install_isolated/lib:/home/erle/ros_catkin_ws/install_isolated/lib/arm-linux-gnueabihf', 'ROS_MASTER_URI': 'http://erle-brain-2:11311/', 'XDG_RUNTIME_DIR': '/run/user/1001', 'PYTHONPATH': '/home/erle/ros_catkin_ws/install_isolated/lib/python2.7/dist-packages', 'ROS_ROOT': '/home/erle/ros_catkin_ws/install_isolated/share/ros', 'PKG_CONFIG_PATH': '/home/erle/ros_catkin_ws/install_isolated/lib/pkgconfig:/home/erle/ros_catkin_ws/install_isolated/lib/arm-linux-gnueabihf/pkgconfig', 'ROS_PACKAGE_PATH': '/home/erle/ros_catkin_ws/install_isolated/share:/home/erle/ros_catkin_ws/install_isolated/stacks', 'XDG_SESSION_ID': 'c3', '_': '/home/erle/ros_catkin_ws/install_isolated/bin/roscore', 'LS_COLORS': 'rs=0:di=01;34:ln=01;36:mh=00:pi=40;33:so=01;35:do=01;35:bd=40;33;01:cd=40;33;01:or=40;31;01:su=37;41:sg=30;43:ca=30;41:tw=30;42:ow=34;42:st=37;44:ex=01;32:*.tar=01;31:*.tgz=01;31:*.arc=01;31:*.arj=01;31:*.taz=01;31:*.lha=01;31:*.lz4=01;31:*.lzh=01;31:*.lzma=01;31:*.tlz=01;31:*.txz=01;31:*.tzo=01;31:*.t7z=01;31:*.zip=01;31:*.z=01;31:*.Z=01;31:*.dz=01;31:*.gz=01;31:*.lrz=01;31:*.lz=01;31:*.lzo=01;31:*.xz=01;31:*.bz2=01;31:*.bz=01;31:*.tbz=01;31:*.tbz2=01;31:*.tz=01;31:*.deb=01;31:*.rpm=01;31:*.jar=01;31:*.war=01;31:*.ear=01;31:*.sar=01;31:*.rar=01;31:*.alz=01;31:*.ace=01;31:*.zoo=01;31:*.cpio=01;31:*.7z=01;31:*.rz=01;31:*.cab=01;31:*.jpg=01;35:*.jpeg=01;35:*.gif=01;35:*.bmp=01;35:*.pbm=01;35:*.pgm=01;35:*.ppm=01;35:*.tga=01;35:*.xbm=01;35:*.xpm=01;35:*.tif=01;35:*.tiff=01;35:*.png=01;35:*.svg=01;35:*.svgz=01;35:*.mng=01;35:*.pcx=01;35:*.mov=01;35:*.mpg=01;35:*.mpeg=01;35:*.m2v=01;35:*.mkv=01;35:*.webm=01;35:*.ogm=01;35:*.mp4=01;35:*.m4v=01;35:*.mp4v=01;35:*.vob=01;35:*.qt=01;35:*.nuv=01;35:*.wmv=01;35:*.asf=01;35:*.rm=01;35:*.rmvb=01;35:*.flc=01;35:*.avi=01;35:*.fli=01;35:*.flv=01;35:*.gl=01;35:*.dl=01;35:*.xcf=01;35:*.xwd=01;35:*.yuv=01;35:*.cgm=01;35:*.emf=01;35:*.axv=01;35:*.anx=01;35:*.ogv=01;35:*.ogx=01;35:*.aac=00;36:*.au=00;36:*.flac=00;36:*.m4a=00;36:*.mid=00;36:*.midi=00;36:*.mka=00;36:*.mp3=00;36:*.mpc=00;36:*.ogg=00;36:*.ra=00;36:*.wav=00;36:*.axa=00;36:*.oga=00;36:*.spx=00;36:*.xspf=00;36:', 'SSH_TTY': '/dev/pts/0', 'OLDPWD': '/', 'ROSLISP_PACKAGE_DIRECTORIES': '', 'PWD': '/home/erle', 'ROS_ETC_DIR': '/home/erle/ros_catkin_ws/install_isolated/etc/ros', 'MAIL': '/var/mail/erle', 'SSH_CONNECTION': '192.168.1.39 52901 192.168.1.54 22'}]
[roslaunch][INFO] 2015-10-27 16:36:17,590: process[rosout-1]: args[[u'/home/erle/ros_catkin_ws/install_isolated/lib/rosout/rosout', u'__name:=rosout']]
[roslaunch][INFO] 2015-10-27 16:36:17,591: ... created process [rosout-1]
[roslaunch.pmon][INFO] 2015-10-27 16:36:17,593: ProcessMonitor.register[rosout-1]
[roslaunch.pmon][INFO] 2015-10-27 16:36:17,593: ProcessMonitor.register[rosout-1] complete
[roslaunch][INFO] 2015-10-27 16:36:17,594: ... registered process [rosout-1]
[roslaunch][INFO] 2015-10-27 16:36:17,595: process[rosout-1]: starting os process
[roslaunch][INFO] 2015-10-27 16:36:17,597: process[rosout-1]: start w/ args [[u'/home/erle/ros_catkin_ws/install_isolated/lib/rosout/rosout', u'__name:=rosout', u'__log:=/home/erle/.ros/log/d77d1faa-7cc8-11e5-8e1c-b827eb22b675/rosout-1.log']]
[roslaunch][INFO] 2015-10-27 16:36:17,597: process[rosout-1]: cwd will be [/home/erle/.ros]
[roslaunch][INFO] 2015-10-27 16:36:17,658: process[rosout-1]: started with pid [22264]
[roslaunch][INFO] 2015-10-27 16:36:17,660: ... successfully launched [rosout-1]
[roslaunch][INFO] 2015-10-27 16:36:17,661: load_parameters starting ...
[roslaunch][INFO] 2015-10-27 16:36:17,684: ... load_parameters complete
[roslaunch][INFO] 2015-10-27 16:36:17,686: launch_nodes: launching local nodes ...
[roslaunch][INFO] 2015-10-27 16:36:17,686: ... launch_nodes complete
[roslaunch.pmon][INFO] 2015-10-27 16:36:17,687: registrations completed <ProcessMonitor(ProcessMonitor-1, started daemon 1982325856)>
[roslaunch.parent][INFO] 2015-10-27 16:36:17,688: ... roslaunch parent running, waiting for process exit
[roslaunch][INFO] 2015-10-27 16:36:17,689: spin
[roslaunch][ERROR] 2015-10-27 16:36:17,696: [rosout-1] process has died [pid 22264, exit code 127, cmd /home/erle/ros_catkin_ws/install_isolated/lib/rosout/rosout __name:=rosout __log:=/home/erle/.ros/log/d77d1faa-7cc8-11e5-8e1c-b827eb22b675/rosout-1.log].
log file: /home/erle/.ros/log/d77d1faa-7cc8-11e5-8e1c-b827eb22b675/rosout-1*.log
[roslaunch][INFO] 2015-10-27 16:36:17,697: [rosout-1] restarting process
[roslaunch][INFO] 2015-10-27 16:36:17,698: process[rosout-1]: restarting os process
[roslaunch][INFO] 2015-10-27 16:36:17,700: process[rosout-1]: start w/ args [[u'/home/erle/ros_catkin_ws/install_isolated/lib/rosout/rosout', u'__name:=rosout', u'__log:=/home/erle/.ros/log/d77d1faa-7cc8-11e5-8e1c-b827eb22b675/rosout-1.log']]
[roslaunch][INFO] 2015-10-27 16:36:17,701: process[rosout-1]: cwd will be [/home/erle/.ros]
[roslaunch][INFO] 2015-10-27 16:36:17,762: process[rosout-1]: started with pid [22267]
[roslaunch][ERROR] 2015-10-27 16:36:17,865: [rosout-1] process has died [pid 22267, exit code 127, cmd /home/erle/ros_catkin_ws/install_isolated/lib/rosout/rosout __name:=rosout __log:=/home/erle/.ros/log/d77d1faa-7cc8-11e5-8e1c-b827eb22b675/rosout-1.log].
log file: /home/erle/.ros/log/d77d1faa-7cc8-11e5-8e1c-b827eb22b675/rosout-1*.log
[roslaunch][INFO] 2015-10-27 16:36:17,866: [rosout-1] restarting process
[roslaunch][INFO] 2015-10-27 16:36:17,867: process[rosout-1]: restarting os process
[roslaunch][INFO] 2015-10-27 16:36:17,869: process[rosout-1]: start w/ args [[u'/home/erle/ros_catkin_ws/install_isolated/lib/rosout/rosout', u'__name:=rosout', u'__log:=/home/erle/.ros/log/d77d1faa-7cc8-11e5-8e1c-b827eb22b675/rosout-1.log']]
[roslaunch][INFO] 2015-10-27 16:36:17,870: process[rosout-1]: cwd will be [/home/erle/.ros]
[roslaunch][INFO] 2015-10-27 16:36:17,931: process[rosout-1]: started with pid [22268]
[roslaunch][ERROR] 2015-10-27 16:36:18,033: [rosout-1] process has died [pid 22268, exit code 127, cmd /home/erle/ros_catkin_ws/install_isolated/lib/rosout/rosout __name:=rosout __log:=/home/erle/.ros/log/d77d1faa-7cc8-11e5-8e1c-b827eb22b675/rosout-1.log].
log file: /home/erle/.ros/log/d77d1faa-7cc8-11e5-8e1c-b827eb22b675/rosout-1*.log
[roslaunch][INFO] 2015-10-27 16:36:18,035: [rosout-1] restarting process
[roslaunch][INFO] 2015-10-27 16:36:18,036: process[rosout-1]: restarting os process
[roslaunch][INFO] 2015-10-27 16:36:18,038: process[rosout-1]: start w/ args [[u'/home/erle/ros_catkin_ws/install_isolated/lib/rosout/rosout', u'__name:=rosout', u'__log:=/home/erle/.ros/log/d77d1faa-7cc8-11e5-8e1c-b827eb22b675/rosout-1.log']]
[roslaunch][INFO] 2015-10-27 16:36:18,039: process[rosout-1]: cwd will be [/home/erle/.ros]
[roslaunch][INFO] 2015-10-27 16:36:18,099: process[rosout-1]: started with pid [22269]
[roslaunch][ERROR] 2015-10-27 16:36:18,202: [rosout-1] process has died [pid 22269, exit code 127, cmd /home/erle/ros_catkin_ws/install_isolated/lib/rosout/rosout __name:=rosout __log:=/home/erle/.ros/log/d77d1faa-7cc8-11e5-8e1c-b827eb22b675/rosout-1.log].
log file: /home/erle/.ros/log/d77d1faa-7cc8-11e5-8e1c-b827eb22b675/rosout-1*.log
[roslaunch][INFO] 2015-10-27 16:36:18,204: [rosout-1] restarting process
[roslaunch][INFO] 2015-10-27 16:36:18,205: process[rosout-1]: restarting os process
[roslaunch][INFO] 2015-10-27 16:36:18,206: process[rosout-1]: start w/ args [[u'/home/erle/ros_catkin_ws/install_isolated/lib/rosout/rosout', u'__name:=rosout', u'__log:=/home/erle/.ros/log/d77d1faa-7cc8-11e5-8e1c-b827eb22b675/rosout-1.log']]
[roslaunch][INFO] 2015-10-27 16:36:18,207: process[rosout-1]: cwd will be [/home/erle/.ros]
[roslaunch][INFO] 2015-10-27 16:36:18,268: process[rosout-1]: started with pid [22270]
[roslaunch][ERROR] 2015-10-27 16:36:18,370: [rosout-1] process has died [pid 22270, exit code 127, cmd /home/erle/ros_catkin_ws/install_isolated/lib/rosout/rosout __name:=rosout __log:=/home/erle/.ros/log/d77d1faa-7cc8-11e5-8e1c-b827eb22b675/rosout-1.log].
log file: /home/erle/.ros/log/d77d1faa-7cc8-11e5-8e1c-b827eb22b675/rosout-1*.log
[roslaunch][INFO] 2015-10-27 16:36:18,372: [rosout-1] restarting process
[roslaunch][INFO] 2015-10-27 16:36:18,373: process[rosout-1]: restarting os process
[roslaunch][INFO] 2015-10-27 16:36:18,375: process[rosout-1]: start w/ args [[u'/home/erle/ros_catkin_ws/install_isolated/lib/rosout/rosout', u'__name:=rosout', u'__log:=/home/erle/.ros/log/d77d1faa-7cc8-11e5-8e1c-b827eb22b675/rosout-1.log']]
[roslaunch][INFO] 2015-10-27 16:36:18,376: process[rosout-1]: cwd will be [/home/erle/.ros]
[roslaunch][INFO] 2015-10-27 16:36:18,437: process[rosout-1]: started with pid [22271]
[roslaunch][ERROR] 2015-10-27 16:36:18,540: [rosout-1] process has died [pid 22271, exit code 127, cmd /home/erle/ros_catkin_ws/install_isolated/lib/rosout/rosout __name:=rosout __log:=/home/erle/.ros/log/d77d1faa-7cc8-11e5-8e1c-b827eb22b675/rosout-1.log].
log file: /home/erle/.ros/log/d77d1faa-7cc8-11e5-8e1c-b827eb22b675/rosout-1*.log
[roslaunch][INFO] 2015-10-27 16:36:18,541: [rosout-1] restarting process
[roslaunch][INFO] 2015-10-27 16:36:18,542: process[rosout-1]: restarting os process
[roslaunch][INFO] 2015-10-27 16:36:18,544: process[rosout-1]: start w/ args [[u'/home/erle/ros_catkin_ws/install_isolated/lib/rosout/rosout', u'__name:=rosout', u'__log:=/home/erle/.ros/log/d77d1faa-7cc8-11e5-8e1c-b827eb22b675/rosout-1.log']]
[roslaunch][INFO] 2015-10-27 16:36:18,545: process[rosout-1]: cwd will be [/home/erle/.ros]
[roslaunch][INFO] 2015-10-27 16:36:18,607: process[rosout-1]: started with pid [22272]
[roslaunch][ERROR] 2015-10-27 16:36:18,709: [rosout-1] process has died [pid 22272, exit code 127, cmd /home/erle/ros_catkin_ws/install_isolated/lib/rosout/rosout __name:=rosout __log:=/home/erle/.ros/log/d77d1faa-7cc8-11e5-8e1c-b827eb22b675/rosout-1.log].
log file: /home/erle/.ros/log/d77d1faa-7cc8-11e5-8e1c-b827eb22b675/rosout-1*.log
[roslaunch][INFO] 2015-10-27 16:36:18,711: [rosout-1] restarting process
[roslaunch][INFO] 2015-10-27 16:36:18,712: process[rosout-1]: restarting os process
[roslaunch][INFO] 2015-10-27 16:36:18,714: process[rosout-1]: start w/ args [[u'/home/erle/ros_catkin_ws/install_isolated/lib/rosout/rosout', u'__name:=rosout', u'__log:=/home/erle/.ros/log/d77d1faa-7cc8-11e5-8e1c-b827eb22b675/rosout-1.log']]
[roslaunch][INFO] 2015-10-27 16:36:18,715: process[rosout-1]: cwd will be [/home/erle/.ros]
[roslaunch][INFO] 2015-10-27 16:36:18,776: process[rosout-1]: started with pid [22273]
[roslaunch][ERROR] 2015-10-27 16:36:18,879: [rosout-1] process has died [pid 22273, exit code 127, cmd /home/erle/ros_catkin_ws/install_isolated/lib/rosout/rosout __name:=rosout __log:=/home/erle/.ros/log/d77d1faa-7cc8-11e5-8e1c-b827eb22b675/rosout-1.log].
log file: /home/erle/.ros/log/d77d1faa-7cc8-11e5-8e1c-b827eb22b675/rosout-1*.log
[roslaunch][INFO] 2015-10-27 16:36:18,880: [rosout-1] restarting process
[roslaunch][INFO] 2015-10-27 16:36:18,882: process[rosout-1]: restarting os process
[roslaunch][INFO] 2015-10-27 16:36:18,883: process[rosout-1]: start w/ args [[u'/home/erle/ros_catkin_ws/install_isolated/lib/rosout/rosout', u'__name:=rosout', u'__log:=/home/erle/.ros/log/d77d1faa-7cc8-11e5-8e1c-b827eb22b675/rosout-1.log']]
[roslaunch][INFO] 2015-10-27 16:36:18,884: process[rosout-1]: cwd will be [/home/erle/.ros]
[roslaunch][INFO] 2015-10-27 16:36:18,944: process[rosout-1]: started with pid [22274]
[roslaunch][ERROR] 2015-10-27 16:36:19,047: [rosout-1] process has died [pid 22274, exit code 127, cmd /home/erle/ros_catkin_ws/install_isolated/lib/rosout/rosout __name:=rosout __log:=/home/erle/.ros/log/d77d1faa-7cc8-11e5-8e1c-b827eb22b675/rosout-1.log].
log file: /home/erle/.ros/log/d77d1faa-7cc8-11e5-8e1c-b827eb22b675/rosout-1*.log
[roslaunch][INFO] 2015-10-27 16:36:19,049: [rosout-1] restarting process
[roslaunch][INFO] 2015-10-27 16:36:19,050: process[rosout-1]: restarting os process
[roslaunch][INFO] 2015-10-27 16:36:19,052: process[rosout-1]: start w/ args [[u'/home/erle/ros_catkin_ws/install_isolated/lib/rosout/rosout', u'__name:=rosout', u'__log:=/home/erle/.ros/log/d77d1faa-7cc8-11e5-8e1c-b827eb22b675/rosout-1.log']]
[roslaunch][INFO] 2015-10-27 16:36:19,052: process[rosout-1]: cwd will be [/home/erle/.ros]
[roslaunch][INFO] 2015-10-27 16:36:19,113: process[rosout-1]: started with pid [22275]
[roslaunch][ERROR] 2015-10-27 16:36:19,216: [rosout-1] process has died [pid 22275, exit code 127, cmd /home/erle/ros_catkin_ws/install_isolated/lib/rosout/rosout __name:=rosout __log:=/home/erle/.ros/log/d77d1faa-7cc8-11e5-8e1c-b827eb22b675/rosout-1.log].
log file: /home/erle/.ros/log/d77d1faa-7cc8-11e5-8e1c-b827eb22b675/rosout-1*.log
[roslaunch][INFO] 2015-10-27 16:36:19,217: [rosout-1] restarting process
[roslaunch][INFO] 2015-10-27 16:36:19,218: process[rosout-1]: restarting os process
[roslaunch][INFO] 2015-10-27 16:36:19,220: process[rosout-1]: start w/ args [[u'/home/erle/ros_catkin_ws/install_isolated/lib/rosout/rosout', u'__name:=rosout', u'__log:=/home/erle/.ros/log/d77d1faa-7cc8-11e5-8e1c-b827eb22b675/rosout-1.log']]
[roslaunch][INFO] 2015-10-27 16:36:19,221: process[rosout-1]: cwd will be [/home/erle/.ros]
[roslaunch][INFO] 2015-10-27 16:36:19,282: process[rosout-1]: started with pid [22276]
[roslaunch][ERROR] 2015-10-27 16:36:19,385: [rosout-1] process has died [pid 22276, exit code 127, cmd /home/erle/ros_catkin_ws/install_isolated/lib/rosout/rosout __name:=rosout __log:=/home/erle/.ros/log/d77d1faa-7cc8-11e5-8e1c-b827eb22b675/rosout-1.log].
log file: /home/erle/.ros/log/d77d1faa-7cc8-11e5-8e1c-b827eb22b675/rosout-1*.log
[roslaunch][INFO] 2015-10-27 16:36:19,386: [rosout-1] restarting process
[roslaunch][INFO] 2015-10-27 16:36:19,387: process[rosout-1]: restarting os process
[roslaunch][INFO] 2015-10-27 16:36:19,389: process[rosout-1]: start w/ args [[u'/home/erle/ros_catkin_ws/install_isolated/lib/rosout/rosout', u'__name:=rosout', u'__log:=/home/erle/.ros/log/d77d1faa-7cc8-11e5-8e1c-b827eb22b675/rosout-1.log']]
[roslaunch][INFO] 2015-10-27 16:36:19,390: process[rosout-1]: cwd will be [/home/erle/.ros]
[roslaunch][INFO] 2015-10-27 16:36:19,450: process[rosout-1]: started with pid [22277]
[roslaunch][ERROR] 2015-10-27 16:36:19,553: [rosout-1] process has died [pid 22277, exit code 127, cmd /home/erle/ros_catkin_ws/install_isolated/lib/rosout/rosout __name:=rosout __log:=/home/erle/.ros/log/d77d1faa-7cc8-11e5-8e1c-b827eb22b675/rosout-1.log].
log file: /home/erle/.ros/log/d77d1faa-7cc8-11e5-8e1c-b827eb22b675/rosout-1*.log
[roslaunch][INFO] 2015-10-27 16:36:19,555: [rosout-1] restarting process
[roslaunch][INFO] 2015-10-27 16:36:19,556: process[rosout-1]: restarting os process
[roslaunch][INFO] 2015-10-27 16:36:19,558: process[rosout-1]: start w/ args [[u'/home/erle/ros_catkin_ws/install_isolated/lib/rosout/rosout', u'__name:=rosout', u'__log:=/home/erle/.ros/log/d77d1faa-7cc8-11e5-8e1c-b827eb22b675/rosout-1.log']]
[roslaunch][INFO] 2015-10-27 16:36:19,558: process[rosout-1]: cwd will be [/home/erle/.ros]
[roslaunch][INFO] 2015-10-27 16:36:19,619: process[rosout-1]: started with pid [22278]
[roslaunch.pmon][INFO] 2015-10-27 16:36:19,638: ProcessMonitor.shutdown <ProcessMonitor(ProcessMonitor-1, started daemon 1982325856)>
[roslaunch.pmon][INFO] 2015-10-27 16:36:19,721: ProcessMonitor._post_run <ProcessMonitor(ProcessMonitor-1, started daemon 1982325856)>
[roslaunch.pmon][INFO] 2015-10-27 16:36:19,722: ProcessMonitor._post_run <ProcessMonitor(ProcessMonitor-1, started daemon 1982325856)>: remaining procs are [<roslaunch.nodeprocess.LocalProcess object at 0x762a4cf0>, <roslaunch.nodeprocess.LocalProcess object at 0x762a4e10>]
[roslaunch.pmon][INFO] 2015-10-27 16:36:19,729: ProcessMonitor exit: killing rosout-1
[roslaunch][INFO] 2015-10-27 16:36:19,730: [rosout-1] killing on exit
[roslaunch.pmon][INFO] 2015-10-27 16:36:19,731: ProcessMonitor exit: killing master
[roslaunch][INFO] 2015-10-27 16:36:19,732: [master] killing on exit
[roslaunch][INFO] 2015-10-27 16:36:19,733: process[master]: killing os process with pid[22251] pgid[22251]
[roslaunch][INFO] 2015-10-27 16:36:19,734: [master] sending SIGINT to pgid [22251]
[roslaunch][INFO] 2015-10-27 16:36:19,738: [master] sent SIGINT to pgid [22251]
[roslaunch][INFO] 2015-10-27 16:36:19,951: process[master]: SIGINT killed with return value 0
[roslaunch.pmon][INFO] 2015-10-27 16:36:19,953: ProcessMonitor exit: cleaning up data structures and signals
[roslaunch.pmon][INFO] 2015-10-27 16:36:19,953: ProcessMonitor exit: pmon has shutdown
[roslaunch][INFO] 2015-10-27 16:36:20,004: process monitor is done spinning, initiating full shutdown
[roslaunch][INFO] 2015-10-27 16:36:20,005: runner.stop()
[roslaunch][INFO] 2015-10-27 16:36:20,006: shutting down processing monitor...
[roslaunch][INFO] 2015-10-27 16:36:20,006: shutting down processing monitor <ProcessMonitor(ProcessMonitor-1, stopped daemon 1982325856)>
[roslaunch.pmon][INFO] 2015-10-27 16:36:20,007: ProcessMonitor.shutdown <ProcessMonitor(ProcessMonitor-1, stopped daemon 1982325856)>
[roslaunch][INFO] 2015-10-27 16:36:20,008: ... shutting down processing monitor complete
[roslaunch][INFO] 2015-10-27 16:36:20,008: done
[roslaunch.pmon][INFO] 2015-10-27 16:36:20,010: ProcessMonitor.shutdown <ProcessMonitor(ProcessMonitor-1, stopped daemon 1982325856)>
[rospy.core][INFO] 2015-10-27 16:36:20,011: signal_shutdown [atexit]
