[roslaunch][INFO] 2015-10-27 16:56:41,119: Checking log directory for disk usage. This may take awhile.
Press Ctrl-C to interrupt
[roslaunch][INFO] 2015-10-27 16:56:41,150: Done checking log file disk usage. Usage is <1GB.
[roslaunch][INFO] 2015-10-27 16:56:41,151: roslaunch starting with args ['roscore', '--core']
[roslaunch][INFO] 2015-10-27 16:56:41,153: roslaunch env is {'ROS_DISTRO': 'indigo', 'SSH_CLIENT': '192.168.1.39 52901 22', 'CPATH': '/home/erle/ros_catkin_ws/install_isolated/include', 'LOGNAME': 'erle', 'USER': 'erle', 'HOME': '/home/erle', 'PATH': '/home/erle/ros_catkin_ws/install_isolated/bin:/usr/local/sbin:/usr/local/bin:/usr/sbin:/usr/bin:/sbin:/bin:/usr/local/games:/usr/games', 'CMAKE_PREFIX_PATH': '/home/erle/ros_catkin_ws/install_isolated', 'LD_LIBRARY_PATH': '/home/erle/ros_catkin_ws/install_isolated/lib/arm-linux-gnueabihf:/home/erle/ros_catkin_ws/install_isolated/lib', 'LANG': 'en_GB.UTF-8', 'TERM': 'xterm-color', 'SHELL': '/bin/bash', 'SHLVL': '1', 'ROS_LOG_FILENAME': '/home/erle/.ros/log/b1a4ef3a-7ccb-11e5-aa47-b827eb22b675/roslaunch-erle-brain-2-31110.log', 'ROS_ETC_DIR': '/home/erle/ros_catkin_ws/install_isolated/etc/ros', 'XDG_RUNTIME_DIR': '/run/user/1001', 'PYTHONPATH': '/home/erle/ros_catkin_ws/install_isolated/lib/python2.7/dist-packages', 'ROS_ROOT': '/home/erle/ros_catkin_ws/install_isolated/share/ros', 'PKG_CONFIG_PATH': '/home/erle/ros_catkin_ws/install_isolated/lib/arm-linux-gnueabihf/pkgconfig:/home/erle/ros_catkin_ws/install_isolated/lib/pkgconfig', 'ROS_PACKAGE_PATH': '/home/erle/ros_catkin_ws/install_isolated/share:/home/erle/ros_catkin_ws/install_isolated/stacks', 'XDG_SESSION_ID': 'c3', '_': '/home/erle/ros_catkin_ws/install_isolated/bin/roscore', 'SSH_CONNECTION': '192.168.1.39 52901 192.168.1.54 22', 'SSH_TTY': '/dev/pts/0', 'OLDPWD': '/', 'ROSLISP_PACKAGE_DIRECTORIES': '', 'PWD': '/home/erle', 'ROS_MASTER_URI': 'http://localhost:11311', 'MAIL': '/var/mail/erle', 'LS_COLORS': 'rs=0:di=01;34:ln=01;36:mh=00:pi=40;33:so=01;35:do=01;35:bd=40;33;01:cd=40;33;01:or=40;31;01:su=37;41:sg=30;43:ca=30;41:tw=30;42:ow=34;42:st=37;44:ex=01;32:*.tar=01;31:*.tgz=01;31:*.arc=01;31:*.arj=01;31:*.taz=01;31:*.lha=01;31:*.lz4=01;31:*.lzh=01;31:*.lzma=01;31:*.tlz=01;31:*.txz=01;31:*.tzo=01;31:*.t7z=01;31:*.zip=01;31:*.z=01;31:*.Z=01;31:*.dz=01;31:*.gz=01;31:*.lrz=01;31:*.lz=01;31:*.lzo=01;31:*.xz=01;31:*.bz2=01;31:*.bz=01;31:*.tbz=01;31:*.tbz2=01;31:*.tz=01;31:*.deb=01;31:*.rpm=01;31:*.jar=01;31:*.war=01;31:*.ear=01;31:*.sar=01;31:*.rar=01;31:*.alz=01;31:*.ace=01;31:*.zoo=01;31:*.cpio=01;31:*.7z=01;31:*.rz=01;31:*.cab=01;31:*.jpg=01;35:*.jpeg=01;35:*.gif=01;35:*.bmp=01;35:*.pbm=01;35:*.pgm=01;35:*.ppm=01;35:*.tga=01;35:*.xbm=01;35:*.xpm=01;35:*.tif=01;35:*.tiff=01;35:*.png=01;35:*.svg=01;35:*.svgz=01;35:*.mng=01;35:*.pcx=01;35:*.mov=01;35:*.mpg=01;35:*.mpeg=01;35:*.m2v=01;35:*.mkv=01;35:*.webm=01;35:*.ogm=01;35:*.mp4=01;35:*.m4v=01;35:*.mp4v=01;35:*.vob=01;35:*.qt=01;35:*.nuv=01;35:*.wmv=01;35:*.asf=01;35:*.rm=01;35:*.rmvb=01;35:*.flc=01;35:*.avi=01;35:*.fli=01;35:*.flv=01;35:*.gl=01;35:*.dl=01;35:*.xcf=01;35:*.xwd=01;35:*.yuv=01;35:*.cgm=01;35:*.emf=01;35:*.axv=01;35:*.anx=01;35:*.ogv=01;35:*.ogx=01;35:*.aac=00;36:*.au=00;36:*.flac=00;36:*.m4a=00;36:*.mid=00;36:*.midi=00;36:*.mka=00;36:*.mp3=00;36:*.mpc=00;36:*.ogg=00;36:*.ra=00;36:*.wav=00;36:*.axa=00;36:*.oga=00;36:*.spx=00;36:*.xspf=00;36:'}
[roslaunch][INFO] 2015-10-27 16:56:41,153: starting in server mode
[roslaunch.parent][INFO] 2015-10-27 16:56:41,155: starting roslaunch parent run
[roslaunch][INFO] 2015-10-27 16:56:41,157: loading roscore config file /home/erle/ros_catkin_ws/install_isolated/etc/ros/roscore.xml
[roslaunch][INFO] 2015-10-27 16:56:41,686: Added core node of type [rosout/rosout] in namespace [/]
[roslaunch.pmon][INFO] 2015-10-27 16:56:41,688: start_process_monitor: creating ProcessMonitor
[roslaunch.pmon][INFO] 2015-10-27 16:56:41,689: created process monitor <ProcessMonitor(ProcessMonitor-1, initial daemon)>
[roslaunch.pmon][INFO] 2015-10-27 16:56:41,690: start_process_monitor: ProcessMonitor started
[roslaunch.parent][INFO] 2015-10-27 16:56:41,691: starting parent XML-RPC server
[roslaunch.server][INFO] 2015-10-27 16:56:41,693: starting roslaunch XML-RPC server
[roslaunch.server][INFO] 2015-10-27 16:56:41,693: waiting for roslaunch XML-RPC server to initialize
[xmlrpc][INFO] 2015-10-27 16:56:41,694: XML-RPC server binding to 0.0.0.0:0
[xmlrpc][INFO] 2015-10-27 16:56:41,697: Started XML-RPC server [http://erle-brain-2:54157/]
[xmlrpc][INFO] 2015-10-27 16:56:41,698: xml rpc node: starting XML-RPC server
[roslaunch][INFO] 2015-10-27 16:56:41,715: started roslaunch server http://erle-brain-2:54157/
[roslaunch.parent][INFO] 2015-10-27 16:56:41,717: ... parent XML-RPC server started
[roslaunch][INFO] 2015-10-27 16:56:41,718: master.is_running[http://erle-brain-2:11311/]
[roslaunch][INFO] 2015-10-27 16:56:41,727: auto-starting new master
[roslaunch][INFO] 2015-10-27 16:56:41,728: create_master_process: rosmaster, /home/erle/ros_catkin_ws/install_isolated/share/ros, 11311
[roslaunch][INFO] 2015-10-27 16:56:41,729: process[master]: launching with args [['rosmaster', '--core', '-p', '11311']]
[roslaunch.pmon][INFO] 2015-10-27 16:56:41,730: ProcessMonitor.register[master]
[roslaunch.pmon][INFO] 2015-10-27 16:56:41,730: ProcessMonitor.register[master] complete
[roslaunch][INFO] 2015-10-27 16:56:41,731: process[master]: starting os process
[roslaunch][INFO] 2015-10-27 16:56:41,732: process[master]: start w/ args [['rosmaster', '--core', '-p', '11311', '__log:=/home/erle/.ros/log/b1a4ef3a-7ccb-11e5-aa47-b827eb22b675/master.log']]
[roslaunch][INFO] 2015-10-27 16:56:41,733: process[master]: cwd will be [/home/erle/.ros]
[roslaunch][INFO] 2015-10-27 16:56:41,793: process[master]: started with pid [31122]
[roslaunch][INFO] 2015-10-27 16:56:41,794: master.is_running[http://erle-brain-2:11311/]
[roslaunch][INFO] 2015-10-27 16:56:41,899: master.is_running[http://erle-brain-2:11311/]
[roslaunch][INFO] 2015-10-27 16:56:42,002: master.is_running[http://erle-brain-2:11311/]
[roslaunch][INFO] 2015-10-27 16:56:42,106: master.is_running[http://erle-brain-2:11311/]
[roslaunch][INFO] 2015-10-27 16:56:42,209: master.is_running[http://erle-brain-2:11311/]
[roslaunch][INFO] 2015-10-27 16:56:42,312: master.is_running[http://erle-brain-2:11311/]
[roslaunch][INFO] 2015-10-27 16:56:42,416: master.is_running[http://erle-brain-2:11311/]
[roslaunch][INFO] 2015-10-27 16:56:42,519: master.is_running[http://erle-brain-2:11311/]
[roslaunch][INFO] 2015-10-27 16:56:42,623: master.is_running[http://erle-brain-2:11311/]
[roslaunch][INFO] 2015-10-27 16:56:42,727: master.is_running[http://erle-brain-2:11311/]
[roslaunch][INFO] 2015-10-27 16:56:42,831: master.is_running[http://erle-brain-2:11311/]
[roslaunch][INFO] 2015-10-27 16:56:42,845: master.is_running[http://erle-brain-2:11311/]
[roslaunch][INFO] 2015-10-27 16:56:42,855: ROS_MASTER_URI=http://erle-brain-2:11311/
[roslaunch][INFO] 2015-10-27 16:56:42,865: setting /run_id to b1a4ef3a-7ccb-11e5-aa47-b827eb22b675
[roslaunch][INFO] 2015-10-27 16:56:42,875: setting /roslaunch/uris/host_erle_brain_2__54157' to http://erle-brain-2:54157/
[roslaunch][INFO] 2015-10-27 16:56:42,894: ... preparing to launch node of type [rosout/rosout]
[roslaunch][INFO] 2015-10-27 16:56:42,895: create_node_process: package[rosout] type[rosout] machine[Machine(name[] env_loader[None] address[localhost] ssh_port[22] user[None] assignable[True] timeout[10.0])] master_uri[http://erle-brain-2:11311/]
[roslaunch][INFO] 2015-10-27 16:56:42,896: process[rosout-1]: env[{'ROS_DISTRO': 'indigo', 'SSH_CLIENT': '192.168.1.39 52901 22', 'CPATH': '/home/erle/ros_catkin_ws/install_isolated/include', 'LOGNAME': 'erle', 'USER': 'erle', 'HOME': '/home/erle', 'PATH': '/home/erle/ros_catkin_ws/install_isolated/bin:/usr/local/sbin:/usr/local/bin:/usr/sbin:/usr/bin:/sbin:/bin:/usr/local/games:/usr/games', 'CMAKE_PREFIX_PATH': '/home/erle/ros_catkin_ws/install_isolated', 'ROS_LOG_FILENAME': '/home/erle/.ros/log/b1a4ef3a-7ccb-11e5-aa47-b827eb22b675/roslaunch-erle-brain-2-31110.log', 'LANG': 'en_GB.UTF-8', 'TERM': 'xterm-color', 'SHELL': '/bin/bash', 'SHLVL': '1', 'LD_LIBRARY_PATH': '/home/erle/ros_catkin_ws/install_isolated/lib/arm-linux-gnueabihf:/home/erle/ros_catkin_ws/install_isolated/lib', 'ROS_MASTER_URI': 'http://erle-brain-2:11311/', 'XDG_RUNTIME_DIR': '/run/user/1001', 'PYTHONPATH': '/home/erle/ros_catkin_ws/install_isolated/lib/python2.7/dist-packages', 'ROS_ROOT': '/home/erle/ros_catkin_ws/install_isolated/share/ros', 'PKG_CONFIG_PATH': '/home/erle/ros_catkin_ws/install_isolated/lib/arm-linux-gnueabihf/pkgconfig:/home/erle/ros_catkin_ws/install_isolated/lib/pkgconfig', 'ROS_PACKAGE_PATH': '/home/erle/ros_catkin_ws/install_isolated/share:/home/erle/ros_catkin_ws/install_isolated/stacks', 'XDG_SESSION_ID': 'c3', '_': '/home/erle/ros_catkin_ws/install_isolated/bin/roscore', 'LS_COLORS': 'rs=0:di=01;34:ln=01;36:mh=00:pi=40;33:so=01;35:do=01;35:bd=40;33;01:cd=40;33;01:or=40;31;01:su=37;41:sg=30;43:ca=30;41:tw=30;42:ow=34;42:st=37;44:ex=01;32:*.tar=01;31:*.tgz=01;31:*.arc=01;31:*.arj=01;31:*.taz=01;31:*.lha=01;31:*.lz4=01;31:*.lzh=01;31:*.lzma=01;31:*.tlz=01;31:*.txz=01;31:*.tzo=01;31:*.t7z=01;31:*.zip=01;31:*.z=01;31:*.Z=01;31:*.dz=01;31:*.gz=01;31:*.lrz=01;31:*.lz=01;31:*.lzo=01;31:*.xz=01;31:*.bz2=01;31:*.bz=01;31:*.tbz=01;31:*.tbz2=01;31:*.tz=01;31:*.deb=01;31:*.rpm=01;31:*.jar=01;31:*.war=01;31:*.ear=01;31:*.sar=01;31:*.rar=01;31:*.alz=01;31:*.ace=01;31:*.zoo=01;31:*.cpio=01;31:*.7z=01;31:*.rz=01;31:*.cab=01;31:*.jpg=01;35:*.jpeg=01;35:*.gif=01;35:*.bmp=01;35:*.pbm=01;35:*.pgm=01;35:*.ppm=01;35:*.tga=01;35:*.xbm=01;35:*.xpm=01;35:*.tif=01;35:*.tiff=01;35:*.png=01;35:*.svg=01;35:*.svgz=01;35:*.mng=01;35:*.pcx=01;35:*.mov=01;35:*.mpg=01;35:*.mpeg=01;35:*.m2v=01;35:*.mkv=01;35:*.webm=01;35:*.ogm=01;35:*.mp4=01;35:*.m4v=01;35:*.mp4v=01;35:*.vob=01;35:*.qt=01;35:*.nuv=01;35:*.wmv=01;35:*.asf=01;35:*.rm=01;35:*.rmvb=01;35:*.flc=01;35:*.avi=01;35:*.fli=01;35:*.flv=01;35:*.gl=01;35:*.dl=01;35:*.xcf=01;35:*.xwd=01;35:*.yuv=01;35:*.cgm=01;35:*.emf=01;35:*.axv=01;35:*.anx=01;35:*.ogv=01;35:*.ogx=01;35:*.aac=00;36:*.au=00;36:*.flac=00;36:*.m4a=00;36:*.mid=00;36:*.midi=00;36:*.mka=00;36:*.mp3=00;36:*.mpc=00;36:*.ogg=00;36:*.ra=00;36:*.wav=00;36:*.axa=00;36:*.oga=00;36:*.spx=00;36:*.xspf=00;36:', 'SSH_TTY': '/dev/pts/0', 'OLDPWD': '/', 'ROSLISP_PACKAGE_DIRECTORIES': '', 'PWD': '/home/erle', 'ROS_ETC_DIR': '/home/erle/ros_catkin_ws/install_isolated/etc/ros', 'MAIL': '/var/mail/erle', 'SSH_CONNECTION': '192.168.1.39 52901 192.168.1.54 22'}]
[roslaunch][INFO] 2015-10-27 16:56:42,980: process[rosout-1]: args[[u'/home/erle/ros_catkin_ws/install_isolated/lib/rosout/rosout', u'__name:=rosout']]
[roslaunch][INFO] 2015-10-27 16:56:42,981: ... created process [rosout-1]
[roslaunch.pmon][INFO] 2015-10-27 16:56:42,983: ProcessMonitor.register[rosout-1]
[roslaunch.pmon][INFO] 2015-10-27 16:56:42,983: ProcessMonitor.register[rosout-1] complete
[roslaunch][INFO] 2015-10-27 16:56:42,984: ... registered process [rosout-1]
[roslaunch][INFO] 2015-10-27 16:56:42,985: process[rosout-1]: starting os process
[roslaunch][INFO] 2015-10-27 16:56:42,986: process[rosout-1]: start w/ args [[u'/home/erle/ros_catkin_ws/install_isolated/lib/rosout/rosout', u'__name:=rosout', u'__log:=/home/erle/.ros/log/b1a4ef3a-7ccb-11e5-aa47-b827eb22b675/rosout-1.log']]
[roslaunch][INFO] 2015-10-27 16:56:42,987: process[rosout-1]: cwd will be [/home/erle/.ros]
[roslaunch][INFO] 2015-10-27 16:56:43,047: process[rosout-1]: started with pid [31180]
[roslaunch][INFO] 2015-10-27 16:56:43,049: ... successfully launched [rosout-1]
[roslaunch][INFO] 2015-10-27 16:56:43,050: load_parameters starting ...
[roslaunch][INFO] 2015-10-27 16:56:43,076: ... load_parameters complete
[roslaunch][INFO] 2015-10-27 16:56:43,077: launch_nodes: launching local nodes ...
[roslaunch][INFO] 2015-10-27 16:56:43,077: ... launch_nodes complete
[roslaunch.pmon][INFO] 2015-10-27 16:56:43,078: registrations completed <ProcessMonitor(ProcessMonitor-1, started daemon 1981772896)>
[roslaunch.parent][INFO] 2015-10-27 16:56:43,079: ... roslaunch parent running, waiting for process exit
[roslaunch][INFO] 2015-10-27 16:56:43,080: spin
[roslaunch.pmon][INFO] 2015-10-27 16:58:42,250: ProcessMonitor.shutdown <ProcessMonitor(ProcessMonitor-1, started daemon 1981772896)>
[roslaunch.pmon][INFO] 2015-10-27 16:58:42,321: ProcessMonitor._post_run <ProcessMonitor(ProcessMonitor-1, started daemon 1981772896)>
[roslaunch.pmon][INFO] 2015-10-27 16:58:42,323: ProcessMonitor._post_run <ProcessMonitor(ProcessMonitor-1, started daemon 1981772896)>: remaining procs are [<roslaunch.nodeprocess.LocalProcess object at 0x76224ad0>, <roslaunch.nodeprocess.LocalProcess object at 0x76224a10>]
[roslaunch.pmon][INFO] 2015-10-27 16:58:42,334: ProcessMonitor exit: killing rosout-1
[roslaunch][INFO] 2015-10-27 16:58:42,336: [rosout-1] killing on exit
[roslaunch][INFO] 2015-10-27 16:58:42,337: process[rosout-1]: killing os process with pid[31180] pgid[31180]
[roslaunch][INFO] 2015-10-27 16:58:42,339: [rosout-1] sending SIGINT to pgid [31180]
[roslaunch][INFO] 2015-10-27 16:58:42,340: [rosout-1] sent SIGINT to pgid [31180]
[roslaunch][INFO] 2015-10-27 16:58:42,742: process[rosout-1]: SIGINT killed with return value 0
[roslaunch.pmon][INFO] 2015-10-27 16:58:42,743: ProcessMonitor exit: killing master
[roslaunch][INFO] 2015-10-27 16:58:42,744: [master] killing on exit
[roslaunch][INFO] 2015-10-27 16:58:42,745: process[master]: killing os process with pid[31122] pgid[31122]
[roslaunch][INFO] 2015-10-27 16:58:42,745: [master] sending SIGINT to pgid [31122]
[roslaunch][INFO] 2015-10-27 16:58:42,746: [master] sent SIGINT to pgid [31122]
[roslaunch][INFO] 2015-10-27 16:58:42,947: process[master]: SIGINT killed with return value 0
[roslaunch.pmon][INFO] 2015-10-27 16:58:42,948: ProcessMonitor exit: cleaning up data structures and signals
[roslaunch.pmon][INFO] 2015-10-27 16:58:42,949: ProcessMonitor exit: pmon has shutdown
[roslaunch][INFO] 2015-10-27 16:58:42,967: process monitor is done spinning, initiating full shutdown
[roslaunch][INFO] 2015-10-27 16:58:42,968: runner.stop()
[roslaunch][INFO] 2015-10-27 16:58:42,968: shutting down processing monitor...
[roslaunch][INFO] 2015-10-27 16:58:42,969: shutting down processing monitor <ProcessMonitor(ProcessMonitor-1, stopped daemon 1981772896)>
[roslaunch.pmon][INFO] 2015-10-27 16:58:42,970: ProcessMonitor.shutdown <ProcessMonitor(ProcessMonitor-1, stopped daemon 1981772896)>
[roslaunch][INFO] 2015-10-27 16:58:42,971: ... shutting down processing monitor complete
[roslaunch][INFO] 2015-10-27 16:58:42,971: done
[roslaunch.pmon][INFO] 2015-10-27 16:58:42,973: ProcessMonitor.shutdown <ProcessMonitor(ProcessMonitor-1, stopped daemon 1981772896)>
[rospy.core][INFO] 2015-10-27 16:58:42,974: signal_shutdown [atexit]
